#! /usr/bin/vvp
:ivl_version "0.9.7 " "(v0_9_7)";
:vpi_time_precision + 0;
:vpi_module "system";
:vpi_module "v2005_math";
:vpi_module "va_math";
S_0x13242d0 .scope module, "testbench" "testbench" 2 43;
 .timescale 0 0;
v0x137f4a0_0 .var "IP0", 0 0;
v0x137f5b0_0 .var "IP1", 0 0;
v0x137f630_0 .var "IP2", 0 0;
v0x137f6b0_0 .var "IP3", 0 0;
v0x137f7c0_0 .net "OP0", 0 0, L_0x137f410; 1 drivers
v0x137f840_0 .net "OP1", 0 0, L_0x13805a0; 1 drivers
v0x137f8c0_0 .net "OP2", 0 0, L_0x1380bd0; 1 drivers
v0x137f940_0 .net "OP3", 0 0, L_0x1381410; 1 drivers
v0x137f9c0_0 .var "SEL0", 0 0;
v0x137fa40_0 .var "SEL1", 0 0;
S_0x13243c0 .scope module, "f1" "shift" 2 49, 2 19, S_0x13242d0;
 .timescale 0 0;
v0x137ed40_0 .net "IP0", 0 0, v0x137f4a0_0; 1 drivers
v0x137ede0_0 .net "IP1", 0 0, v0x137f5b0_0; 1 drivers
v0x137eef0_0 .net "IP2", 0 0, v0x137f630_0; 1 drivers
v0x137f000_0 .net "IP3", 0 0, v0x137f6b0_0; 1 drivers
v0x137f080_0 .alias "OP0", 0 0, v0x137f7c0_0;
v0x137f100_0 .alias "OP1", 0 0, v0x137f840_0;
v0x137f180_0 .alias "OP2", 0 0, v0x137f8c0_0;
v0x137f200_0 .alias "OP3", 0 0, v0x137f940_0;
v0x137f280_0 .net "SEL0", 0 0, v0x137f9c0_0; 1 drivers
v0x137f390_0 .net "SEL1", 0 0, v0x137fa40_0; 1 drivers
S_0x137e3c0 .scope module, "m0" "MUX" 2 36, 2 1, S_0x13243c0;
 .timescale 0 0;
L_0x137fb20 .functor NOT 1, v0x137fa40_0, C4<0>, C4<0>, C4<0>;
L_0x137fb80 .functor NOT 1, v0x137f9c0_0, C4<0>, C4<0>, C4<0>;
L_0x137fbe0 .functor AND 1, v0x137f4a0_0, L_0x137fb20, L_0x137fb80, C4<1>;
L_0x137fc40 .functor AND 1, C4<1>, L_0x137fb20, v0x137f9c0_0, C4<1>;
L_0x137fcd0 .functor AND 1, v0x137f5b0_0, v0x137fa40_0, L_0x137fb80, C4<1>;
L_0x137fd90 .functor AND 1, v0x137f5b0_0, v0x137fa40_0, v0x137f9c0_0, C4<1>;
L_0x137f410 .functor OR 1, L_0x137fbe0, L_0x137fc40, L_0x137fcd0, L_0x137fd90;
v0x137e4b0_0 .alias "i0", 0 0, v0x137ed40_0;
v0x137e550_0 .net "i1", 0 0, C4<1>; 1 drivers
v0x137e5f0_0 .alias "i2", 0 0, v0x137ede0_0;
v0x137e6c0_0 .alias "i3", 0 0, v0x137ede0_0;
v0x137e740_0 .net "n_s0", 0 0, L_0x137fb80; 1 drivers
v0x137e7c0_0 .net "n_s1", 0 0, L_0x137fb20; 1 drivers
v0x137e860_0 .alias "out", 0 0, v0x137f7c0_0;
v0x137e900_0 .alias "s0", 0 0, v0x137f280_0;
v0x137e9d0_0 .alias "s1", 0 0, v0x137f390_0;
v0x137ea50_0 .net "t0", 0 0, L_0x137fbe0; 1 drivers
v0x137eaf0_0 .net "t1", 0 0, L_0x137fc40; 1 drivers
v0x137eb90_0 .net "t2", 0 0, L_0x137fcd0; 1 drivers
v0x137eca0_0 .net "t3", 0 0, L_0x137fd90; 1 drivers
S_0x137d9f0 .scope module, "m1" "MUX" 2 37, 2 1, S_0x13243c0;
 .timescale 0 0;
L_0x1380160 .functor NOT 1, v0x137fa40_0, C4<0>, C4<0>, C4<0>;
L_0x13801c0 .functor NOT 1, v0x137f9c0_0, C4<0>, C4<0>, C4<0>;
L_0x1380220 .functor AND 1, v0x137f5b0_0, L_0x1380160, L_0x13801c0, C4<1>;
L_0x13803e0 .functor AND 1, v0x137f4a0_0, L_0x1380160, v0x137f9c0_0, C4<1>;
L_0x1380440 .functor AND 1, v0x137f630_0, v0x137fa40_0, L_0x13801c0, C4<1>;
L_0x13804a0 .functor AND 1, v0x137f630_0, v0x137fa40_0, v0x137f9c0_0, C4<1>;
L_0x13805a0 .functor OR 1, L_0x1380220, L_0x13803e0, L_0x1380440, L_0x13804a0;
v0x137dae0_0 .alias "i0", 0 0, v0x137ede0_0;
v0x137dbb0_0 .alias "i1", 0 0, v0x137ed40_0;
v0x137dc60_0 .alias "i2", 0 0, v0x137eef0_0;
v0x137dce0_0 .alias "i3", 0 0, v0x137eef0_0;
v0x137dd60_0 .net "n_s0", 0 0, L_0x13801c0; 1 drivers
v0x137dde0_0 .net "n_s1", 0 0, L_0x1380160; 1 drivers
v0x137de60_0 .alias "out", 0 0, v0x137f840_0;
v0x137dee0_0 .alias "s0", 0 0, v0x137f280_0;
v0x137e000_0 .alias "s1", 0 0, v0x137f390_0;
v0x137e0d0_0 .net "t0", 0 0, L_0x1380220; 1 drivers
v0x137e170_0 .net "t1", 0 0, L_0x13803e0; 1 drivers
v0x137e210_0 .net "t2", 0 0, L_0x1380440; 1 drivers
v0x137e320_0 .net "t3", 0 0, L_0x13804a0; 1 drivers
S_0x137d0e0 .scope module, "m2" "MUX" 2 38, 2 1, S_0x13243c0;
 .timescale 0 0;
L_0x1380740 .functor NOT 1, v0x137fa40_0, C4<0>, C4<0>, C4<0>;
L_0x13807a0 .functor NOT 1, v0x137f9c0_0, C4<0>, C4<0>, C4<0>;
L_0x1380800 .functor AND 1, v0x137f630_0, L_0x1380740, L_0x13807a0, C4<1>;
L_0x13809f0 .functor AND 1, v0x137f5b0_0, L_0x1380740, v0x137f9c0_0, C4<1>;
L_0x1380a50 .functor AND 1, v0x137f6b0_0, v0x137fa40_0, L_0x13807a0, C4<1>;
L_0x1380b10 .functor AND 1, v0x137f6b0_0, v0x137fa40_0, v0x137f9c0_0, C4<1>;
L_0x1380bd0 .functor OR 1, L_0x1380800, L_0x13809f0, L_0x1380a50, L_0x1380b10;
v0x137d1d0_0 .alias "i0", 0 0, v0x137eef0_0;
v0x137d270_0 .alias "i1", 0 0, v0x137ede0_0;
v0x137d2f0_0 .alias "i2", 0 0, v0x137f000_0;
v0x137d3a0_0 .alias "i3", 0 0, v0x137f000_0;
v0x137d450_0 .net "n_s0", 0 0, L_0x13807a0; 1 drivers
v0x137d4d0_0 .net "n_s1", 0 0, L_0x1380740; 1 drivers
v0x137d550_0 .alias "out", 0 0, v0x137f8c0_0;
v0x137d5f0_0 .alias "s0", 0 0, v0x137f280_0;
v0x137d6c0_0 .alias "s1", 0 0, v0x137f390_0;
v0x137d740_0 .net "t0", 0 0, L_0x1380800; 1 drivers
v0x137d7c0_0 .net "t1", 0 0, L_0x13809f0; 1 drivers
v0x137d840_0 .net "t2", 0 0, L_0x1380a50; 1 drivers
v0x137d950_0 .net "t3", 0 0, L_0x1380b10; 1 drivers
S_0x1326de0 .scope module, "m3" "MUX" 2 39, 2 1, S_0x13243c0;
 .timescale 0 0;
L_0x1380da0 .functor NOT 1, v0x137fa40_0, C4<0>, C4<0>, C4<0>;
L_0x1380e00 .functor NOT 1, v0x137f9c0_0, C4<0>, C4<0>, C4<0>;
L_0x1380e60 .functor AND 1, v0x137f6b0_0, L_0x1380da0, L_0x1380e00, C4<1>;
L_0x1380f60 .functor AND 1, v0x137f630_0, L_0x1380da0, v0x137f9c0_0, C4<1>;
L_0x137ff90 .functor AND 1, C4<1>, v0x137fa40_0, L_0x1380e00, C4<1>;
L_0x137fe50 .functor AND 1, v0x137f4a0_0, v0x137fa40_0, v0x137f9c0_0, C4<1>;
L_0x1381410 .functor OR 1, L_0x1380e60, L_0x1380f60, L_0x137ff90, L_0x137fe50;
v0x1326ed0_0 .alias "i0", 0 0, v0x137f000_0;
v0x137c7f0_0 .alias "i1", 0 0, v0x137eef0_0;
v0x137c890_0 .net "i2", 0 0, C4<1>; 1 drivers
v0x137c930_0 .alias "i3", 0 0, v0x137ed40_0;
v0x137c9e0_0 .net "n_s0", 0 0, L_0x1380e00; 1 drivers
v0x137ca80_0 .net "n_s1", 0 0, L_0x1380da0; 1 drivers
v0x137cb60_0 .alias "out", 0 0, v0x137f940_0;
v0x137cc00_0 .alias "s0", 0 0, v0x137f280_0;
v0x137ccf0_0 .alias "s1", 0 0, v0x137f390_0;
v0x137cd90_0 .net "t0", 0 0, L_0x1380e60; 1 drivers
v0x137ce90_0 .net "t1", 0 0, L_0x1380f60; 1 drivers
v0x137cf30_0 .net "t2", 0 0, L_0x137ff90; 1 drivers
v0x137d040_0 .net "t3", 0 0, L_0x137fe50; 1 drivers
    .scope S_0x13242d0;
T_0 ;
    %vpi_call 2 54 "$monitor", "IP = %b%b%b%b :  SEL = %b%b  :  OUT = %b%b%b", v0x137f6b0_0, v0x137f630_0, v0x137f5b0_0, v0x137f4a0_0, v0x137fa40_0, v0x137f9c0_0, v0x137f940_0, v0x137f8c0_0, v0x137f840_0, v0x137f7c0_0;
    %vpi_call 2 55 "$dumpfile", "shift.vcd";
    %vpi_call 2 56 "$dumpvars";
    %set/v v0x137f6b0_0, 0, 1;
    %set/v v0x137f630_0, 0, 1;
    %set/v v0x137f5b0_0, 0, 1;
    %set/v v0x137f4a0_0, 0, 1;
    %set/v v0x137fa40_0, 0, 1;
    %set/v v0x137f9c0_0, 0, 1;
    %delay 10, 0;
    %set/v v0x137f6b0_0, 0, 1;
    %set/v v0x137f630_0, 0, 1;
    %set/v v0x137f5b0_0, 0, 1;
    %set/v v0x137f4a0_0, 1, 1;
    %set/v v0x137fa40_0, 0, 1;
    %set/v v0x137f9c0_0, 0, 1;
    %delay 10, 0;
    %set/v v0x137f6b0_0, 0, 1;
    %set/v v0x137f630_0, 0, 1;
    %set/v v0x137f5b0_0, 1, 1;
    %set/v v0x137f4a0_0, 0, 1;
    %set/v v0x137fa40_0, 0, 1;
    %set/v v0x137f9c0_0, 0, 1;
    %delay 10, 0;
    %set/v v0x137f6b0_0, 0, 1;
    %set/v v0x137f630_0, 0, 1;
    %set/v v0x137f5b0_0, 1, 1;
    %set/v v0x137f4a0_0, 1, 1;
    %set/v v0x137fa40_0, 0, 1;
    %set/v v0x137f9c0_0, 0, 1;
    %delay 10, 0;
    %set/v v0x137f6b0_0, 0, 1;
    %set/v v0x137f630_0, 1, 1;
    %set/v v0x137f5b0_0, 0, 1;
    %set/v v0x137f4a0_0, 0, 1;
    %set/v v0x137fa40_0, 0, 1;
    %set/v v0x137f9c0_0, 0, 1;
    %delay 10, 0;
    %set/v v0x137f6b0_0, 0, 1;
    %set/v v0x137f630_0, 1, 1;
    %set/v v0x137f5b0_0, 0, 1;
    %set/v v0x137f4a0_0, 1, 1;
    %set/v v0x137fa40_0, 0, 1;
    %set/v v0x137f9c0_0, 0, 1;
    %delay 10, 0;
    %set/v v0x137f6b0_0, 0, 1;
    %set/v v0x137f630_0, 1, 1;
    %set/v v0x137f5b0_0, 1, 1;
    %set/v v0x137f4a0_0, 0, 1;
    %set/v v0x137fa40_0, 0, 1;
    %set/v v0x137f9c0_0, 0, 1;
    %delay 10, 0;
    %set/v v0x137f6b0_0, 0, 1;
    %set/v v0x137f630_0, 1, 1;
    %set/v v0x137f5b0_0, 1, 1;
    %set/v v0x137f4a0_0, 1, 1;
    %set/v v0x137fa40_0, 0, 1;
    %set/v v0x137f9c0_0, 0, 1;
    %delay 10, 0;
    %set/v v0x137f6b0_0, 1, 1;
    %set/v v0x137f630_0, 0, 1;
    %set/v v0x137f5b0_0, 0, 1;
    %set/v v0x137f4a0_0, 0, 1;
    %set/v v0x137fa40_0, 0, 1;
    %set/v v0x137f9c0_0, 0, 1;
    %delay 10, 0;
    %set/v v0x137f6b0_0, 1, 1;
    %set/v v0x137f630_0, 0, 1;
    %set/v v0x137f5b0_0, 0, 1;
    %set/v v0x137f4a0_0, 1, 1;
    %set/v v0x137fa40_0, 0, 1;
    %set/v v0x137f9c0_0, 0, 1;
    %delay 10, 0;
    %set/v v0x137f6b0_0, 1, 1;
    %set/v v0x137f630_0, 0, 1;
    %set/v v0x137f5b0_0, 1, 1;
    %set/v v0x137f4a0_0, 0, 1;
    %set/v v0x137fa40_0, 0, 1;
    %set/v v0x137f9c0_0, 0, 1;
    %delay 10, 0;
    %set/v v0x137f6b0_0, 1, 1;
    %set/v v0x137f630_0, 0, 1;
    %set/v v0x137f5b0_0, 1, 1;
    %set/v v0x137f4a0_0, 1, 1;
    %set/v v0x137fa40_0, 0, 1;
    %set/v v0x137f9c0_0, 0, 1;
    %delay 10, 0;
    %set/v v0x137f6b0_0, 1, 1;
    %set/v v0x137f630_0, 1, 1;
    %set/v v0x137f5b0_0, 0, 1;
    %set/v v0x137f4a0_0, 0, 1;
    %set/v v0x137fa40_0, 0, 1;
    %set/v v0x137f9c0_0, 0, 1;
    %delay 10, 0;
    %set/v v0x137f6b0_0, 1, 1;
    %set/v v0x137f630_0, 1, 1;
    %set/v v0x137f5b0_0, 0, 1;
    %set/v v0x137f4a0_0, 1, 1;
    %set/v v0x137fa40_0, 0, 1;
    %set/v v0x137f9c0_0, 0, 1;
    %delay 10, 0;
    %set/v v0x137f6b0_0, 1, 1;
    %set/v v0x137f630_0, 1, 1;
    %set/v v0x137f5b0_0, 1, 1;
    %set/v v0x137f4a0_0, 0, 1;
    %set/v v0x137fa40_0, 0, 1;
    %set/v v0x137f9c0_0, 0, 1;
    %delay 10, 0;
    %set/v v0x137f6b0_0, 1, 1;
    %set/v v0x137f630_0, 1, 1;
    %set/v v0x137f5b0_0, 1, 1;
    %set/v v0x137f4a0_0, 1, 1;
    %set/v v0x137fa40_0, 0, 1;
    %set/v v0x137f9c0_0, 0, 1;
    %delay 10, 0;
    %set/v v0x137f6b0_0, 0, 1;
    %set/v v0x137f630_0, 0, 1;
    %set/v v0x137f5b0_0, 0, 1;
    %set/v v0x137f4a0_0, 0, 1;
    %set/v v0x137fa40_0, 0, 1;
    %set/v v0x137f9c0_0, 1, 1;
    %delay 10, 0;
    %set/v v0x137f6b0_0, 0, 1;
    %set/v v0x137f630_0, 0, 1;
    %set/v v0x137f5b0_0, 0, 1;
    %set/v v0x137f4a0_0, 1, 1;
    %set/v v0x137fa40_0, 0, 1;
    %set/v v0x137f9c0_0, 1, 1;
    %delay 10, 0;
    %set/v v0x137f6b0_0, 0, 1;
    %set/v v0x137f630_0, 0, 1;
    %set/v v0x137f5b0_0, 1, 1;
    %set/v v0x137f4a0_0, 0, 1;
    %set/v v0x137fa40_0, 0, 1;
    %set/v v0x137f9c0_0, 1, 1;
    %delay 10, 0;
    %set/v v0x137f6b0_0, 0, 1;
    %set/v v0x137f630_0, 0, 1;
    %set/v v0x137f5b0_0, 1, 1;
    %set/v v0x137f4a0_0, 1, 1;
    %set/v v0x137fa40_0, 0, 1;
    %set/v v0x137f9c0_0, 1, 1;
    %delay 10, 0;
    %set/v v0x137f6b0_0, 0, 1;
    %set/v v0x137f630_0, 1, 1;
    %set/v v0x137f5b0_0, 0, 1;
    %set/v v0x137f4a0_0, 0, 1;
    %set/v v0x137fa40_0, 0, 1;
    %set/v v0x137f9c0_0, 1, 1;
    %delay 10, 0;
    %set/v v0x137f6b0_0, 0, 1;
    %set/v v0x137f630_0, 1, 1;
    %set/v v0x137f5b0_0, 0, 1;
    %set/v v0x137f4a0_0, 1, 1;
    %set/v v0x137fa40_0, 0, 1;
    %set/v v0x137f9c0_0, 1, 1;
    %delay 10, 0;
    %set/v v0x137f6b0_0, 0, 1;
    %set/v v0x137f630_0, 1, 1;
    %set/v v0x137f5b0_0, 1, 1;
    %set/v v0x137f4a0_0, 0, 1;
    %set/v v0x137fa40_0, 0, 1;
    %set/v v0x137f9c0_0, 1, 1;
    %delay 10, 0;
    %set/v v0x137f6b0_0, 0, 1;
    %set/v v0x137f630_0, 1, 1;
    %set/v v0x137f5b0_0, 1, 1;
    %set/v v0x137f4a0_0, 1, 1;
    %set/v v0x137fa40_0, 0, 1;
    %set/v v0x137f9c0_0, 1, 1;
    %delay 10, 0;
    %set/v v0x137f6b0_0, 1, 1;
    %set/v v0x137f630_0, 0, 1;
    %set/v v0x137f5b0_0, 0, 1;
    %set/v v0x137f4a0_0, 0, 1;
    %set/v v0x137fa40_0, 0, 1;
    %set/v v0x137f9c0_0, 1, 1;
    %delay 10, 0;
    %set/v v0x137f6b0_0, 1, 1;
    %set/v v0x137f630_0, 0, 1;
    %set/v v0x137f5b0_0, 0, 1;
    %set/v v0x137f4a0_0, 1, 1;
    %set/v v0x137fa40_0, 0, 1;
    %set/v v0x137f9c0_0, 1, 1;
    %delay 10, 0;
    %set/v v0x137f6b0_0, 1, 1;
    %set/v v0x137f630_0, 0, 1;
    %set/v v0x137f5b0_0, 1, 1;
    %set/v v0x137f4a0_0, 0, 1;
    %set/v v0x137fa40_0, 0, 1;
    %set/v v0x137f9c0_0, 1, 1;
    %delay 10, 0;
    %set/v v0x137f6b0_0, 1, 1;
    %set/v v0x137f630_0, 0, 1;
    %set/v v0x137f5b0_0, 1, 1;
    %set/v v0x137f4a0_0, 1, 1;
    %set/v v0x137fa40_0, 0, 1;
    %set/v v0x137f9c0_0, 1, 1;
    %delay 10, 0;
    %set/v v0x137f6b0_0, 1, 1;
    %set/v v0x137f630_0, 1, 1;
    %set/v v0x137f5b0_0, 0, 1;
    %set/v v0x137f4a0_0, 0, 1;
    %set/v v0x137fa40_0, 0, 1;
    %set/v v0x137f9c0_0, 1, 1;
    %delay 10, 0;
    %set/v v0x137f6b0_0, 1, 1;
    %set/v v0x137f630_0, 1, 1;
    %set/v v0x137f5b0_0, 0, 1;
    %set/v v0x137f4a0_0, 1, 1;
    %set/v v0x137fa40_0, 0, 1;
    %set/v v0x137f9c0_0, 1, 1;
    %delay 10, 0;
    %set/v v0x137f6b0_0, 1, 1;
    %set/v v0x137f630_0, 1, 1;
    %set/v v0x137f5b0_0, 1, 1;
    %set/v v0x137f4a0_0, 0, 1;
    %set/v v0x137fa40_0, 0, 1;
    %set/v v0x137f9c0_0, 1, 1;
    %delay 10, 0;
    %set/v v0x137f6b0_0, 1, 1;
    %set/v v0x137f630_0, 1, 1;
    %set/v v0x137f5b0_0, 1, 1;
    %set/v v0x137f4a0_0, 1, 1;
    %set/v v0x137fa40_0, 0, 1;
    %set/v v0x137f9c0_0, 1, 1;
    %delay 10, 0;
    %set/v v0x137f6b0_0, 0, 1;
    %set/v v0x137f630_0, 0, 1;
    %set/v v0x137f5b0_0, 0, 1;
    %set/v v0x137f4a0_0, 0, 1;
    %set/v v0x137fa40_0, 1, 1;
    %set/v v0x137f9c0_0, 0, 1;
    %delay 10, 0;
    %set/v v0x137f6b0_0, 0, 1;
    %set/v v0x137f630_0, 0, 1;
    %set/v v0x137f5b0_0, 0, 1;
    %set/v v0x137f4a0_0, 1, 1;
    %set/v v0x137fa40_0, 1, 1;
    %set/v v0x137f9c0_0, 0, 1;
    %delay 10, 0;
    %set/v v0x137f6b0_0, 0, 1;
    %set/v v0x137f630_0, 0, 1;
    %set/v v0x137f5b0_0, 1, 1;
    %set/v v0x137f4a0_0, 0, 1;
    %set/v v0x137fa40_0, 1, 1;
    %set/v v0x137f9c0_0, 0, 1;
    %delay 10, 0;
    %set/v v0x137f6b0_0, 0, 1;
    %set/v v0x137f630_0, 0, 1;
    %set/v v0x137f5b0_0, 1, 1;
    %set/v v0x137f4a0_0, 1, 1;
    %set/v v0x137fa40_0, 1, 1;
    %set/v v0x137f9c0_0, 0, 1;
    %delay 10, 0;
    %set/v v0x137f6b0_0, 0, 1;
    %set/v v0x137f630_0, 1, 1;
    %set/v v0x137f5b0_0, 0, 1;
    %set/v v0x137f4a0_0, 0, 1;
    %set/v v0x137fa40_0, 1, 1;
    %set/v v0x137f9c0_0, 0, 1;
    %delay 10, 0;
    %set/v v0x137f6b0_0, 0, 1;
    %set/v v0x137f630_0, 1, 1;
    %set/v v0x137f5b0_0, 0, 1;
    %set/v v0x137f4a0_0, 1, 1;
    %set/v v0x137fa40_0, 1, 1;
    %set/v v0x137f9c0_0, 0, 1;
    %delay 10, 0;
    %set/v v0x137f6b0_0, 0, 1;
    %set/v v0x137f630_0, 1, 1;
    %set/v v0x137f5b0_0, 1, 1;
    %set/v v0x137f4a0_0, 0, 1;
    %set/v v0x137fa40_0, 1, 1;
    %set/v v0x137f9c0_0, 0, 1;
    %delay 10, 0;
    %set/v v0x137f6b0_0, 0, 1;
    %set/v v0x137f630_0, 1, 1;
    %set/v v0x137f5b0_0, 1, 1;
    %set/v v0x137f4a0_0, 1, 1;
    %set/v v0x137fa40_0, 1, 1;
    %set/v v0x137f9c0_0, 0, 1;
    %delay 10, 0;
    %set/v v0x137f6b0_0, 1, 1;
    %set/v v0x137f630_0, 0, 1;
    %set/v v0x137f5b0_0, 0, 1;
    %set/v v0x137f4a0_0, 0, 1;
    %set/v v0x137fa40_0, 1, 1;
    %set/v v0x137f9c0_0, 0, 1;
    %delay 10, 0;
    %set/v v0x137f6b0_0, 1, 1;
    %set/v v0x137f630_0, 0, 1;
    %set/v v0x137f5b0_0, 0, 1;
    %set/v v0x137f4a0_0, 1, 1;
    %set/v v0x137fa40_0, 1, 1;
    %set/v v0x137f9c0_0, 0, 1;
    %delay 10, 0;
    %set/v v0x137f6b0_0, 1, 1;
    %set/v v0x137f630_0, 0, 1;
    %set/v v0x137f5b0_0, 1, 1;
    %set/v v0x137f4a0_0, 0, 1;
    %set/v v0x137fa40_0, 1, 1;
    %set/v v0x137f9c0_0, 0, 1;
    %delay 10, 0;
    %set/v v0x137f6b0_0, 1, 1;
    %set/v v0x137f630_0, 0, 1;
    %set/v v0x137f5b0_0, 1, 1;
    %set/v v0x137f4a0_0, 1, 1;
    %set/v v0x137fa40_0, 1, 1;
    %set/v v0x137f9c0_0, 0, 1;
    %delay 10, 0;
    %set/v v0x137f6b0_0, 1, 1;
    %set/v v0x137f630_0, 1, 1;
    %set/v v0x137f5b0_0, 0, 1;
    %set/v v0x137f4a0_0, 0, 1;
    %set/v v0x137fa40_0, 1, 1;
    %set/v v0x137f9c0_0, 0, 1;
    %delay 10, 0;
    %set/v v0x137f6b0_0, 1, 1;
    %set/v v0x137f630_0, 1, 1;
    %set/v v0x137f5b0_0, 0, 1;
    %set/v v0x137f4a0_0, 1, 1;
    %set/v v0x137fa40_0, 1, 1;
    %set/v v0x137f9c0_0, 0, 1;
    %delay 10, 0;
    %set/v v0x137f6b0_0, 1, 1;
    %set/v v0x137f630_0, 1, 1;
    %set/v v0x137f5b0_0, 1, 1;
    %set/v v0x137f4a0_0, 0, 1;
    %set/v v0x137fa40_0, 1, 1;
    %set/v v0x137f9c0_0, 0, 1;
    %delay 10, 0;
    %set/v v0x137f6b0_0, 1, 1;
    %set/v v0x137f630_0, 1, 1;
    %set/v v0x137f5b0_0, 1, 1;
    %set/v v0x137f4a0_0, 1, 1;
    %set/v v0x137fa40_0, 1, 1;
    %set/v v0x137f9c0_0, 0, 1;
    %delay 10, 0;
    %set/v v0x137f6b0_0, 0, 1;
    %set/v v0x137f630_0, 0, 1;
    %set/v v0x137f5b0_0, 0, 1;
    %set/v v0x137f4a0_0, 0, 1;
    %set/v v0x137fa40_0, 1, 1;
    %set/v v0x137f9c0_0, 1, 1;
    %delay 10, 0;
    %set/v v0x137f6b0_0, 0, 1;
    %set/v v0x137f630_0, 0, 1;
    %set/v v0x137f5b0_0, 0, 1;
    %set/v v0x137f4a0_0, 1, 1;
    %set/v v0x137fa40_0, 1, 1;
    %set/v v0x137f9c0_0, 1, 1;
    %delay 10, 0;
    %set/v v0x137f6b0_0, 0, 1;
    %set/v v0x137f630_0, 0, 1;
    %set/v v0x137f5b0_0, 1, 1;
    %set/v v0x137f4a0_0, 0, 1;
    %set/v v0x137fa40_0, 1, 1;
    %set/v v0x137f9c0_0, 1, 1;
    %delay 10, 0;
    %set/v v0x137f6b0_0, 0, 1;
    %set/v v0x137f630_0, 0, 1;
    %set/v v0x137f5b0_0, 1, 1;
    %set/v v0x137f4a0_0, 1, 1;
    %set/v v0x137fa40_0, 1, 1;
    %set/v v0x137f9c0_0, 1, 1;
    %delay 10, 0;
    %set/v v0x137f6b0_0, 0, 1;
    %set/v v0x137f630_0, 1, 1;
    %set/v v0x137f5b0_0, 0, 1;
    %set/v v0x137f4a0_0, 0, 1;
    %set/v v0x137fa40_0, 1, 1;
    %set/v v0x137f9c0_0, 1, 1;
    %delay 10, 0;
    %set/v v0x137f6b0_0, 0, 1;
    %set/v v0x137f630_0, 1, 1;
    %set/v v0x137f5b0_0, 0, 1;
    %set/v v0x137f4a0_0, 1, 1;
    %set/v v0x137fa40_0, 1, 1;
    %set/v v0x137f9c0_0, 1, 1;
    %delay 10, 0;
    %set/v v0x137f6b0_0, 0, 1;
    %set/v v0x137f630_0, 1, 1;
    %set/v v0x137f5b0_0, 1, 1;
    %set/v v0x137f4a0_0, 0, 1;
    %set/v v0x137fa40_0, 1, 1;
    %set/v v0x137f9c0_0, 1, 1;
    %delay 10, 0;
    %set/v v0x137f6b0_0, 0, 1;
    %set/v v0x137f630_0, 1, 1;
    %set/v v0x137f5b0_0, 1, 1;
    %set/v v0x137f4a0_0, 1, 1;
    %set/v v0x137fa40_0, 1, 1;
    %set/v v0x137f9c0_0, 1, 1;
    %delay 10, 0;
    %set/v v0x137f6b0_0, 1, 1;
    %set/v v0x137f630_0, 0, 1;
    %set/v v0x137f5b0_0, 0, 1;
    %set/v v0x137f4a0_0, 0, 1;
    %set/v v0x137fa40_0, 1, 1;
    %set/v v0x137f9c0_0, 1, 1;
    %delay 10, 0;
    %set/v v0x137f6b0_0, 1, 1;
    %set/v v0x137f630_0, 0, 1;
    %set/v v0x137f5b0_0, 0, 1;
    %set/v v0x137f4a0_0, 1, 1;
    %set/v v0x137fa40_0, 1, 1;
    %set/v v0x137f9c0_0, 1, 1;
    %delay 10, 0;
    %set/v v0x137f6b0_0, 1, 1;
    %set/v v0x137f630_0, 0, 1;
    %set/v v0x137f5b0_0, 1, 1;
    %set/v v0x137f4a0_0, 0, 1;
    %set/v v0x137fa40_0, 1, 1;
    %set/v v0x137f9c0_0, 1, 1;
    %delay 10, 0;
    %set/v v0x137f6b0_0, 1, 1;
    %set/v v0x137f630_0, 0, 1;
    %set/v v0x137f5b0_0, 1, 1;
    %set/v v0x137f4a0_0, 1, 1;
    %set/v v0x137fa40_0, 1, 1;
    %set/v v0x137f9c0_0, 1, 1;
    %delay 10, 0;
    %set/v v0x137f6b0_0, 1, 1;
    %set/v v0x137f630_0, 1, 1;
    %set/v v0x137f5b0_0, 0, 1;
    %set/v v0x137f4a0_0, 0, 1;
    %set/v v0x137fa40_0, 1, 1;
    %set/v v0x137f9c0_0, 1, 1;
    %delay 10, 0;
    %set/v v0x137f6b0_0, 1, 1;
    %set/v v0x137f630_0, 1, 1;
    %set/v v0x137f5b0_0, 0, 1;
    %set/v v0x137f4a0_0, 1, 1;
    %set/v v0x137fa40_0, 1, 1;
    %set/v v0x137f9c0_0, 1, 1;
    %delay 10, 0;
    %set/v v0x137f6b0_0, 1, 1;
    %set/v v0x137f630_0, 1, 1;
    %set/v v0x137f5b0_0, 1, 1;
    %set/v v0x137f4a0_0, 0, 1;
    %set/v v0x137fa40_0, 1, 1;
    %set/v v0x137f9c0_0, 1, 1;
    %delay 10, 0;
    %set/v v0x137f6b0_0, 1, 1;
    %set/v v0x137f630_0, 1, 1;
    %set/v v0x137f5b0_0, 1, 1;
    %set/v v0x137f4a0_0, 1, 1;
    %set/v v0x137fa40_0, 1, 1;
    %set/v v0x137f9c0_0, 1, 1;
    %delay 10, 0;
    %end;
    .thread T_0;
# The file index is used to find the file name in the following table.
:file_names 3;
    "N/A";
    "<interactive>";
    "shift.v";
