#! /usr/bin/vvp
:ivl_version "0.9.7 " "(v0_9_7)";
:vpi_time_precision + 0;
:vpi_module "system";
:vpi_module "v2005_math";
:vpi_module "va_math";
S_0x15bd690 .scope module, "testbench" "testbench" 2 46;
 .timescale 0 0;
v0x16058c0_0 .var "clk", 0 0;
v0x1605990_0 .net "count", 3 0, v0x16056d0_0; 1 drivers
v0x1605a40_0 .var "reset", 0 0;
S_0x15bd780 .scope module, "f1" "johnson" 2 54, 2 1, S_0x15bd690;
 .timescale 0 0;
v0x15bc950_0 .net "clk", 0 0, v0x16058c0_0; 1 drivers
v0x16056d0_0 .var "count", 3 0;
v0x1605770_0 .var "counter", 3 0;
v0x1605810_0 .net "reset", 0 0, v0x1605a40_0; 1 drivers
E_0x15d0780 .event posedge, v0x15bc950_0;
    .scope S_0x15bd780;
T_0 ;
    %wait E_0x15d0780;
    %load/v 8, v0x1605810_0, 1;
    %jmp/0xz  T_0.0, 8;
    %cassign/v v0x1605770_0, 0, 4;
    %jmp T_0.1;
T_0.0 ;
    %load/v 8, v0x1605770_0, 4;
    %cmpi/u 8, 15, 4;
    %jmp/0xz  T_0.2, 4;
    %load/v 8, v0x1605770_0, 4;
    %ix/load 0, 1, 0;
    %mov 4, 0, 1;
    %shiftl/i0  8, 4;
    %cassign/v v0x1605770_0, 8, 4;
    %ix/load 0, 0, 0;
    %load/vp0 12, v0x1605770_0, 4;
    %cassign/v v0x1605770_0, 12, 4;
    %jmp T_0.3;
T_0.2 ;
    %load/v 16, v0x1605770_0, 4;
    %cmpi/u 16, 8, 4;
    %jmp/0xz  T_0.4, 4;
    %load/v 16, v0x1605770_0, 4;
    %ix/load 0, 1, 0;
    %mov 4, 0, 1;
    %shiftl/i0  16, 4;
    %cassign/v v0x1605770_0, 16, 4;
    %ix/load 0, 0, 0;
    %load/vp0 20, v0x1605770_0, 4;
    %cassign/v v0x1605770_0, 20, 4;
    %jmp T_0.5;
T_0.4 ;
    %load/v 24, v0x1605770_0, 4;
    %cmpi/u 24, 12, 4;
    %jmp/0xz  T_0.6, 4;
    %load/v 24, v0x1605770_0, 4;
    %ix/load 0, 1, 0;
    %mov 4, 0, 1;
    %shiftl/i0  24, 4;
    %cassign/v v0x1605770_0, 24, 4;
    %ix/load 0, 0, 0;
    %load/vp0 28, v0x1605770_0, 4;
    %cassign/v v0x1605770_0, 28, 4;
    %jmp T_0.7;
T_0.6 ;
    %load/v 32, v0x1605770_0, 4;
    %cmpi/u 32, 14, 4;
    %jmp/0xz  T_0.8, 4;
    %load/v 32, v0x1605770_0, 4;
    %ix/load 0, 1, 0;
    %mov 4, 0, 1;
    %shiftl/i0  32, 4;
    %cassign/v v0x1605770_0, 32, 4;
    %ix/load 0, 0, 0;
    %load/vp0 36, v0x1605770_0, 4;
    %cassign/v v0x1605770_0, 36, 4;
    %jmp T_0.9;
T_0.8 ;
    %load/v 40, v0x1605770_0, 4;
    %ix/load 0, 1, 0;
    %mov 4, 0, 1;
    %shiftl/i0  40, 4;
    %cassign/v v0x1605770_0, 40, 4;
    %ix/load 0, 1, 0;
    %load/vp0 44, v0x1605770_0, 4;
    %cassign/v v0x1605770_0, 44, 4;
T_0.9 ;
T_0.7 ;
T_0.5 ;
T_0.3 ;
T_0.1 ;
    %load/v 48, v0x1605770_0, 4;
    %cassign/v v0x16056d0_0, 48, 4;
    %cassign/link v0x16056d0_0, v0x1605770_0;
    %jmp T_0;
    .thread T_0;
    .scope S_0x15bd690;
T_1 ;
    %set/v v0x16058c0_0, 0, 1;
    %end;
    .thread T_1;
    .scope S_0x15bd690;
T_2 ;
    %delay 1, 0;
    %load/v 52, v0x16058c0_0, 1;
    %inv 52, 1;
    %set/v v0x16058c0_0, 52, 1;
    %jmp T_2;
    .thread T_2;
    .scope S_0x15bd690;
T_3 ;
    %vpi_call 2 61 "$monitor", "count = %b", v0x1605990_0;
    %vpi_call 2 62 "$dumpfile", "johnson.vcd";
    %vpi_call 2 63 "$dumpvars";
    %set/v v0x1605a40_0, 0, 1;
    %delay 1, 0;
    %set/v v0x1605a40_0, 1, 1;
    %delay 1, 0;
    %set/v v0x1605a40_0, 0, 1;
    %delay 100, 0;
    %vpi_call 2 70 "$finish";
    %end;
    .thread T_3;
# The file index is used to find the file name in the following table.
:file_names 3;
    "N/A";
    "<interactive>";
    "johnson.v";
