#! /usr/bin/vvp
:ivl_version "0.9.7 " "(v0_9_7)";
:vpi_time_precision + 0;
:vpi_module "system";
:vpi_module "v2005_math";
:vpi_module "va_math";
S_0xa91690 .scope module, "testbench" "testbench" 2 23;
 .timescale 0 0;
v0xad7170_0 .net "q", 0 0, L_0xad7820; 1 drivers
v0xad7210_0 .var "qb", 0 0;
v0xad72c0_0 .net "t", 0 0, L_0xad7690; 1 drivers
v0xad7370_0 .var "t1", 0 0;
S_0xa91780 .scope module, "f1" "T" 2 28, 2 1, S_0xa91690;
 .timescale 0 0;
L_0xad7450 .functor NAND 1, v0xad7370_0, v0xad7210_0, C4<1>, C4<1>;
L_0xad7580 .functor NAND 1, v0xad7370_0, L_0xad75e0, C4<1>, C4<1>;
L_0xad75e0 .functor NOT 1, v0xad7210_0, C4<0>, C4<0>, C4<0>;
L_0xad7690 .functor NAND 1, L_0xad7450, v0xad7210_0, C4<1>, C4<1>;
L_0xad7820 .functor NAND 1, L_0xad7580, L_0xad7690, C4<1>, C4<1>;
v0xaa2dc0_0 .net *"_s0", 0 0, L_0xad75e0; 1 drivers
v0xad6d60_0 .alias "q", 0 0, v0xad7170_0;
v0xad6e00_0 .net "q1", 0 0, L_0xad7450; 1 drivers
v0xad6ea0_0 .net "q2", 0 0, L_0xad7580; 1 drivers
v0xad6f50_0 .net "qb", 0 0, v0xad7210_0; 1 drivers
v0xad6ff0_0 .alias "t", 0 0, v0xad72c0_0;
v0xad70d0_0 .net "t1", 0 0, v0xad7370_0; 1 drivers
    .scope S_0xa91690;
T_0 ;
    %vpi_call 2 33 "$monitor", "Q[1] = %b :T = %b : Q = %b : Q` = %b", v0xad7210_0, v0xad7370_0, v0xad7170_0, v0xad72c0_0;
    %vpi_call 2 34 "$dumpfile", "t.vcd";
    %vpi_call 2 35 "$dumpvars";
    %set/v v0xad7210_0, 0, 1;
    %set/v v0xad7370_0, 0, 1;
    %delay 5, 0;
    %set/v v0xad7370_0, 1, 1;
    %delay 5, 0;
    %set/v v0xad7210_0, 1, 1;
    %set/v v0xad7370_0, 0, 1;
    %delay 5, 0;
    %set/v v0xad7370_0, 1, 1;
    %delay 5, 0;
    %set/v v0xad7370_0, 1, 1;
    %end;
    .thread T_0;
# The file index is used to find the file name in the following table.
:file_names 3;
    "N/A";
    "<interactive>";
    "t.v";
