#! /usr/bin/vvp
:ivl_version "0.9.7 " "(v0_9_7)";
:vpi_time_precision + 0;
:vpi_module "system";
:vpi_module "v2005_math";
:vpi_module "va_math";
S_0x1080a80 .scope module, "half_substractor_tb" "half_substractor_tb" 2 13;
 .timescale 0 0;
v0x10b59d0_0 .var "a", 0 0;
v0x10b5aa0_0 .var "b", 0 0;
v0x10b5b50_0 .net "borrow", 0 0, L_0x10b5e90; 1 drivers
v0x10b5c00_0 .net "difference", 0 0, L_0x10b5ce0; 1 drivers
S_0x106f690 .scope module, "half_substractor_inst" "half_substractor" 2 20, 2 1, S_0x1080a80;
 .timescale 0 0;
L_0x10b5ce0 .functor XOR 1, v0x10b59d0_0, v0x10b5aa0_0, C4<0>, C4<0>;
L_0x10b5e30 .functor NOT 1, v0x10b5aa0_0, C4<0>, C4<0>, C4<0>;
L_0x10b5e90 .functor AND 1, v0x10b59d0_0, L_0x10b5e30, C4<1>, C4<1>;
v0x106f780_0 .net *"_s2", 0 0, L_0x10b5e30; 1 drivers
v0x10b5740_0 .net "a", 0 0, v0x10b59d0_0; 1 drivers
v0x10b57e0_0 .net "b", 0 0, v0x10b5aa0_0; 1 drivers
v0x10b5880_0 .alias "borrow", 0 0, v0x10b5b50_0;
v0x10b5930_0 .alias "difference", 0 0, v0x10b5c00_0;
    .scope S_0x1080a80;
T_0 ;
    %set/v v0x10b59d0_0, 0, 1;
    %end;
    .thread T_0;
    .scope S_0x1080a80;
T_1 ;
    %set/v v0x10b5aa0_0, 0, 1;
    %end;
    .thread T_1;
    .scope S_0x1080a80;
T_2 ;
    %vpi_call 2 24 "$monitor", "A = %b ,B= %b , Difference = %b , Borrow = %b ", v0x10b59d0_0, v0x10b5aa0_0, v0x10b5c00_0, v0x10b5b50_0;
    %vpi_call 2 25 "$dumpfile", "halfsubstractor.vcd";
    %vpi_call 2 26 "$dumpvars";
    %delay 5, 0;
    %set/v v0x10b59d0_0, 0, 1;
    %set/v v0x10b5aa0_0, 0, 1;
    %delay 5, 0;
    %set/v v0x10b59d0_0, 0, 1;
    %set/v v0x10b5aa0_0, 1, 1;
    %delay 5, 0;
    %set/v v0x10b59d0_0, 1, 1;
    %set/v v0x10b5aa0_0, 0, 1;
    %delay 5, 0;
    %set/v v0x10b59d0_0, 1, 1;
    %set/v v0x10b5aa0_0, 1, 1;
    %delay 5, 0;
    %set/v v0x10b59d0_0, 1, 1;
    %set/v v0x10b5aa0_0, 1, 1;
    %end;
    .thread T_2;
# The file index is used to find the file name in the following table.
:file_names 3;
    "N/A";
    "<interactive>";
    "halfsubstractor.v";
