#! /usr/bin/vvp
:ivl_version "0.9.7 " "(v0_9_7)";
:vpi_time_precision + 0;
:vpi_module "system";
:vpi_module "v2005_math";
:vpi_module "va_math";
S_0x2536330 .scope module, "testbench" "testbench" 2 17;
 .timescale 0 0;
v0x2549bb0_0 .var "j", 0 0;
v0x2549c50_0 .var "k", 0 0;
v0x2549d00_0 .net "q", 0 0, L_0x254a360; 1 drivers
v0x2549db0_0 .var "qb", 0 0;
v0x2549e90_0 .net "t", 0 0, L_0x254a1d0; 1 drivers
S_0x2536420 .scope module, "f1" "JK" 2 21, 2 1, S_0x2536330;
 .timescale 0 0;
L_0x2549f40 .functor NAND 1, v0x2549c50_0, v0x2549db0_0, C4<1>, C4<1>;
L_0x254a070 .functor NAND 1, v0x2549bb0_0, L_0x254a120, C4<1>, C4<1>;
L_0x254a120 .functor NOT 1, v0x2549db0_0, C4<0>, C4<0>, C4<0>;
L_0x254a1d0 .functor NAND 1, L_0x2549f40, v0x2549db0_0, C4<1>, C4<1>;
L_0x254a360 .functor NAND 1, L_0x254a070, L_0x254a1d0, C4<1>, C4<1>;
v0x2500690_0 .net *"_s0", 0 0, L_0x254a120; 1 drivers
v0x25496b0_0 .net "j", 0 0, v0x2549bb0_0; 1 drivers
v0x2549750_0 .net "k", 0 0, v0x2549c50_0; 1 drivers
v0x25497f0_0 .alias "q", 0 0, v0x2549d00_0;
v0x25498a0_0 .net "q1", 0 0, L_0x2549f40; 1 drivers
v0x2549940_0 .net "q2", 0 0, L_0x254a070; 1 drivers
v0x2549a20_0 .net "qb", 0 0, v0x2549db0_0; 1 drivers
v0x2549ac0_0 .alias "t", 0 0, v0x2549e90_0;
    .scope S_0x2536330;
T_0 ;
    %vpi_call 2 26 "$monitor", "Q[1] = %b : J = %b : K = %b : Q = %b : Q` = %b", v0x2549db0_0, v0x2549bb0_0, v0x2549c50_0, v0x2549d00_0, v0x2549e90_0;
    %vpi_call 2 27 "$dumpfile", "jk.vcd";
    %vpi_call 2 28 "$dumpvars";
    %set/v v0x2549db0_0, 0, 1;
    %set/v v0x2549bb0_0, 0, 1;
    %set/v v0x2549c50_0, 0, 1;
    %delay 5, 0;
    %set/v v0x2549bb0_0, 0, 1;
    %set/v v0x2549c50_0, 1, 1;
    %delay 5, 0;
    %set/v v0x2549bb0_0, 1, 1;
    %set/v v0x2549c50_0, 0, 1;
    %delay 5, 0;
    %set/v v0x2549bb0_0, 1, 1;
    %set/v v0x2549c50_0, 1, 1;
    %delay 5, 0;
    %set/v v0x2549bb0_0, 1, 1;
    %set/v v0x2549c50_0, 1, 1;
    %delay 5, 0;
    %set/v v0x2549db0_0, 1, 1;
    %set/v v0x2549bb0_0, 0, 1;
    %set/v v0x2549c50_0, 0, 1;
    %delay 5, 0;
    %set/v v0x2549bb0_0, 0, 1;
    %set/v v0x2549c50_0, 1, 1;
    %delay 5, 0;
    %set/v v0x2549bb0_0, 1, 1;
    %set/v v0x2549c50_0, 0, 1;
    %delay 5, 0;
    %set/v v0x2549bb0_0, 1, 1;
    %set/v v0x2549c50_0, 1, 1;
    %delay 5, 0;
    %set/v v0x2549bb0_0, 1, 1;
    %set/v v0x2549c50_0, 1, 1;
    %delay 5, 0;
    %set/v v0x2549bb0_0, 1, 1;
    %set/v v0x2549c50_0, 1, 1;
    %end;
    .thread T_0;
# The file index is used to find the file name in the following table.
:file_names 3;
    "N/A";
    "<interactive>";
    "jk.v";
