#! /usr/bin/vvp
:ivl_version "0.9.7 " "(v0_9_7)";
:vpi_time_precision + 0;
:vpi_module "system";
:vpi_module "v2005_math";
:vpi_module "va_math";
S_0x26b5e60 .scope module, "testbench" "testbench" 2 37;
 .timescale 0 0;
v0x285b140_0 .var "A", 3 0;
v0x285b1c0_0 .var "B", 3 0;
v0x285b240_0 .var "Cin", 0 0;
v0x285b310_0 .net "Cout", 0 0, L_0x285d480; 1 drivers
v0x285b3e0_0 .var "M", 0 0;
RS_0x7f2b12d776d8 .resolv tri, L_0x285bcb0, L_0x285c550, L_0x285cea0, L_0x285d6b0;
v0x285b460_0 .net8 "Sum", 3 0, RS_0x7f2b12d776d8; 4 drivers
S_0x26b6340 .scope module, "tb" "bitadder" 2 45, 2 13, S_0x26b5e60;
 .timescale 0 0;
L_0x285ab10 .functor XOR 1, L_0x285b4e0, v0x285b3e0_0, C4<0>, C4<0>;
L_0x285be90 .functor XOR 1, L_0x285bdf0, v0x285b3e0_0, C4<0>, C4<0>;
L_0x285c760 .functor XOR 1, L_0x285c630, v0x285b3e0_0, C4<0>, C4<0>;
L_0x285d0d0 .functor XOR 1, L_0x285cfd0, v0x285b3e0_0, C4<0>, C4<0>;
v0x285a490_0 .net "A", 3 0, v0x285b140_0; 1 drivers
v0x285a550_0 .net "B", 3 0, v0x285b1c0_0; 1 drivers
v0x285a5f0_0 .net "Cin", 0 0, v0x285b240_0; 1 drivers
v0x285a6a0_0 .alias "Cout", 0 0, v0x285b310_0;
v0x285a780_0 .net "M", 0 0, v0x285b3e0_0; 1 drivers
v0x285a800_0 .alias "Sum", 3 0, v0x285b460_0;
v0x285a880_0 .net *"_s1", 0 0, L_0x285b4e0; 1 drivers
v0x285a900_0 .net *"_s17", 0 0, L_0x285c630; 1 drivers
v0x285a9f0_0 .net *"_s25", 0 0, L_0x285cfd0; 1 drivers
v0x285aa90_0 .net *"_s9", 0 0, L_0x285bdf0; 1 drivers
v0x285ab90_0 .net "b0", 0 0, L_0x285ab10; 1 drivers
v0x285ac10_0 .net "b1", 0 0, L_0x285be90; 1 drivers
v0x285ad30_0 .net "b2", 0 0, L_0x285c760; 1 drivers
v0x285ade0_0 .net "b3", 0 0, L_0x285d0d0; 1 drivers
v0x285af10_0 .net "c1", 0 0, L_0x285ba90; 1 drivers
v0x285af90_0 .net "c2", 0 0, L_0x285c2e0; 1 drivers
v0x285ae60_0 .net "c3", 0 0, L_0x285cba0; 1 drivers
L_0x285b4e0 .part v0x285b1c0_0, 0, 1;
L_0x285bb80 .part v0x285b140_0, 0, 1;
L_0x285bcb0 .part/pv L_0x285b720, 0, 1, 4;
L_0x285bdf0 .part v0x285b1c0_0, 1, 1;
L_0x285c420 .part v0x285b140_0, 1, 1;
L_0x285c550 .part/pv L_0x285bff0, 1, 1, 4;
L_0x285c630 .part v0x285b1c0_0, 2, 1;
L_0x285cce0 .part v0x285b140_0, 2, 1;
L_0x285cea0 .part/pv L_0x285c900, 2, 1, 4;
L_0x285cfd0 .part v0x285b1c0_0, 3, 1;
L_0x285d580 .part v0x285b140_0, 3, 1;
L_0x285d6b0 .part/pv L_0x285d190, 3, 1, 4;
S_0x2859dc0 .scope module, "f1" "full_adder" 2 27, 2 1, S_0x26b6340;
 .timescale 0 0;
L_0x285b6c0 .functor XOR 1, L_0x285bb80, L_0x285ab10, C4<0>, C4<0>;
L_0x285b720 .functor XOR 1, L_0x285b6c0, v0x285b240_0, C4<0>, C4<0>;
L_0x285b7d0 .functor AND 1, L_0x285bb80, L_0x285ab10, C4<1>, C4<1>;
L_0x285b910 .functor XOR 1, L_0x285bb80, L_0x285ab10, C4<0>, C4<0>;
L_0x285b970 .functor AND 1, v0x285b240_0, L_0x285b910, C4<1>, C4<1>;
L_0x285ba90 .functor OR 1, L_0x285b7d0, L_0x285b970, C4<0>, C4<0>;
v0x2859eb0_0 .net *"_s0", 0 0, L_0x285b6c0; 1 drivers
v0x2859f70_0 .net *"_s4", 0 0, L_0x285b7d0; 1 drivers
v0x285a010_0 .net *"_s6", 0 0, L_0x285b910; 1 drivers
v0x285a0b0_0 .net *"_s8", 0 0, L_0x285b970; 1 drivers
v0x285a160_0 .net "a", 0 0, L_0x285bb80; 1 drivers
v0x285a200_0 .alias "b", 0 0, v0x285ab90_0;
v0x285a2a0_0 .alias "cin", 0 0, v0x285a5f0_0;
v0x285a340_0 .alias "cout", 0 0, v0x285af10_0;
v0x285a410_0 .net "sum", 0 0, L_0x285b720; 1 drivers
S_0x28596f0 .scope module, "f2" "full_adder" 2 29, 2 1, S_0x26b6340;
 .timescale 0 0;
L_0x285bf90 .functor XOR 1, L_0x285c420, L_0x285be90, C4<0>, C4<0>;
L_0x285bff0 .functor XOR 1, L_0x285bf90, L_0x285ba90, C4<0>, C4<0>;
L_0x285c130 .functor AND 1, L_0x285c420, L_0x285be90, C4<1>, C4<1>;
L_0x285c220 .functor XOR 1, L_0x285c420, L_0x285be90, C4<0>, C4<0>;
L_0x285c280 .functor AND 1, L_0x285ba90, L_0x285c220, C4<1>, C4<1>;
L_0x285c2e0 .functor OR 1, L_0x285c130, L_0x285c280, C4<0>, C4<0>;
v0x28597e0_0 .net *"_s0", 0 0, L_0x285bf90; 1 drivers
v0x28598a0_0 .net *"_s4", 0 0, L_0x285c130; 1 drivers
v0x2859940_0 .net *"_s6", 0 0, L_0x285c220; 1 drivers
v0x28599e0_0 .net *"_s8", 0 0, L_0x285c280; 1 drivers
v0x2859a90_0 .net "a", 0 0, L_0x285c420; 1 drivers
v0x2859b30_0 .alias "b", 0 0, v0x285ac10_0;
v0x2859bd0_0 .alias "cin", 0 0, v0x285af10_0;
v0x2859c70_0 .alias "cout", 0 0, v0x285af90_0;
v0x2859d40_0 .net "sum", 0 0, L_0x285bff0; 1 drivers
S_0x2859050 .scope module, "f3" "full_adder" 2 31, 2 1, S_0x26b6340;
 .timescale 0 0;
L_0x285c8a0 .functor XOR 1, L_0x285cce0, L_0x285c760, C4<0>, C4<0>;
L_0x285c900 .functor XOR 1, L_0x285c8a0, L_0x285c2e0, C4<0>, C4<0>;
L_0x285c9f0 .functor AND 1, L_0x285cce0, L_0x285c760, C4<1>, C4<1>;
L_0x285cae0 .functor XOR 1, L_0x285cce0, L_0x285c760, C4<0>, C4<0>;
L_0x285cb40 .functor AND 1, L_0x285c2e0, L_0x285cae0, C4<1>, C4<1>;
L_0x285cba0 .functor OR 1, L_0x285c9f0, L_0x285cb40, C4<0>, C4<0>;
v0x2859140_0 .net *"_s0", 0 0, L_0x285c8a0; 1 drivers
v0x2859200_0 .net *"_s4", 0 0, L_0x285c9f0; 1 drivers
v0x28592a0_0 .net *"_s6", 0 0, L_0x285cae0; 1 drivers
v0x2859340_0 .net *"_s8", 0 0, L_0x285cb40; 1 drivers
v0x28593c0_0 .net "a", 0 0, L_0x285cce0; 1 drivers
v0x2859460_0 .alias "b", 0 0, v0x285ad30_0;
v0x2859500_0 .alias "cin", 0 0, v0x285af90_0;
v0x28595a0_0 .alias "cout", 0 0, v0x285ae60_0;
v0x2859670_0 .net "sum", 0 0, L_0x285c900; 1 drivers
S_0x26ca730 .scope module, "f4" "full_adder" 2 33, 2 1, S_0x26b6340;
 .timescale 0 0;
L_0x285d130 .functor XOR 1, L_0x285d580, L_0x285d0d0, C4<0>, C4<0>;
L_0x285d190 .functor XOR 1, L_0x285d130, L_0x285cba0, C4<0>, C4<0>;
L_0x285d2d0 .functor AND 1, L_0x285d580, L_0x285d0d0, C4<1>, C4<1>;
L_0x285d3c0 .functor XOR 1, L_0x285d580, L_0x285d0d0, C4<0>, C4<0>;
L_0x285d420 .functor AND 1, L_0x285cba0, L_0x285d3c0, C4<1>, C4<1>;
L_0x285d480 .functor OR 1, L_0x285d2d0, L_0x285d420, C4<0>, C4<0>;
v0x26c7fc0_0 .net *"_s0", 0 0, L_0x285d130; 1 drivers
v0x2858ab0_0 .net *"_s4", 0 0, L_0x285d2d0; 1 drivers
v0x2858b50_0 .net *"_s6", 0 0, L_0x285d3c0; 1 drivers
v0x2858bf0_0 .net *"_s8", 0 0, L_0x285d420; 1 drivers
v0x2858ca0_0 .net "a", 0 0, L_0x285d580; 1 drivers
v0x2858d40_0 .alias "b", 0 0, v0x285ade0_0;
v0x2858e20_0 .alias "cin", 0 0, v0x285ae60_0;
v0x2858ec0_0 .alias "cout", 0 0, v0x285b310_0;
v0x2858fb0_0 .net "sum", 0 0, L_0x285d190; 1 drivers
    .scope S_0x26b5e60;
T_0 ;
    %vpi_call 2 50 "$monitor", "A = %b : B = %b : Cin = %b : M = %b : Sum = %b : Cout = %b ", v0x285b140_0, v0x285b1c0_0, v0x285b240_0, v0x285b3e0_0, v0x285b460_0, v0x285b310_0;
    %vpi_call 2 51 "$dumpfile", "4bitadder_sub.vcd";
    %vpi_call 2 52 "$dumpvars";
    %set/v v0x285b140_0, 0, 4;
    %set/v v0x285b1c0_0, 0, 4;
    %set/v v0x285b240_0, 0, 1;
    %set/v v0x285b3e0_0, 0, 1;
    %delay 5, 0;
    %set/v v0x285b140_0, 0, 4;
    %movi 8, 1, 4;
    %set/v v0x285b1c0_0, 8, 4;
    %set/v v0x285b240_0, 0, 1;
    %set/v v0x285b3e0_0, 0, 1;
    %delay 5, 0;
    %set/v v0x285b140_0, 0, 4;
    %movi 8, 2, 4;
    %set/v v0x285b1c0_0, 8, 4;
    %set/v v0x285b240_0, 0, 1;
    %set/v v0x285b3e0_0, 0, 1;
    %delay 5, 0;
    %set/v v0x285b140_0, 0, 4;
    %movi 8, 3, 4;
    %set/v v0x285b1c0_0, 8, 4;
    %set/v v0x285b240_0, 0, 1;
    %set/v v0x285b3e0_0, 0, 1;
    %delay 5, 0;
    %set/v v0x285b140_0, 0, 4;
    %movi 8, 4, 4;
    %set/v v0x285b1c0_0, 8, 4;
    %set/v v0x285b240_0, 0, 1;
    %set/v v0x285b3e0_0, 0, 1;
    %delay 5, 0;
    %set/v v0x285b140_0, 0, 4;
    %movi 8, 5, 4;
    %set/v v0x285b1c0_0, 8, 4;
    %set/v v0x285b240_0, 0, 1;
    %set/v v0x285b3e0_0, 0, 1;
    %delay 5, 0;
    %set/v v0x285b140_0, 0, 4;
    %movi 8, 6, 4;
    %set/v v0x285b1c0_0, 8, 4;
    %set/v v0x285b240_0, 0, 1;
    %set/v v0x285b3e0_0, 0, 1;
    %delay 5, 0;
    %set/v v0x285b140_0, 0, 4;
    %movi 8, 7, 4;
    %set/v v0x285b1c0_0, 8, 4;
    %set/v v0x285b240_0, 0, 1;
    %set/v v0x285b3e0_0, 0, 1;
    %delay 5, 0;
    %set/v v0x285b140_0, 0, 4;
    %movi 8, 8, 4;
    %set/v v0x285b1c0_0, 8, 4;
    %set/v v0x285b240_0, 0, 1;
    %set/v v0x285b3e0_0, 0, 1;
    %delay 5, 0;
    %set/v v0x285b140_0, 0, 4;
    %movi 8, 9, 4;
    %set/v v0x285b1c0_0, 8, 4;
    %set/v v0x285b240_0, 0, 1;
    %set/v v0x285b3e0_0, 0, 1;
    %delay 5, 0;
    %set/v v0x285b140_0, 0, 4;
    %movi 8, 10, 4;
    %set/v v0x285b1c0_0, 8, 4;
    %set/v v0x285b240_0, 0, 1;
    %set/v v0x285b3e0_0, 0, 1;
    %delay 5, 0;
    %set/v v0x285b140_0, 0, 4;
    %movi 8, 11, 4;
    %set/v v0x285b1c0_0, 8, 4;
    %set/v v0x285b240_0, 0, 1;
    %set/v v0x285b3e0_0, 0, 1;
    %delay 5, 0;
    %set/v v0x285b140_0, 0, 4;
    %movi 8, 12, 4;
    %set/v v0x285b1c0_0, 8, 4;
    %set/v v0x285b240_0, 0, 1;
    %set/v v0x285b3e0_0, 0, 1;
    %delay 5, 0;
    %set/v v0x285b140_0, 0, 4;
    %movi 8, 13, 4;
    %set/v v0x285b1c0_0, 8, 4;
    %set/v v0x285b240_0, 0, 1;
    %set/v v0x285b3e0_0, 0, 1;
    %delay 5, 0;
    %set/v v0x285b140_0, 0, 4;
    %movi 8, 14, 4;
    %set/v v0x285b1c0_0, 8, 4;
    %set/v v0x285b240_0, 0, 1;
    %set/v v0x285b3e0_0, 0, 1;
    %delay 5, 0;
    %set/v v0x285b140_0, 0, 4;
    %set/v v0x285b1c0_0, 1, 4;
    %set/v v0x285b240_0, 0, 1;
    %set/v v0x285b3e0_0, 0, 1;
    %delay 5, 0;
    %movi 8, 1, 4;
    %set/v v0x285b140_0, 8, 4;
    %set/v v0x285b1c0_0, 0, 4;
    %set/v v0x285b240_0, 0, 1;
    %set/v v0x285b3e0_0, 0, 1;
    %delay 5, 0;
    %movi 8, 1, 4;
    %set/v v0x285b140_0, 8, 4;
    %movi 8, 1, 4;
    %set/v v0x285b1c0_0, 8, 4;
    %set/v v0x285b240_0, 0, 1;
    %set/v v0x285b3e0_0, 0, 1;
    %delay 5, 0;
    %movi 8, 1, 4;
    %set/v v0x285b140_0, 8, 4;
    %movi 8, 2, 4;
    %set/v v0x285b1c0_0, 8, 4;
    %set/v v0x285b240_0, 0, 1;
    %set/v v0x285b3e0_0, 0, 1;
    %delay 5, 0;
    %movi 8, 1, 4;
    %set/v v0x285b140_0, 8, 4;
    %movi 8, 3, 4;
    %set/v v0x285b1c0_0, 8, 4;
    %set/v v0x285b240_0, 0, 1;
    %set/v v0x285b3e0_0, 0, 1;
    %delay 5, 0;
    %movi 8, 1, 4;
    %set/v v0x285b140_0, 8, 4;
    %movi 8, 4, 4;
    %set/v v0x285b1c0_0, 8, 4;
    %set/v v0x285b240_0, 0, 1;
    %set/v v0x285b3e0_0, 0, 1;
    %delay 5, 0;
    %movi 8, 1, 4;
    %set/v v0x285b140_0, 8, 4;
    %movi 8, 5, 4;
    %set/v v0x285b1c0_0, 8, 4;
    %set/v v0x285b240_0, 0, 1;
    %set/v v0x285b3e0_0, 0, 1;
    %delay 5, 0;
    %movi 8, 1, 4;
    %set/v v0x285b140_0, 8, 4;
    %movi 8, 6, 4;
    %set/v v0x285b1c0_0, 8, 4;
    %set/v v0x285b240_0, 0, 1;
    %set/v v0x285b3e0_0, 0, 1;
    %delay 5, 0;
    %movi 8, 1, 4;
    %set/v v0x285b140_0, 8, 4;
    %movi 8, 7, 4;
    %set/v v0x285b1c0_0, 8, 4;
    %set/v v0x285b240_0, 0, 1;
    %set/v v0x285b3e0_0, 0, 1;
    %delay 5, 0;
    %movi 8, 1, 4;
    %set/v v0x285b140_0, 8, 4;
    %movi 8, 8, 4;
    %set/v v0x285b1c0_0, 8, 4;
    %set/v v0x285b240_0, 0, 1;
    %set/v v0x285b3e0_0, 0, 1;
    %delay 5, 0;
    %movi 8, 1, 4;
    %set/v v0x285b140_0, 8, 4;
    %movi 8, 9, 4;
    %set/v v0x285b1c0_0, 8, 4;
    %set/v v0x285b240_0, 0, 1;
    %set/v v0x285b3e0_0, 0, 1;
    %delay 5, 0;
    %movi 8, 1, 4;
    %set/v v0x285b140_0, 8, 4;
    %movi 8, 10, 4;
    %set/v v0x285b1c0_0, 8, 4;
    %set/v v0x285b240_0, 0, 1;
    %set/v v0x285b3e0_0, 0, 1;
    %delay 5, 0;
    %movi 8, 1, 4;
    %set/v v0x285b140_0, 8, 4;
    %movi 8, 11, 4;
    %set/v v0x285b1c0_0, 8, 4;
    %set/v v0x285b240_0, 0, 1;
    %set/v v0x285b3e0_0, 0, 1;
    %delay 5, 0;
    %movi 8, 1, 4;
    %set/v v0x285b140_0, 8, 4;
    %movi 8, 12, 4;
    %set/v v0x285b1c0_0, 8, 4;
    %set/v v0x285b240_0, 0, 1;
    %set/v v0x285b3e0_0, 0, 1;
    %delay 5, 0;
    %movi 8, 1, 4;
    %set/v v0x285b140_0, 8, 4;
    %movi 8, 13, 4;
    %set/v v0x285b1c0_0, 8, 4;
    %set/v v0x285b240_0, 0, 1;
    %set/v v0x285b3e0_0, 0, 1;
    %delay 5, 0;
    %movi 8, 1, 4;
    %set/v v0x285b140_0, 8, 4;
    %movi 8, 14, 4;
    %set/v v0x285b1c0_0, 8, 4;
    %set/v v0x285b240_0, 0, 1;
    %set/v v0x285b3e0_0, 0, 1;
    %delay 5, 0;
    %movi 8, 1, 4;
    %set/v v0x285b140_0, 8, 4;
    %set/v v0x285b1c0_0, 1, 4;
    %set/v v0x285b240_0, 0, 1;
    %set/v v0x285b3e0_0, 0, 1;
    %delay 5, 0;
    %movi 8, 2, 4;
    %set/v v0x285b140_0, 8, 4;
    %set/v v0x285b1c0_0, 0, 4;
    %set/v v0x285b240_0, 0, 1;
    %set/v v0x285b3e0_0, 0, 1;
    %delay 5, 0;
    %movi 8, 2, 4;
    %set/v v0x285b140_0, 8, 4;
    %movi 8, 1, 4;
    %set/v v0x285b1c0_0, 8, 4;
    %set/v v0x285b240_0, 0, 1;
    %set/v v0x285b3e0_0, 0, 1;
    %delay 5, 0;
    %movi 8, 2, 4;
    %set/v v0x285b140_0, 8, 4;
    %movi 8, 2, 4;
    %set/v v0x285b1c0_0, 8, 4;
    %set/v v0x285b240_0, 0, 1;
    %set/v v0x285b3e0_0, 0, 1;
    %delay 5, 0;
    %movi 8, 2, 4;
    %set/v v0x285b140_0, 8, 4;
    %movi 8, 3, 4;
    %set/v v0x285b1c0_0, 8, 4;
    %set/v v0x285b240_0, 0, 1;
    %set/v v0x285b3e0_0, 0, 1;
    %delay 5, 0;
    %movi 8, 2, 4;
    %set/v v0x285b140_0, 8, 4;
    %movi 8, 4, 4;
    %set/v v0x285b1c0_0, 8, 4;
    %set/v v0x285b240_0, 0, 1;
    %set/v v0x285b3e0_0, 0, 1;
    %delay 5, 0;
    %movi 8, 2, 4;
    %set/v v0x285b140_0, 8, 4;
    %movi 8, 5, 4;
    %set/v v0x285b1c0_0, 8, 4;
    %set/v v0x285b240_0, 0, 1;
    %set/v v0x285b3e0_0, 0, 1;
    %delay 5, 0;
    %movi 8, 2, 4;
    %set/v v0x285b140_0, 8, 4;
    %movi 8, 6, 4;
    %set/v v0x285b1c0_0, 8, 4;
    %set/v v0x285b240_0, 0, 1;
    %set/v v0x285b3e0_0, 0, 1;
    %delay 5, 0;
    %movi 8, 2, 4;
    %set/v v0x285b140_0, 8, 4;
    %movi 8, 7, 4;
    %set/v v0x285b1c0_0, 8, 4;
    %set/v v0x285b240_0, 0, 1;
    %set/v v0x285b3e0_0, 0, 1;
    %delay 5, 0;
    %movi 8, 2, 4;
    %set/v v0x285b140_0, 8, 4;
    %movi 8, 8, 4;
    %set/v v0x285b1c0_0, 8, 4;
    %set/v v0x285b240_0, 0, 1;
    %set/v v0x285b3e0_0, 0, 1;
    %delay 5, 0;
    %movi 8, 2, 4;
    %set/v v0x285b140_0, 8, 4;
    %movi 8, 9, 4;
    %set/v v0x285b1c0_0, 8, 4;
    %set/v v0x285b240_0, 0, 1;
    %set/v v0x285b3e0_0, 0, 1;
    %delay 5, 0;
    %movi 8, 2, 4;
    %set/v v0x285b140_0, 8, 4;
    %movi 8, 10, 4;
    %set/v v0x285b1c0_0, 8, 4;
    %set/v v0x285b240_0, 0, 1;
    %set/v v0x285b3e0_0, 0, 1;
    %delay 5, 0;
    %movi 8, 2, 4;
    %set/v v0x285b140_0, 8, 4;
    %movi 8, 11, 4;
    %set/v v0x285b1c0_0, 8, 4;
    %set/v v0x285b240_0, 0, 1;
    %set/v v0x285b3e0_0, 0, 1;
    %delay 5, 0;
    %movi 8, 2, 4;
    %set/v v0x285b140_0, 8, 4;
    %movi 8, 12, 4;
    %set/v v0x285b1c0_0, 8, 4;
    %set/v v0x285b240_0, 0, 1;
    %set/v v0x285b3e0_0, 0, 1;
    %delay 5, 0;
    %movi 8, 2, 4;
    %set/v v0x285b140_0, 8, 4;
    %movi 8, 13, 4;
    %set/v v0x285b1c0_0, 8, 4;
    %set/v v0x285b240_0, 0, 1;
    %set/v v0x285b3e0_0, 0, 1;
    %delay 5, 0;
    %movi 8, 2, 4;
    %set/v v0x285b140_0, 8, 4;
    %movi 8, 14, 4;
    %set/v v0x285b1c0_0, 8, 4;
    %set/v v0x285b240_0, 0, 1;
    %set/v v0x285b3e0_0, 0, 1;
    %delay 5, 0;
    %movi 8, 2, 4;
    %set/v v0x285b140_0, 8, 4;
    %set/v v0x285b1c0_0, 1, 4;
    %set/v v0x285b240_0, 0, 1;
    %set/v v0x285b3e0_0, 0, 1;
    %delay 5, 0;
    %movi 8, 3, 4;
    %set/v v0x285b140_0, 8, 4;
    %set/v v0x285b1c0_0, 0, 4;
    %set/v v0x285b240_0, 0, 1;
    %set/v v0x285b3e0_0, 0, 1;
    %delay 5, 0;
    %movi 8, 3, 4;
    %set/v v0x285b140_0, 8, 4;
    %movi 8, 1, 4;
    %set/v v0x285b1c0_0, 8, 4;
    %set/v v0x285b240_0, 0, 1;
    %set/v v0x285b3e0_0, 0, 1;
    %delay 5, 0;
    %movi 8, 3, 4;
    %set/v v0x285b140_0, 8, 4;
    %movi 8, 2, 4;
    %set/v v0x285b1c0_0, 8, 4;
    %set/v v0x285b240_0, 0, 1;
    %set/v v0x285b3e0_0, 0, 1;
    %delay 5, 0;
    %movi 8, 3, 4;
    %set/v v0x285b140_0, 8, 4;
    %movi 8, 3, 4;
    %set/v v0x285b1c0_0, 8, 4;
    %set/v v0x285b240_0, 0, 1;
    %set/v v0x285b3e0_0, 0, 1;
    %delay 5, 0;
    %movi 8, 3, 4;
    %set/v v0x285b140_0, 8, 4;
    %movi 8, 4, 4;
    %set/v v0x285b1c0_0, 8, 4;
    %set/v v0x285b240_0, 0, 1;
    %set/v v0x285b3e0_0, 0, 1;
    %delay 5, 0;
    %movi 8, 3, 4;
    %set/v v0x285b140_0, 8, 4;
    %movi 8, 5, 4;
    %set/v v0x285b1c0_0, 8, 4;
    %set/v v0x285b240_0, 0, 1;
    %set/v v0x285b3e0_0, 0, 1;
    %delay 5, 0;
    %movi 8, 3, 4;
    %set/v v0x285b140_0, 8, 4;
    %movi 8, 6, 4;
    %set/v v0x285b1c0_0, 8, 4;
    %set/v v0x285b240_0, 0, 1;
    %set/v v0x285b3e0_0, 0, 1;
    %delay 5, 0;
    %movi 8, 3, 4;
    %set/v v0x285b140_0, 8, 4;
    %movi 8, 7, 4;
    %set/v v0x285b1c0_0, 8, 4;
    %set/v v0x285b240_0, 0, 1;
    %set/v v0x285b3e0_0, 0, 1;
    %delay 5, 0;
    %movi 8, 3, 4;
    %set/v v0x285b140_0, 8, 4;
    %movi 8, 8, 4;
    %set/v v0x285b1c0_0, 8, 4;
    %set/v v0x285b240_0, 0, 1;
    %set/v v0x285b3e0_0, 0, 1;
    %delay 5, 0;
    %movi 8, 3, 4;
    %set/v v0x285b140_0, 8, 4;
    %movi 8, 9, 4;
    %set/v v0x285b1c0_0, 8, 4;
    %set/v v0x285b240_0, 0, 1;
    %set/v v0x285b3e0_0, 0, 1;
    %delay 5, 0;
    %movi 8, 3, 4;
    %set/v v0x285b140_0, 8, 4;
    %movi 8, 10, 4;
    %set/v v0x285b1c0_0, 8, 4;
    %set/v v0x285b240_0, 0, 1;
    %set/v v0x285b3e0_0, 0, 1;
    %delay 5, 0;
    %movi 8, 3, 4;
    %set/v v0x285b140_0, 8, 4;
    %movi 8, 11, 4;
    %set/v v0x285b1c0_0, 8, 4;
    %set/v v0x285b240_0, 0, 1;
    %set/v v0x285b3e0_0, 0, 1;
    %delay 5, 0;
    %movi 8, 3, 4;
    %set/v v0x285b140_0, 8, 4;
    %movi 8, 12, 4;
    %set/v v0x285b1c0_0, 8, 4;
    %set/v v0x285b240_0, 0, 1;
    %set/v v0x285b3e0_0, 0, 1;
    %delay 5, 0;
    %movi 8, 3, 4;
    %set/v v0x285b140_0, 8, 4;
    %movi 8, 13, 4;
    %set/v v0x285b1c0_0, 8, 4;
    %set/v v0x285b240_0, 0, 1;
    %set/v v0x285b3e0_0, 0, 1;
    %delay 5, 0;
    %movi 8, 3, 4;
    %set/v v0x285b140_0, 8, 4;
    %movi 8, 14, 4;
    %set/v v0x285b1c0_0, 8, 4;
    %set/v v0x285b240_0, 0, 1;
    %set/v v0x285b3e0_0, 0, 1;
    %delay 5, 0;
    %movi 8, 3, 4;
    %set/v v0x285b140_0, 8, 4;
    %set/v v0x285b1c0_0, 1, 4;
    %set/v v0x285b240_0, 0, 1;
    %set/v v0x285b3e0_0, 0, 1;
    %delay 5, 0;
    %movi 8, 4, 4;
    %set/v v0x285b140_0, 8, 4;
    %set/v v0x285b1c0_0, 0, 4;
    %set/v v0x285b240_0, 0, 1;
    %set/v v0x285b3e0_0, 0, 1;
    %delay 5, 0;
    %movi 8, 4, 4;
    %set/v v0x285b140_0, 8, 4;
    %movi 8, 1, 4;
    %set/v v0x285b1c0_0, 8, 4;
    %set/v v0x285b240_0, 0, 1;
    %set/v v0x285b3e0_0, 0, 1;
    %delay 5, 0;
    %movi 8, 4, 4;
    %set/v v0x285b140_0, 8, 4;
    %movi 8, 2, 4;
    %set/v v0x285b1c0_0, 8, 4;
    %set/v v0x285b240_0, 0, 1;
    %set/v v0x285b3e0_0, 0, 1;
    %delay 5, 0;
    %movi 8, 4, 4;
    %set/v v0x285b140_0, 8, 4;
    %movi 8, 3, 4;
    %set/v v0x285b1c0_0, 8, 4;
    %set/v v0x285b240_0, 0, 1;
    %set/v v0x285b3e0_0, 0, 1;
    %delay 5, 0;
    %movi 8, 4, 4;
    %set/v v0x285b140_0, 8, 4;
    %movi 8, 4, 4;
    %set/v v0x285b1c0_0, 8, 4;
    %set/v v0x285b240_0, 0, 1;
    %set/v v0x285b3e0_0, 0, 1;
    %delay 5, 0;
    %movi 8, 4, 4;
    %set/v v0x285b140_0, 8, 4;
    %movi 8, 5, 4;
    %set/v v0x285b1c0_0, 8, 4;
    %set/v v0x285b240_0, 0, 1;
    %set/v v0x285b3e0_0, 0, 1;
    %delay 5, 0;
    %movi 8, 4, 4;
    %set/v v0x285b140_0, 8, 4;
    %movi 8, 6, 4;
    %set/v v0x285b1c0_0, 8, 4;
    %set/v v0x285b240_0, 0, 1;
    %set/v v0x285b3e0_0, 0, 1;
    %delay 5, 0;
    %movi 8, 4, 4;
    %set/v v0x285b140_0, 8, 4;
    %movi 8, 7, 4;
    %set/v v0x285b1c0_0, 8, 4;
    %set/v v0x285b240_0, 0, 1;
    %set/v v0x285b3e0_0, 0, 1;
    %delay 5, 0;
    %movi 8, 4, 4;
    %set/v v0x285b140_0, 8, 4;
    %movi 8, 8, 4;
    %set/v v0x285b1c0_0, 8, 4;
    %set/v v0x285b240_0, 0, 1;
    %set/v v0x285b3e0_0, 0, 1;
    %delay 5, 0;
    %movi 8, 4, 4;
    %set/v v0x285b140_0, 8, 4;
    %movi 8, 9, 4;
    %set/v v0x285b1c0_0, 8, 4;
    %set/v v0x285b240_0, 0, 1;
    %set/v v0x285b3e0_0, 0, 1;
    %delay 5, 0;
    %movi 8, 4, 4;
    %set/v v0x285b140_0, 8, 4;
    %movi 8, 10, 4;
    %set/v v0x285b1c0_0, 8, 4;
    %set/v v0x285b240_0, 0, 1;
    %set/v v0x285b3e0_0, 0, 1;
    %delay 5, 0;
    %movi 8, 4, 4;
    %set/v v0x285b140_0, 8, 4;
    %movi 8, 11, 4;
    %set/v v0x285b1c0_0, 8, 4;
    %set/v v0x285b240_0, 0, 1;
    %set/v v0x285b3e0_0, 0, 1;
    %delay 5, 0;
    %movi 8, 4, 4;
    %set/v v0x285b140_0, 8, 4;
    %movi 8, 12, 4;
    %set/v v0x285b1c0_0, 8, 4;
    %set/v v0x285b240_0, 0, 1;
    %set/v v0x285b3e0_0, 0, 1;
    %delay 5, 0;
    %movi 8, 4, 4;
    %set/v v0x285b140_0, 8, 4;
    %movi 8, 13, 4;
    %set/v v0x285b1c0_0, 8, 4;
    %set/v v0x285b240_0, 0, 1;
    %set/v v0x285b3e0_0, 0, 1;
    %delay 5, 0;
    %movi 8, 4, 4;
    %set/v v0x285b140_0, 8, 4;
    %movi 8, 14, 4;
    %set/v v0x285b1c0_0, 8, 4;
    %set/v v0x285b240_0, 0, 1;
    %set/v v0x285b3e0_0, 0, 1;
    %delay 5, 0;
    %movi 8, 4, 4;
    %set/v v0x285b140_0, 8, 4;
    %set/v v0x285b1c0_0, 1, 4;
    %set/v v0x285b240_0, 0, 1;
    %set/v v0x285b3e0_0, 0, 1;
    %delay 5, 0;
    %movi 8, 5, 4;
    %set/v v0x285b140_0, 8, 4;
    %set/v v0x285b1c0_0, 0, 4;
    %set/v v0x285b240_0, 0, 1;
    %set/v v0x285b3e0_0, 0, 1;
    %delay 5, 0;
    %movi 8, 5, 4;
    %set/v v0x285b140_0, 8, 4;
    %movi 8, 1, 4;
    %set/v v0x285b1c0_0, 8, 4;
    %set/v v0x285b240_0, 0, 1;
    %set/v v0x285b3e0_0, 0, 1;
    %delay 5, 0;
    %movi 8, 5, 4;
    %set/v v0x285b140_0, 8, 4;
    %movi 8, 2, 4;
    %set/v v0x285b1c0_0, 8, 4;
    %set/v v0x285b240_0, 0, 1;
    %set/v v0x285b3e0_0, 0, 1;
    %delay 5, 0;
    %movi 8, 5, 4;
    %set/v v0x285b140_0, 8, 4;
    %movi 8, 3, 4;
    %set/v v0x285b1c0_0, 8, 4;
    %set/v v0x285b240_0, 0, 1;
    %set/v v0x285b3e0_0, 0, 1;
    %delay 5, 0;
    %movi 8, 5, 4;
    %set/v v0x285b140_0, 8, 4;
    %movi 8, 4, 4;
    %set/v v0x285b1c0_0, 8, 4;
    %set/v v0x285b240_0, 0, 1;
    %set/v v0x285b3e0_0, 0, 1;
    %delay 5, 0;
    %movi 8, 5, 4;
    %set/v v0x285b140_0, 8, 4;
    %movi 8, 5, 4;
    %set/v v0x285b1c0_0, 8, 4;
    %set/v v0x285b240_0, 0, 1;
    %set/v v0x285b3e0_0, 0, 1;
    %delay 5, 0;
    %movi 8, 5, 4;
    %set/v v0x285b140_0, 8, 4;
    %movi 8, 6, 4;
    %set/v v0x285b1c0_0, 8, 4;
    %set/v v0x285b240_0, 0, 1;
    %set/v v0x285b3e0_0, 0, 1;
    %delay 5, 0;
    %movi 8, 5, 4;
    %set/v v0x285b140_0, 8, 4;
    %movi 8, 7, 4;
    %set/v v0x285b1c0_0, 8, 4;
    %set/v v0x285b240_0, 0, 1;
    %set/v v0x285b3e0_0, 0, 1;
    %delay 5, 0;
    %movi 8, 5, 4;
    %set/v v0x285b140_0, 8, 4;
    %movi 8, 8, 4;
    %set/v v0x285b1c0_0, 8, 4;
    %set/v v0x285b240_0, 0, 1;
    %set/v v0x285b3e0_0, 0, 1;
    %delay 5, 0;
    %movi 8, 5, 4;
    %set/v v0x285b140_0, 8, 4;
    %movi 8, 9, 4;
    %set/v v0x285b1c0_0, 8, 4;
    %set/v v0x285b240_0, 0, 1;
    %set/v v0x285b3e0_0, 0, 1;
    %delay 5, 0;
    %movi 8, 5, 4;
    %set/v v0x285b140_0, 8, 4;
    %movi 8, 10, 4;
    %set/v v0x285b1c0_0, 8, 4;
    %set/v v0x285b240_0, 0, 1;
    %set/v v0x285b3e0_0, 0, 1;
    %delay 5, 0;
    %movi 8, 5, 4;
    %set/v v0x285b140_0, 8, 4;
    %movi 8, 11, 4;
    %set/v v0x285b1c0_0, 8, 4;
    %set/v v0x285b240_0, 0, 1;
    %set/v v0x285b3e0_0, 0, 1;
    %delay 5, 0;
    %movi 8, 5, 4;
    %set/v v0x285b140_0, 8, 4;
    %movi 8, 12, 4;
    %set/v v0x285b1c0_0, 8, 4;
    %set/v v0x285b240_0, 0, 1;
    %set/v v0x285b3e0_0, 0, 1;
    %delay 5, 0;
    %movi 8, 5, 4;
    %set/v v0x285b140_0, 8, 4;
    %movi 8, 13, 4;
    %set/v v0x285b1c0_0, 8, 4;
    %set/v v0x285b240_0, 0, 1;
    %set/v v0x285b3e0_0, 0, 1;
    %delay 5, 0;
    %movi 8, 5, 4;
    %set/v v0x285b140_0, 8, 4;
    %movi 8, 14, 4;
    %set/v v0x285b1c0_0, 8, 4;
    %set/v v0x285b240_0, 0, 1;
    %set/v v0x285b3e0_0, 0, 1;
    %delay 5, 0;
    %movi 8, 5, 4;
    %set/v v0x285b140_0, 8, 4;
    %set/v v0x285b1c0_0, 1, 4;
    %set/v v0x285b240_0, 0, 1;
    %set/v v0x285b3e0_0, 0, 1;
    %delay 5, 0;
    %movi 8, 6, 4;
    %set/v v0x285b140_0, 8, 4;
    %set/v v0x285b1c0_0, 0, 4;
    %set/v v0x285b240_0, 0, 1;
    %set/v v0x285b3e0_0, 0, 1;
    %delay 5, 0;
    %movi 8, 6, 4;
    %set/v v0x285b140_0, 8, 4;
    %movi 8, 1, 4;
    %set/v v0x285b1c0_0, 8, 4;
    %set/v v0x285b240_0, 0, 1;
    %set/v v0x285b3e0_0, 0, 1;
    %delay 5, 0;
    %movi 8, 6, 4;
    %set/v v0x285b140_0, 8, 4;
    %movi 8, 2, 4;
    %set/v v0x285b1c0_0, 8, 4;
    %set/v v0x285b240_0, 0, 1;
    %set/v v0x285b3e0_0, 0, 1;
    %delay 5, 0;
    %movi 8, 6, 4;
    %set/v v0x285b140_0, 8, 4;
    %movi 8, 3, 4;
    %set/v v0x285b1c0_0, 8, 4;
    %set/v v0x285b240_0, 0, 1;
    %set/v v0x285b3e0_0, 0, 1;
    %delay 5, 0;
    %movi 8, 6, 4;
    %set/v v0x285b140_0, 8, 4;
    %movi 8, 4, 4;
    %set/v v0x285b1c0_0, 8, 4;
    %set/v v0x285b240_0, 0, 1;
    %set/v v0x285b3e0_0, 0, 1;
    %delay 5, 0;
    %movi 8, 6, 4;
    %set/v v0x285b140_0, 8, 4;
    %movi 8, 5, 4;
    %set/v v0x285b1c0_0, 8, 4;
    %set/v v0x285b240_0, 0, 1;
    %set/v v0x285b3e0_0, 0, 1;
    %delay 5, 0;
    %movi 8, 6, 4;
    %set/v v0x285b140_0, 8, 4;
    %movi 8, 6, 4;
    %set/v v0x285b1c0_0, 8, 4;
    %set/v v0x285b240_0, 0, 1;
    %set/v v0x285b3e0_0, 0, 1;
    %delay 5, 0;
    %movi 8, 6, 4;
    %set/v v0x285b140_0, 8, 4;
    %movi 8, 7, 4;
    %set/v v0x285b1c0_0, 8, 4;
    %set/v v0x285b240_0, 0, 1;
    %set/v v0x285b3e0_0, 0, 1;
    %delay 5, 0;
    %movi 8, 6, 4;
    %set/v v0x285b140_0, 8, 4;
    %movi 8, 8, 4;
    %set/v v0x285b1c0_0, 8, 4;
    %set/v v0x285b240_0, 0, 1;
    %set/v v0x285b3e0_0, 0, 1;
    %delay 5, 0;
    %movi 8, 6, 4;
    %set/v v0x285b140_0, 8, 4;
    %movi 8, 9, 4;
    %set/v v0x285b1c0_0, 8, 4;
    %set/v v0x285b240_0, 0, 1;
    %set/v v0x285b3e0_0, 0, 1;
    %delay 5, 0;
    %movi 8, 6, 4;
    %set/v v0x285b140_0, 8, 4;
    %movi 8, 10, 4;
    %set/v v0x285b1c0_0, 8, 4;
    %set/v v0x285b240_0, 0, 1;
    %set/v v0x285b3e0_0, 0, 1;
    %delay 5, 0;
    %movi 8, 6, 4;
    %set/v v0x285b140_0, 8, 4;
    %movi 8, 11, 4;
    %set/v v0x285b1c0_0, 8, 4;
    %set/v v0x285b240_0, 0, 1;
    %set/v v0x285b3e0_0, 0, 1;
    %delay 5, 0;
    %movi 8, 6, 4;
    %set/v v0x285b140_0, 8, 4;
    %movi 8, 12, 4;
    %set/v v0x285b1c0_0, 8, 4;
    %set/v v0x285b240_0, 0, 1;
    %set/v v0x285b3e0_0, 0, 1;
    %delay 5, 0;
    %movi 8, 6, 4;
    %set/v v0x285b140_0, 8, 4;
    %movi 8, 13, 4;
    %set/v v0x285b1c0_0, 8, 4;
    %set/v v0x285b240_0, 0, 1;
    %set/v v0x285b3e0_0, 0, 1;
    %delay 5, 0;
    %movi 8, 6, 4;
    %set/v v0x285b140_0, 8, 4;
    %movi 8, 14, 4;
    %set/v v0x285b1c0_0, 8, 4;
    %set/v v0x285b240_0, 0, 1;
    %set/v v0x285b3e0_0, 0, 1;
    %delay 5, 0;
    %movi 8, 6, 4;
    %set/v v0x285b140_0, 8, 4;
    %set/v v0x285b1c0_0, 1, 4;
    %set/v v0x285b240_0, 0, 1;
    %set/v v0x285b3e0_0, 0, 1;
    %delay 5, 0;
    %movi 8, 7, 4;
    %set/v v0x285b140_0, 8, 4;
    %set/v v0x285b1c0_0, 0, 4;
    %set/v v0x285b240_0, 0, 1;
    %set/v v0x285b3e0_0, 0, 1;
    %delay 5, 0;
    %movi 8, 7, 4;
    %set/v v0x285b140_0, 8, 4;
    %movi 8, 1, 4;
    %set/v v0x285b1c0_0, 8, 4;
    %set/v v0x285b240_0, 0, 1;
    %set/v v0x285b3e0_0, 0, 1;
    %delay 5, 0;
    %movi 8, 7, 4;
    %set/v v0x285b140_0, 8, 4;
    %movi 8, 2, 4;
    %set/v v0x285b1c0_0, 8, 4;
    %set/v v0x285b240_0, 0, 1;
    %set/v v0x285b3e0_0, 0, 1;
    %delay 5, 0;
    %movi 8, 7, 4;
    %set/v v0x285b140_0, 8, 4;
    %movi 8, 3, 4;
    %set/v v0x285b1c0_0, 8, 4;
    %set/v v0x285b240_0, 0, 1;
    %set/v v0x285b3e0_0, 0, 1;
    %delay 5, 0;
    %movi 8, 7, 4;
    %set/v v0x285b140_0, 8, 4;
    %movi 8, 4, 4;
    %set/v v0x285b1c0_0, 8, 4;
    %set/v v0x285b240_0, 0, 1;
    %set/v v0x285b3e0_0, 0, 1;
    %delay 5, 0;
    %movi 8, 7, 4;
    %set/v v0x285b140_0, 8, 4;
    %movi 8, 5, 4;
    %set/v v0x285b1c0_0, 8, 4;
    %set/v v0x285b240_0, 0, 1;
    %set/v v0x285b3e0_0, 0, 1;
    %delay 5, 0;
    %movi 8, 7, 4;
    %set/v v0x285b140_0, 8, 4;
    %movi 8, 6, 4;
    %set/v v0x285b1c0_0, 8, 4;
    %set/v v0x285b240_0, 0, 1;
    %set/v v0x285b3e0_0, 0, 1;
    %delay 5, 0;
    %movi 8, 7, 4;
    %set/v v0x285b140_0, 8, 4;
    %movi 8, 7, 4;
    %set/v v0x285b1c0_0, 8, 4;
    %set/v v0x285b240_0, 0, 1;
    %set/v v0x285b3e0_0, 0, 1;
    %delay 5, 0;
    %movi 8, 7, 4;
    %set/v v0x285b140_0, 8, 4;
    %movi 8, 8, 4;
    %set/v v0x285b1c0_0, 8, 4;
    %set/v v0x285b240_0, 0, 1;
    %set/v v0x285b3e0_0, 0, 1;
    %delay 5, 0;
    %movi 8, 7, 4;
    %set/v v0x285b140_0, 8, 4;
    %movi 8, 9, 4;
    %set/v v0x285b1c0_0, 8, 4;
    %set/v v0x285b240_0, 0, 1;
    %set/v v0x285b3e0_0, 0, 1;
    %delay 5, 0;
    %movi 8, 7, 4;
    %set/v v0x285b140_0, 8, 4;
    %movi 8, 10, 4;
    %set/v v0x285b1c0_0, 8, 4;
    %set/v v0x285b240_0, 0, 1;
    %set/v v0x285b3e0_0, 0, 1;
    %delay 5, 0;
    %movi 8, 7, 4;
    %set/v v0x285b140_0, 8, 4;
    %movi 8, 11, 4;
    %set/v v0x285b1c0_0, 8, 4;
    %set/v v0x285b240_0, 0, 1;
    %set/v v0x285b3e0_0, 0, 1;
    %delay 5, 0;
    %movi 8, 7, 4;
    %set/v v0x285b140_0, 8, 4;
    %movi 8, 12, 4;
    %set/v v0x285b1c0_0, 8, 4;
    %set/v v0x285b240_0, 0, 1;
    %set/v v0x285b3e0_0, 0, 1;
    %delay 5, 0;
    %movi 8, 7, 4;
    %set/v v0x285b140_0, 8, 4;
    %movi 8, 13, 4;
    %set/v v0x285b1c0_0, 8, 4;
    %set/v v0x285b240_0, 0, 1;
    %set/v v0x285b3e0_0, 0, 1;
    %delay 5, 0;
    %movi 8, 7, 4;
    %set/v v0x285b140_0, 8, 4;
    %movi 8, 14, 4;
    %set/v v0x285b1c0_0, 8, 4;
    %set/v v0x285b240_0, 0, 1;
    %set/v v0x285b3e0_0, 0, 1;
    %delay 5, 0;
    %movi 8, 7, 4;
    %set/v v0x285b140_0, 8, 4;
    %set/v v0x285b1c0_0, 1, 4;
    %set/v v0x285b240_0, 0, 1;
    %set/v v0x285b3e0_0, 0, 1;
    %delay 5, 0;
    %movi 8, 8, 4;
    %set/v v0x285b140_0, 8, 4;
    %set/v v0x285b1c0_0, 0, 4;
    %set/v v0x285b240_0, 0, 1;
    %set/v v0x285b3e0_0, 0, 1;
    %delay 5, 0;
    %movi 8, 8, 4;
    %set/v v0x285b140_0, 8, 4;
    %movi 8, 1, 4;
    %set/v v0x285b1c0_0, 8, 4;
    %set/v v0x285b240_0, 0, 1;
    %set/v v0x285b3e0_0, 0, 1;
    %delay 5, 0;
    %movi 8, 8, 4;
    %set/v v0x285b140_0, 8, 4;
    %movi 8, 2, 4;
    %set/v v0x285b1c0_0, 8, 4;
    %set/v v0x285b240_0, 0, 1;
    %set/v v0x285b3e0_0, 0, 1;
    %delay 5, 0;
    %movi 8, 8, 4;
    %set/v v0x285b140_0, 8, 4;
    %movi 8, 3, 4;
    %set/v v0x285b1c0_0, 8, 4;
    %set/v v0x285b240_0, 0, 1;
    %set/v v0x285b3e0_0, 0, 1;
    %delay 5, 0;
    %movi 8, 8, 4;
    %set/v v0x285b140_0, 8, 4;
    %movi 8, 4, 4;
    %set/v v0x285b1c0_0, 8, 4;
    %set/v v0x285b240_0, 0, 1;
    %set/v v0x285b3e0_0, 0, 1;
    %delay 5, 0;
    %movi 8, 8, 4;
    %set/v v0x285b140_0, 8, 4;
    %movi 8, 5, 4;
    %set/v v0x285b1c0_0, 8, 4;
    %set/v v0x285b240_0, 0, 1;
    %set/v v0x285b3e0_0, 0, 1;
    %delay 5, 0;
    %movi 8, 8, 4;
    %set/v v0x285b140_0, 8, 4;
    %movi 8, 6, 4;
    %set/v v0x285b1c0_0, 8, 4;
    %set/v v0x285b240_0, 0, 1;
    %set/v v0x285b3e0_0, 0, 1;
    %delay 5, 0;
    %movi 8, 8, 4;
    %set/v v0x285b140_0, 8, 4;
    %movi 8, 7, 4;
    %set/v v0x285b1c0_0, 8, 4;
    %set/v v0x285b240_0, 0, 1;
    %set/v v0x285b3e0_0, 0, 1;
    %delay 5, 0;
    %movi 8, 8, 4;
    %set/v v0x285b140_0, 8, 4;
    %movi 8, 8, 4;
    %set/v v0x285b1c0_0, 8, 4;
    %set/v v0x285b240_0, 0, 1;
    %set/v v0x285b3e0_0, 0, 1;
    %delay 5, 0;
    %movi 8, 8, 4;
    %set/v v0x285b140_0, 8, 4;
    %movi 8, 9, 4;
    %set/v v0x285b1c0_0, 8, 4;
    %set/v v0x285b240_0, 0, 1;
    %set/v v0x285b3e0_0, 0, 1;
    %delay 5, 0;
    %movi 8, 8, 4;
    %set/v v0x285b140_0, 8, 4;
    %movi 8, 10, 4;
    %set/v v0x285b1c0_0, 8, 4;
    %set/v v0x285b240_0, 0, 1;
    %set/v v0x285b3e0_0, 0, 1;
    %delay 5, 0;
    %movi 8, 8, 4;
    %set/v v0x285b140_0, 8, 4;
    %movi 8, 11, 4;
    %set/v v0x285b1c0_0, 8, 4;
    %set/v v0x285b240_0, 0, 1;
    %set/v v0x285b3e0_0, 0, 1;
    %delay 5, 0;
    %movi 8, 8, 4;
    %set/v v0x285b140_0, 8, 4;
    %movi 8, 12, 4;
    %set/v v0x285b1c0_0, 8, 4;
    %set/v v0x285b240_0, 0, 1;
    %set/v v0x285b3e0_0, 0, 1;
    %delay 5, 0;
    %movi 8, 8, 4;
    %set/v v0x285b140_0, 8, 4;
    %movi 8, 13, 4;
    %set/v v0x285b1c0_0, 8, 4;
    %set/v v0x285b240_0, 0, 1;
    %set/v v0x285b3e0_0, 0, 1;
    %delay 5, 0;
    %movi 8, 8, 4;
    %set/v v0x285b140_0, 8, 4;
    %movi 8, 14, 4;
    %set/v v0x285b1c0_0, 8, 4;
    %set/v v0x285b240_0, 0, 1;
    %set/v v0x285b3e0_0, 0, 1;
    %delay 5, 0;
    %movi 8, 8, 4;
    %set/v v0x285b140_0, 8, 4;
    %set/v v0x285b1c0_0, 1, 4;
    %set/v v0x285b240_0, 0, 1;
    %set/v v0x285b3e0_0, 0, 1;
    %delay 5, 0;
    %movi 8, 9, 4;
    %set/v v0x285b140_0, 8, 4;
    %set/v v0x285b1c0_0, 0, 4;
    %set/v v0x285b240_0, 0, 1;
    %set/v v0x285b3e0_0, 0, 1;
    %delay 5, 0;
    %movi 8, 9, 4;
    %set/v v0x285b140_0, 8, 4;
    %movi 8, 1, 4;
    %set/v v0x285b1c0_0, 8, 4;
    %set/v v0x285b240_0, 0, 1;
    %set/v v0x285b3e0_0, 0, 1;
    %delay 5, 0;
    %movi 8, 9, 4;
    %set/v v0x285b140_0, 8, 4;
    %movi 8, 2, 4;
    %set/v v0x285b1c0_0, 8, 4;
    %set/v v0x285b240_0, 0, 1;
    %set/v v0x285b3e0_0, 0, 1;
    %delay 5, 0;
    %movi 8, 9, 4;
    %set/v v0x285b140_0, 8, 4;
    %movi 8, 3, 4;
    %set/v v0x285b1c0_0, 8, 4;
    %set/v v0x285b240_0, 0, 1;
    %set/v v0x285b3e0_0, 0, 1;
    %delay 5, 0;
    %movi 8, 9, 4;
    %set/v v0x285b140_0, 8, 4;
    %movi 8, 4, 4;
    %set/v v0x285b1c0_0, 8, 4;
    %set/v v0x285b240_0, 0, 1;
    %set/v v0x285b3e0_0, 0, 1;
    %delay 5, 0;
    %movi 8, 9, 4;
    %set/v v0x285b140_0, 8, 4;
    %movi 8, 5, 4;
    %set/v v0x285b1c0_0, 8, 4;
    %set/v v0x285b240_0, 0, 1;
    %set/v v0x285b3e0_0, 0, 1;
    %delay 5, 0;
    %movi 8, 9, 4;
    %set/v v0x285b140_0, 8, 4;
    %movi 8, 6, 4;
    %set/v v0x285b1c0_0, 8, 4;
    %set/v v0x285b240_0, 0, 1;
    %set/v v0x285b3e0_0, 0, 1;
    %delay 5, 0;
    %movi 8, 9, 4;
    %set/v v0x285b140_0, 8, 4;
    %movi 8, 7, 4;
    %set/v v0x285b1c0_0, 8, 4;
    %set/v v0x285b240_0, 0, 1;
    %set/v v0x285b3e0_0, 0, 1;
    %delay 5, 0;
    %movi 8, 9, 4;
    %set/v v0x285b140_0, 8, 4;
    %movi 8, 8, 4;
    %set/v v0x285b1c0_0, 8, 4;
    %set/v v0x285b240_0, 0, 1;
    %set/v v0x285b3e0_0, 0, 1;
    %delay 5, 0;
    %movi 8, 9, 4;
    %set/v v0x285b140_0, 8, 4;
    %movi 8, 9, 4;
    %set/v v0x285b1c0_0, 8, 4;
    %set/v v0x285b240_0, 0, 1;
    %set/v v0x285b3e0_0, 0, 1;
    %delay 5, 0;
    %movi 8, 9, 4;
    %set/v v0x285b140_0, 8, 4;
    %movi 8, 10, 4;
    %set/v v0x285b1c0_0, 8, 4;
    %set/v v0x285b240_0, 0, 1;
    %set/v v0x285b3e0_0, 0, 1;
    %delay 5, 0;
    %movi 8, 9, 4;
    %set/v v0x285b140_0, 8, 4;
    %movi 8, 11, 4;
    %set/v v0x285b1c0_0, 8, 4;
    %set/v v0x285b240_0, 0, 1;
    %set/v v0x285b3e0_0, 0, 1;
    %delay 5, 0;
    %movi 8, 9, 4;
    %set/v v0x285b140_0, 8, 4;
    %movi 8, 12, 4;
    %set/v v0x285b1c0_0, 8, 4;
    %set/v v0x285b240_0, 0, 1;
    %set/v v0x285b3e0_0, 0, 1;
    %delay 5, 0;
    %movi 8, 9, 4;
    %set/v v0x285b140_0, 8, 4;
    %movi 8, 13, 4;
    %set/v v0x285b1c0_0, 8, 4;
    %set/v v0x285b240_0, 0, 1;
    %set/v v0x285b3e0_0, 0, 1;
    %delay 5, 0;
    %movi 8, 9, 4;
    %set/v v0x285b140_0, 8, 4;
    %movi 8, 14, 4;
    %set/v v0x285b1c0_0, 8, 4;
    %set/v v0x285b240_0, 0, 1;
    %set/v v0x285b3e0_0, 0, 1;
    %delay 5, 0;
    %movi 8, 9, 4;
    %set/v v0x285b140_0, 8, 4;
    %set/v v0x285b1c0_0, 1, 4;
    %set/v v0x285b240_0, 0, 1;
    %set/v v0x285b3e0_0, 0, 1;
    %delay 5, 0;
    %movi 8, 10, 4;
    %set/v v0x285b140_0, 8, 4;
    %set/v v0x285b1c0_0, 0, 4;
    %set/v v0x285b240_0, 0, 1;
    %set/v v0x285b3e0_0, 0, 1;
    %delay 5, 0;
    %movi 8, 10, 4;
    %set/v v0x285b140_0, 8, 4;
    %movi 8, 1, 4;
    %set/v v0x285b1c0_0, 8, 4;
    %set/v v0x285b240_0, 0, 1;
    %set/v v0x285b3e0_0, 0, 1;
    %delay 5, 0;
    %movi 8, 10, 4;
    %set/v v0x285b140_0, 8, 4;
    %movi 8, 2, 4;
    %set/v v0x285b1c0_0, 8, 4;
    %set/v v0x285b240_0, 0, 1;
    %set/v v0x285b3e0_0, 0, 1;
    %delay 5, 0;
    %movi 8, 10, 4;
    %set/v v0x285b140_0, 8, 4;
    %movi 8, 3, 4;
    %set/v v0x285b1c0_0, 8, 4;
    %set/v v0x285b240_0, 0, 1;
    %set/v v0x285b3e0_0, 0, 1;
    %delay 5, 0;
    %movi 8, 10, 4;
    %set/v v0x285b140_0, 8, 4;
    %movi 8, 4, 4;
    %set/v v0x285b1c0_0, 8, 4;
    %set/v v0x285b240_0, 0, 1;
    %set/v v0x285b3e0_0, 0, 1;
    %delay 5, 0;
    %movi 8, 10, 4;
    %set/v v0x285b140_0, 8, 4;
    %movi 8, 5, 4;
    %set/v v0x285b1c0_0, 8, 4;
    %set/v v0x285b240_0, 0, 1;
    %set/v v0x285b3e0_0, 0, 1;
    %delay 5, 0;
    %movi 8, 10, 4;
    %set/v v0x285b140_0, 8, 4;
    %movi 8, 6, 4;
    %set/v v0x285b1c0_0, 8, 4;
    %set/v v0x285b240_0, 0, 1;
    %set/v v0x285b3e0_0, 0, 1;
    %delay 5, 0;
    %movi 8, 10, 4;
    %set/v v0x285b140_0, 8, 4;
    %movi 8, 7, 4;
    %set/v v0x285b1c0_0, 8, 4;
    %set/v v0x285b240_0, 0, 1;
    %set/v v0x285b3e0_0, 0, 1;
    %delay 5, 0;
    %movi 8, 10, 4;
    %set/v v0x285b140_0, 8, 4;
    %movi 8, 8, 4;
    %set/v v0x285b1c0_0, 8, 4;
    %set/v v0x285b240_0, 0, 1;
    %set/v v0x285b3e0_0, 0, 1;
    %delay 5, 0;
    %movi 8, 10, 4;
    %set/v v0x285b140_0, 8, 4;
    %movi 8, 9, 4;
    %set/v v0x285b1c0_0, 8, 4;
    %set/v v0x285b240_0, 0, 1;
    %set/v v0x285b3e0_0, 0, 1;
    %delay 5, 0;
    %movi 8, 10, 4;
    %set/v v0x285b140_0, 8, 4;
    %movi 8, 10, 4;
    %set/v v0x285b1c0_0, 8, 4;
    %set/v v0x285b240_0, 0, 1;
    %set/v v0x285b3e0_0, 0, 1;
    %delay 5, 0;
    %movi 8, 10, 4;
    %set/v v0x285b140_0, 8, 4;
    %movi 8, 11, 4;
    %set/v v0x285b1c0_0, 8, 4;
    %set/v v0x285b240_0, 0, 1;
    %set/v v0x285b3e0_0, 0, 1;
    %delay 5, 0;
    %movi 8, 10, 4;
    %set/v v0x285b140_0, 8, 4;
    %movi 8, 12, 4;
    %set/v v0x285b1c0_0, 8, 4;
    %set/v v0x285b240_0, 0, 1;
    %set/v v0x285b3e0_0, 0, 1;
    %delay 5, 0;
    %movi 8, 10, 4;
    %set/v v0x285b140_0, 8, 4;
    %movi 8, 13, 4;
    %set/v v0x285b1c0_0, 8, 4;
    %set/v v0x285b240_0, 0, 1;
    %set/v v0x285b3e0_0, 0, 1;
    %delay 5, 0;
    %movi 8, 10, 4;
    %set/v v0x285b140_0, 8, 4;
    %movi 8, 14, 4;
    %set/v v0x285b1c0_0, 8, 4;
    %set/v v0x285b240_0, 0, 1;
    %set/v v0x285b3e0_0, 0, 1;
    %delay 5, 0;
    %movi 8, 10, 4;
    %set/v v0x285b140_0, 8, 4;
    %set/v v0x285b1c0_0, 1, 4;
    %set/v v0x285b240_0, 0, 1;
    %set/v v0x285b3e0_0, 0, 1;
    %delay 5, 0;
    %movi 8, 11, 4;
    %set/v v0x285b140_0, 8, 4;
    %set/v v0x285b1c0_0, 0, 4;
    %set/v v0x285b240_0, 0, 1;
    %set/v v0x285b3e0_0, 0, 1;
    %delay 5, 0;
    %movi 8, 11, 4;
    %set/v v0x285b140_0, 8, 4;
    %movi 8, 1, 4;
    %set/v v0x285b1c0_0, 8, 4;
    %set/v v0x285b240_0, 0, 1;
    %set/v v0x285b3e0_0, 0, 1;
    %delay 5, 0;
    %movi 8, 11, 4;
    %set/v v0x285b140_0, 8, 4;
    %movi 8, 2, 4;
    %set/v v0x285b1c0_0, 8, 4;
    %set/v v0x285b240_0, 0, 1;
    %set/v v0x285b3e0_0, 0, 1;
    %delay 5, 0;
    %movi 8, 11, 4;
    %set/v v0x285b140_0, 8, 4;
    %movi 8, 3, 4;
    %set/v v0x285b1c0_0, 8, 4;
    %set/v v0x285b240_0, 0, 1;
    %set/v v0x285b3e0_0, 0, 1;
    %delay 5, 0;
    %movi 8, 11, 4;
    %set/v v0x285b140_0, 8, 4;
    %movi 8, 4, 4;
    %set/v v0x285b1c0_0, 8, 4;
    %set/v v0x285b240_0, 0, 1;
    %set/v v0x285b3e0_0, 0, 1;
    %delay 5, 0;
    %movi 8, 11, 4;
    %set/v v0x285b140_0, 8, 4;
    %movi 8, 5, 4;
    %set/v v0x285b1c0_0, 8, 4;
    %set/v v0x285b240_0, 0, 1;
    %set/v v0x285b3e0_0, 0, 1;
    %delay 5, 0;
    %movi 8, 11, 4;
    %set/v v0x285b140_0, 8, 4;
    %movi 8, 6, 4;
    %set/v v0x285b1c0_0, 8, 4;
    %set/v v0x285b240_0, 0, 1;
    %set/v v0x285b3e0_0, 0, 1;
    %delay 5, 0;
    %movi 8, 11, 4;
    %set/v v0x285b140_0, 8, 4;
    %movi 8, 7, 4;
    %set/v v0x285b1c0_0, 8, 4;
    %set/v v0x285b240_0, 0, 1;
    %set/v v0x285b3e0_0, 0, 1;
    %delay 5, 0;
    %movi 8, 11, 4;
    %set/v v0x285b140_0, 8, 4;
    %movi 8, 8, 4;
    %set/v v0x285b1c0_0, 8, 4;
    %set/v v0x285b240_0, 0, 1;
    %set/v v0x285b3e0_0, 0, 1;
    %delay 5, 0;
    %movi 8, 11, 4;
    %set/v v0x285b140_0, 8, 4;
    %movi 8, 9, 4;
    %set/v v0x285b1c0_0, 8, 4;
    %set/v v0x285b240_0, 0, 1;
    %set/v v0x285b3e0_0, 0, 1;
    %delay 5, 0;
    %movi 8, 11, 4;
    %set/v v0x285b140_0, 8, 4;
    %movi 8, 10, 4;
    %set/v v0x285b1c0_0, 8, 4;
    %set/v v0x285b240_0, 0, 1;
    %set/v v0x285b3e0_0, 0, 1;
    %delay 5, 0;
    %movi 8, 11, 4;
    %set/v v0x285b140_0, 8, 4;
    %movi 8, 11, 4;
    %set/v v0x285b1c0_0, 8, 4;
    %set/v v0x285b240_0, 0, 1;
    %set/v v0x285b3e0_0, 0, 1;
    %delay 5, 0;
    %movi 8, 11, 4;
    %set/v v0x285b140_0, 8, 4;
    %movi 8, 12, 4;
    %set/v v0x285b1c0_0, 8, 4;
    %set/v v0x285b240_0, 0, 1;
    %set/v v0x285b3e0_0, 0, 1;
    %delay 5, 0;
    %movi 8, 11, 4;
    %set/v v0x285b140_0, 8, 4;
    %movi 8, 13, 4;
    %set/v v0x285b1c0_0, 8, 4;
    %set/v v0x285b240_0, 0, 1;
    %set/v v0x285b3e0_0, 0, 1;
    %delay 5, 0;
    %movi 8, 11, 4;
    %set/v v0x285b140_0, 8, 4;
    %movi 8, 14, 4;
    %set/v v0x285b1c0_0, 8, 4;
    %set/v v0x285b240_0, 0, 1;
    %set/v v0x285b3e0_0, 0, 1;
    %delay 5, 0;
    %movi 8, 11, 4;
    %set/v v0x285b140_0, 8, 4;
    %set/v v0x285b1c0_0, 1, 4;
    %set/v v0x285b240_0, 0, 1;
    %set/v v0x285b3e0_0, 0, 1;
    %delay 5, 0;
    %movi 8, 12, 4;
    %set/v v0x285b140_0, 8, 4;
    %set/v v0x285b1c0_0, 0, 4;
    %set/v v0x285b240_0, 0, 1;
    %set/v v0x285b3e0_0, 0, 1;
    %delay 5, 0;
    %movi 8, 12, 4;
    %set/v v0x285b140_0, 8, 4;
    %movi 8, 1, 4;
    %set/v v0x285b1c0_0, 8, 4;
    %set/v v0x285b240_0, 0, 1;
    %set/v v0x285b3e0_0, 0, 1;
    %delay 5, 0;
    %movi 8, 12, 4;
    %set/v v0x285b140_0, 8, 4;
    %movi 8, 2, 4;
    %set/v v0x285b1c0_0, 8, 4;
    %set/v v0x285b240_0, 0, 1;
    %set/v v0x285b3e0_0, 0, 1;
    %delay 5, 0;
    %movi 8, 12, 4;
    %set/v v0x285b140_0, 8, 4;
    %movi 8, 3, 4;
    %set/v v0x285b1c0_0, 8, 4;
    %set/v v0x285b240_0, 0, 1;
    %set/v v0x285b3e0_0, 0, 1;
    %delay 5, 0;
    %movi 8, 12, 4;
    %set/v v0x285b140_0, 8, 4;
    %movi 8, 4, 4;
    %set/v v0x285b1c0_0, 8, 4;
    %set/v v0x285b240_0, 0, 1;
    %set/v v0x285b3e0_0, 0, 1;
    %delay 5, 0;
    %movi 8, 12, 4;
    %set/v v0x285b140_0, 8, 4;
    %movi 8, 5, 4;
    %set/v v0x285b1c0_0, 8, 4;
    %set/v v0x285b240_0, 0, 1;
    %set/v v0x285b3e0_0, 0, 1;
    %delay 5, 0;
    %movi 8, 12, 4;
    %set/v v0x285b140_0, 8, 4;
    %movi 8, 6, 4;
    %set/v v0x285b1c0_0, 8, 4;
    %set/v v0x285b240_0, 0, 1;
    %set/v v0x285b3e0_0, 0, 1;
    %delay 5, 0;
    %movi 8, 12, 4;
    %set/v v0x285b140_0, 8, 4;
    %movi 8, 7, 4;
    %set/v v0x285b1c0_0, 8, 4;
    %set/v v0x285b240_0, 0, 1;
    %set/v v0x285b3e0_0, 0, 1;
    %delay 5, 0;
    %movi 8, 12, 4;
    %set/v v0x285b140_0, 8, 4;
    %movi 8, 8, 4;
    %set/v v0x285b1c0_0, 8, 4;
    %set/v v0x285b240_0, 0, 1;
    %set/v v0x285b3e0_0, 0, 1;
    %delay 5, 0;
    %movi 8, 12, 4;
    %set/v v0x285b140_0, 8, 4;
    %movi 8, 9, 4;
    %set/v v0x285b1c0_0, 8, 4;
    %set/v v0x285b240_0, 0, 1;
    %set/v v0x285b3e0_0, 0, 1;
    %delay 5, 0;
    %movi 8, 12, 4;
    %set/v v0x285b140_0, 8, 4;
    %movi 8, 10, 4;
    %set/v v0x285b1c0_0, 8, 4;
    %set/v v0x285b240_0, 0, 1;
    %set/v v0x285b3e0_0, 0, 1;
    %delay 5, 0;
    %movi 8, 12, 4;
    %set/v v0x285b140_0, 8, 4;
    %movi 8, 11, 4;
    %set/v v0x285b1c0_0, 8, 4;
    %set/v v0x285b240_0, 0, 1;
    %set/v v0x285b3e0_0, 0, 1;
    %delay 5, 0;
    %movi 8, 12, 4;
    %set/v v0x285b140_0, 8, 4;
    %movi 8, 12, 4;
    %set/v v0x285b1c0_0, 8, 4;
    %set/v v0x285b240_0, 0, 1;
    %set/v v0x285b3e0_0, 0, 1;
    %delay 5, 0;
    %movi 8, 12, 4;
    %set/v v0x285b140_0, 8, 4;
    %movi 8, 13, 4;
    %set/v v0x285b1c0_0, 8, 4;
    %set/v v0x285b240_0, 0, 1;
    %set/v v0x285b3e0_0, 0, 1;
    %delay 5, 0;
    %movi 8, 12, 4;
    %set/v v0x285b140_0, 8, 4;
    %movi 8, 14, 4;
    %set/v v0x285b1c0_0, 8, 4;
    %set/v v0x285b240_0, 0, 1;
    %set/v v0x285b3e0_0, 0, 1;
    %delay 5, 0;
    %movi 8, 12, 4;
    %set/v v0x285b140_0, 8, 4;
    %set/v v0x285b1c0_0, 1, 4;
    %set/v v0x285b240_0, 0, 1;
    %set/v v0x285b3e0_0, 0, 1;
    %delay 5, 0;
    %movi 8, 13, 4;
    %set/v v0x285b140_0, 8, 4;
    %set/v v0x285b1c0_0, 0, 4;
    %set/v v0x285b240_0, 0, 1;
    %set/v v0x285b3e0_0, 0, 1;
    %delay 5, 0;
    %movi 8, 13, 4;
    %set/v v0x285b140_0, 8, 4;
    %movi 8, 1, 4;
    %set/v v0x285b1c0_0, 8, 4;
    %set/v v0x285b240_0, 0, 1;
    %set/v v0x285b3e0_0, 0, 1;
    %delay 5, 0;
    %movi 8, 13, 4;
    %set/v v0x285b140_0, 8, 4;
    %movi 8, 2, 4;
    %set/v v0x285b1c0_0, 8, 4;
    %set/v v0x285b240_0, 0, 1;
    %set/v v0x285b3e0_0, 0, 1;
    %delay 5, 0;
    %movi 8, 13, 4;
    %set/v v0x285b140_0, 8, 4;
    %movi 8, 3, 4;
    %set/v v0x285b1c0_0, 8, 4;
    %set/v v0x285b240_0, 0, 1;
    %set/v v0x285b3e0_0, 0, 1;
    %delay 5, 0;
    %movi 8, 13, 4;
    %set/v v0x285b140_0, 8, 4;
    %movi 8, 4, 4;
    %set/v v0x285b1c0_0, 8, 4;
    %set/v v0x285b240_0, 0, 1;
    %set/v v0x285b3e0_0, 0, 1;
    %delay 5, 0;
    %movi 8, 13, 4;
    %set/v v0x285b140_0, 8, 4;
    %movi 8, 5, 4;
    %set/v v0x285b1c0_0, 8, 4;
    %set/v v0x285b240_0, 0, 1;
    %set/v v0x285b3e0_0, 0, 1;
    %delay 5, 0;
    %movi 8, 13, 4;
    %set/v v0x285b140_0, 8, 4;
    %movi 8, 6, 4;
    %set/v v0x285b1c0_0, 8, 4;
    %set/v v0x285b240_0, 0, 1;
    %set/v v0x285b3e0_0, 0, 1;
    %delay 5, 0;
    %movi 8, 13, 4;
    %set/v v0x285b140_0, 8, 4;
    %movi 8, 7, 4;
    %set/v v0x285b1c0_0, 8, 4;
    %set/v v0x285b240_0, 0, 1;
    %set/v v0x285b3e0_0, 0, 1;
    %delay 5, 0;
    %movi 8, 13, 4;
    %set/v v0x285b140_0, 8, 4;
    %movi 8, 8, 4;
    %set/v v0x285b1c0_0, 8, 4;
    %set/v v0x285b240_0, 0, 1;
    %set/v v0x285b3e0_0, 0, 1;
    %delay 5, 0;
    %movi 8, 13, 4;
    %set/v v0x285b140_0, 8, 4;
    %movi 8, 9, 4;
    %set/v v0x285b1c0_0, 8, 4;
    %set/v v0x285b240_0, 0, 1;
    %set/v v0x285b3e0_0, 0, 1;
    %delay 5, 0;
    %movi 8, 13, 4;
    %set/v v0x285b140_0, 8, 4;
    %movi 8, 10, 4;
    %set/v v0x285b1c0_0, 8, 4;
    %set/v v0x285b240_0, 0, 1;
    %set/v v0x285b3e0_0, 0, 1;
    %delay 5, 0;
    %movi 8, 13, 4;
    %set/v v0x285b140_0, 8, 4;
    %movi 8, 11, 4;
    %set/v v0x285b1c0_0, 8, 4;
    %set/v v0x285b240_0, 0, 1;
    %set/v v0x285b3e0_0, 0, 1;
    %delay 5, 0;
    %movi 8, 13, 4;
    %set/v v0x285b140_0, 8, 4;
    %movi 8, 12, 4;
    %set/v v0x285b1c0_0, 8, 4;
    %set/v v0x285b240_0, 0, 1;
    %set/v v0x285b3e0_0, 0, 1;
    %delay 5, 0;
    %movi 8, 13, 4;
    %set/v v0x285b140_0, 8, 4;
    %movi 8, 13, 4;
    %set/v v0x285b1c0_0, 8, 4;
    %set/v v0x285b240_0, 0, 1;
    %set/v v0x285b3e0_0, 0, 1;
    %delay 5, 0;
    %movi 8, 13, 4;
    %set/v v0x285b140_0, 8, 4;
    %movi 8, 14, 4;
    %set/v v0x285b1c0_0, 8, 4;
    %set/v v0x285b240_0, 0, 1;
    %set/v v0x285b3e0_0, 0, 1;
    %delay 5, 0;
    %movi 8, 13, 4;
    %set/v v0x285b140_0, 8, 4;
    %set/v v0x285b1c0_0, 1, 4;
    %set/v v0x285b240_0, 0, 1;
    %set/v v0x285b3e0_0, 0, 1;
    %delay 5, 0;
    %movi 8, 14, 4;
    %set/v v0x285b140_0, 8, 4;
    %set/v v0x285b1c0_0, 0, 4;
    %set/v v0x285b240_0, 0, 1;
    %set/v v0x285b3e0_0, 0, 1;
    %delay 5, 0;
    %movi 8, 14, 4;
    %set/v v0x285b140_0, 8, 4;
    %movi 8, 1, 4;
    %set/v v0x285b1c0_0, 8, 4;
    %set/v v0x285b240_0, 0, 1;
    %set/v v0x285b3e0_0, 0, 1;
    %delay 5, 0;
    %movi 8, 14, 4;
    %set/v v0x285b140_0, 8, 4;
    %movi 8, 2, 4;
    %set/v v0x285b1c0_0, 8, 4;
    %set/v v0x285b240_0, 0, 1;
    %set/v v0x285b3e0_0, 0, 1;
    %delay 5, 0;
    %movi 8, 14, 4;
    %set/v v0x285b140_0, 8, 4;
    %movi 8, 3, 4;
    %set/v v0x285b1c0_0, 8, 4;
    %set/v v0x285b240_0, 0, 1;
    %set/v v0x285b3e0_0, 0, 1;
    %delay 5, 0;
    %movi 8, 14, 4;
    %set/v v0x285b140_0, 8, 4;
    %movi 8, 4, 4;
    %set/v v0x285b1c0_0, 8, 4;
    %set/v v0x285b240_0, 0, 1;
    %set/v v0x285b3e0_0, 0, 1;
    %delay 5, 0;
    %movi 8, 14, 4;
    %set/v v0x285b140_0, 8, 4;
    %movi 8, 5, 4;
    %set/v v0x285b1c0_0, 8, 4;
    %set/v v0x285b240_0, 0, 1;
    %set/v v0x285b3e0_0, 0, 1;
    %delay 5, 0;
    %movi 8, 14, 4;
    %set/v v0x285b140_0, 8, 4;
    %movi 8, 6, 4;
    %set/v v0x285b1c0_0, 8, 4;
    %set/v v0x285b240_0, 0, 1;
    %set/v v0x285b3e0_0, 0, 1;
    %delay 5, 0;
    %movi 8, 14, 4;
    %set/v v0x285b140_0, 8, 4;
    %movi 8, 7, 4;
    %set/v v0x285b1c0_0, 8, 4;
    %set/v v0x285b240_0, 0, 1;
    %set/v v0x285b3e0_0, 0, 1;
    %delay 5, 0;
    %movi 8, 14, 4;
    %set/v v0x285b140_0, 8, 4;
    %movi 8, 8, 4;
    %set/v v0x285b1c0_0, 8, 4;
    %set/v v0x285b240_0, 0, 1;
    %set/v v0x285b3e0_0, 0, 1;
    %delay 5, 0;
    %movi 8, 14, 4;
    %set/v v0x285b140_0, 8, 4;
    %movi 8, 9, 4;
    %set/v v0x285b1c0_0, 8, 4;
    %set/v v0x285b240_0, 0, 1;
    %set/v v0x285b3e0_0, 0, 1;
    %delay 5, 0;
    %movi 8, 14, 4;
    %set/v v0x285b140_0, 8, 4;
    %movi 8, 10, 4;
    %set/v v0x285b1c0_0, 8, 4;
    %set/v v0x285b240_0, 0, 1;
    %set/v v0x285b3e0_0, 0, 1;
    %delay 5, 0;
    %movi 8, 14, 4;
    %set/v v0x285b140_0, 8, 4;
    %movi 8, 11, 4;
    %set/v v0x285b1c0_0, 8, 4;
    %set/v v0x285b240_0, 0, 1;
    %set/v v0x285b3e0_0, 0, 1;
    %delay 5, 0;
    %movi 8, 14, 4;
    %set/v v0x285b140_0, 8, 4;
    %movi 8, 12, 4;
    %set/v v0x285b1c0_0, 8, 4;
    %set/v v0x285b240_0, 0, 1;
    %set/v v0x285b3e0_0, 0, 1;
    %delay 5, 0;
    %movi 8, 14, 4;
    %set/v v0x285b140_0, 8, 4;
    %movi 8, 13, 4;
    %set/v v0x285b1c0_0, 8, 4;
    %set/v v0x285b240_0, 0, 1;
    %set/v v0x285b3e0_0, 0, 1;
    %delay 5, 0;
    %movi 8, 14, 4;
    %set/v v0x285b140_0, 8, 4;
    %movi 8, 14, 4;
    %set/v v0x285b1c0_0, 8, 4;
    %set/v v0x285b240_0, 0, 1;
    %set/v v0x285b3e0_0, 0, 1;
    %delay 5, 0;
    %movi 8, 14, 4;
    %set/v v0x285b140_0, 8, 4;
    %set/v v0x285b1c0_0, 1, 4;
    %set/v v0x285b240_0, 0, 1;
    %set/v v0x285b3e0_0, 0, 1;
    %delay 5, 0;
    %set/v v0x285b140_0, 1, 4;
    %set/v v0x285b1c0_0, 0, 4;
    %set/v v0x285b240_0, 0, 1;
    %set/v v0x285b3e0_0, 0, 1;
    %delay 5, 0;
    %set/v v0x285b140_0, 1, 4;
    %movi 8, 1, 4;
    %set/v v0x285b1c0_0, 8, 4;
    %set/v v0x285b240_0, 0, 1;
    %set/v v0x285b3e0_0, 0, 1;
    %delay 5, 0;
    %set/v v0x285b140_0, 1, 4;
    %movi 8, 2, 4;
    %set/v v0x285b1c0_0, 8, 4;
    %set/v v0x285b240_0, 0, 1;
    %set/v v0x285b3e0_0, 0, 1;
    %delay 5, 0;
    %set/v v0x285b140_0, 1, 4;
    %movi 8, 3, 4;
    %set/v v0x285b1c0_0, 8, 4;
    %set/v v0x285b240_0, 0, 1;
    %set/v v0x285b3e0_0, 0, 1;
    %delay 5, 0;
    %set/v v0x285b140_0, 1, 4;
    %movi 8, 4, 4;
    %set/v v0x285b1c0_0, 8, 4;
    %set/v v0x285b240_0, 0, 1;
    %set/v v0x285b3e0_0, 0, 1;
    %delay 5, 0;
    %set/v v0x285b140_0, 1, 4;
    %movi 8, 5, 4;
    %set/v v0x285b1c0_0, 8, 4;
    %set/v v0x285b240_0, 0, 1;
    %set/v v0x285b3e0_0, 0, 1;
    %delay 5, 0;
    %set/v v0x285b140_0, 1, 4;
    %movi 8, 6, 4;
    %set/v v0x285b1c0_0, 8, 4;
    %set/v v0x285b240_0, 0, 1;
    %set/v v0x285b3e0_0, 0, 1;
    %delay 5, 0;
    %set/v v0x285b140_0, 1, 4;
    %movi 8, 7, 4;
    %set/v v0x285b1c0_0, 8, 4;
    %set/v v0x285b240_0, 0, 1;
    %set/v v0x285b3e0_0, 0, 1;
    %delay 5, 0;
    %set/v v0x285b140_0, 1, 4;
    %movi 8, 8, 4;
    %set/v v0x285b1c0_0, 8, 4;
    %set/v v0x285b240_0, 0, 1;
    %set/v v0x285b3e0_0, 0, 1;
    %delay 5, 0;
    %set/v v0x285b140_0, 1, 4;
    %movi 8, 9, 4;
    %set/v v0x285b1c0_0, 8, 4;
    %set/v v0x285b240_0, 0, 1;
    %set/v v0x285b3e0_0, 0, 1;
    %delay 5, 0;
    %set/v v0x285b140_0, 1, 4;
    %movi 8, 10, 4;
    %set/v v0x285b1c0_0, 8, 4;
    %set/v v0x285b240_0, 0, 1;
    %set/v v0x285b3e0_0, 0, 1;
    %delay 5, 0;
    %set/v v0x285b140_0, 1, 4;
    %movi 8, 11, 4;
    %set/v v0x285b1c0_0, 8, 4;
    %set/v v0x285b240_0, 0, 1;
    %set/v v0x285b3e0_0, 0, 1;
    %delay 5, 0;
    %set/v v0x285b140_0, 1, 4;
    %movi 8, 12, 4;
    %set/v v0x285b1c0_0, 8, 4;
    %set/v v0x285b240_0, 0, 1;
    %set/v v0x285b3e0_0, 0, 1;
    %delay 5, 0;
    %set/v v0x285b140_0, 1, 4;
    %movi 8, 13, 4;
    %set/v v0x285b1c0_0, 8, 4;
    %set/v v0x285b240_0, 0, 1;
    %set/v v0x285b3e0_0, 0, 1;
    %delay 5, 0;
    %set/v v0x285b140_0, 1, 4;
    %movi 8, 14, 4;
    %set/v v0x285b1c0_0, 8, 4;
    %set/v v0x285b240_0, 0, 1;
    %set/v v0x285b3e0_0, 0, 1;
    %delay 5, 0;
    %set/v v0x285b140_0, 1, 4;
    %set/v v0x285b1c0_0, 1, 4;
    %set/v v0x285b240_0, 0, 1;
    %set/v v0x285b3e0_0, 0, 1;
    %delay 5, 0;
    %set/v v0x285b140_0, 0, 4;
    %set/v v0x285b1c0_0, 0, 4;
    %set/v v0x285b240_0, 0, 1;
    %set/v v0x285b3e0_0, 1, 1;
    %delay 5, 0;
    %set/v v0x285b140_0, 0, 4;
    %movi 8, 1, 4;
    %set/v v0x285b1c0_0, 8, 4;
    %set/v v0x285b240_0, 0, 1;
    %set/v v0x285b3e0_0, 1, 1;
    %delay 5, 0;
    %set/v v0x285b140_0, 0, 4;
    %movi 8, 2, 4;
    %set/v v0x285b1c0_0, 8, 4;
    %set/v v0x285b240_0, 0, 1;
    %set/v v0x285b3e0_0, 1, 1;
    %delay 5, 0;
    %set/v v0x285b140_0, 0, 4;
    %movi 8, 3, 4;
    %set/v v0x285b1c0_0, 8, 4;
    %set/v v0x285b240_0, 0, 1;
    %set/v v0x285b3e0_0, 1, 1;
    %delay 5, 0;
    %set/v v0x285b140_0, 0, 4;
    %movi 8, 4, 4;
    %set/v v0x285b1c0_0, 8, 4;
    %set/v v0x285b240_0, 0, 1;
    %set/v v0x285b3e0_0, 1, 1;
    %delay 5, 0;
    %set/v v0x285b140_0, 0, 4;
    %movi 8, 5, 4;
    %set/v v0x285b1c0_0, 8, 4;
    %set/v v0x285b240_0, 0, 1;
    %set/v v0x285b3e0_0, 1, 1;
    %delay 5, 0;
    %set/v v0x285b140_0, 0, 4;
    %movi 8, 6, 4;
    %set/v v0x285b1c0_0, 8, 4;
    %set/v v0x285b240_0, 0, 1;
    %set/v v0x285b3e0_0, 1, 1;
    %delay 5, 0;
    %set/v v0x285b140_0, 0, 4;
    %movi 8, 7, 4;
    %set/v v0x285b1c0_0, 8, 4;
    %set/v v0x285b240_0, 0, 1;
    %set/v v0x285b3e0_0, 1, 1;
    %delay 5, 0;
    %set/v v0x285b140_0, 0, 4;
    %movi 8, 8, 4;
    %set/v v0x285b1c0_0, 8, 4;
    %set/v v0x285b240_0, 0, 1;
    %set/v v0x285b3e0_0, 1, 1;
    %delay 5, 0;
    %set/v v0x285b140_0, 0, 4;
    %movi 8, 9, 4;
    %set/v v0x285b1c0_0, 8, 4;
    %set/v v0x285b240_0, 0, 1;
    %set/v v0x285b3e0_0, 1, 1;
    %delay 5, 0;
    %set/v v0x285b140_0, 0, 4;
    %movi 8, 10, 4;
    %set/v v0x285b1c0_0, 8, 4;
    %set/v v0x285b240_0, 0, 1;
    %set/v v0x285b3e0_0, 1, 1;
    %delay 5, 0;
    %set/v v0x285b140_0, 0, 4;
    %movi 8, 11, 4;
    %set/v v0x285b1c0_0, 8, 4;
    %set/v v0x285b240_0, 0, 1;
    %set/v v0x285b3e0_0, 1, 1;
    %delay 5, 0;
    %set/v v0x285b140_0, 0, 4;
    %movi 8, 12, 4;
    %set/v v0x285b1c0_0, 8, 4;
    %set/v v0x285b240_0, 0, 1;
    %set/v v0x285b3e0_0, 1, 1;
    %delay 5, 0;
    %set/v v0x285b140_0, 0, 4;
    %movi 8, 13, 4;
    %set/v v0x285b1c0_0, 8, 4;
    %set/v v0x285b240_0, 0, 1;
    %set/v v0x285b3e0_0, 1, 1;
    %delay 5, 0;
    %set/v v0x285b140_0, 0, 4;
    %movi 8, 14, 4;
    %set/v v0x285b1c0_0, 8, 4;
    %set/v v0x285b240_0, 0, 1;
    %set/v v0x285b3e0_0, 1, 1;
    %delay 5, 0;
    %set/v v0x285b140_0, 0, 4;
    %set/v v0x285b1c0_0, 1, 4;
    %set/v v0x285b240_0, 0, 1;
    %set/v v0x285b3e0_0, 1, 1;
    %delay 5, 0;
    %movi 8, 1, 4;
    %set/v v0x285b140_0, 8, 4;
    %set/v v0x285b1c0_0, 0, 4;
    %set/v v0x285b240_0, 0, 1;
    %set/v v0x285b3e0_0, 1, 1;
    %delay 5, 0;
    %movi 8, 1, 4;
    %set/v v0x285b140_0, 8, 4;
    %movi 8, 1, 4;
    %set/v v0x285b1c0_0, 8, 4;
    %set/v v0x285b240_0, 0, 1;
    %set/v v0x285b3e0_0, 1, 1;
    %delay 5, 0;
    %movi 8, 1, 4;
    %set/v v0x285b140_0, 8, 4;
    %movi 8, 2, 4;
    %set/v v0x285b1c0_0, 8, 4;
    %set/v v0x285b240_0, 0, 1;
    %set/v v0x285b3e0_0, 1, 1;
    %delay 5, 0;
    %movi 8, 1, 4;
    %set/v v0x285b140_0, 8, 4;
    %movi 8, 3, 4;
    %set/v v0x285b1c0_0, 8, 4;
    %set/v v0x285b240_0, 0, 1;
    %set/v v0x285b3e0_0, 1, 1;
    %delay 5, 0;
    %movi 8, 1, 4;
    %set/v v0x285b140_0, 8, 4;
    %movi 8, 4, 4;
    %set/v v0x285b1c0_0, 8, 4;
    %set/v v0x285b240_0, 0, 1;
    %set/v v0x285b3e0_0, 1, 1;
    %delay 5, 0;
    %movi 8, 1, 4;
    %set/v v0x285b140_0, 8, 4;
    %movi 8, 5, 4;
    %set/v v0x285b1c0_0, 8, 4;
    %set/v v0x285b240_0, 0, 1;
    %set/v v0x285b3e0_0, 1, 1;
    %delay 5, 0;
    %movi 8, 1, 4;
    %set/v v0x285b140_0, 8, 4;
    %movi 8, 6, 4;
    %set/v v0x285b1c0_0, 8, 4;
    %set/v v0x285b240_0, 0, 1;
    %set/v v0x285b3e0_0, 1, 1;
    %delay 5, 0;
    %movi 8, 1, 4;
    %set/v v0x285b140_0, 8, 4;
    %movi 8, 7, 4;
    %set/v v0x285b1c0_0, 8, 4;
    %set/v v0x285b240_0, 0, 1;
    %set/v v0x285b3e0_0, 1, 1;
    %delay 5, 0;
    %movi 8, 1, 4;
    %set/v v0x285b140_0, 8, 4;
    %movi 8, 8, 4;
    %set/v v0x285b1c0_0, 8, 4;
    %set/v v0x285b240_0, 0, 1;
    %set/v v0x285b3e0_0, 1, 1;
    %delay 5, 0;
    %movi 8, 1, 4;
    %set/v v0x285b140_0, 8, 4;
    %movi 8, 9, 4;
    %set/v v0x285b1c0_0, 8, 4;
    %set/v v0x285b240_0, 0, 1;
    %set/v v0x285b3e0_0, 1, 1;
    %delay 5, 0;
    %movi 8, 1, 4;
    %set/v v0x285b140_0, 8, 4;
    %movi 8, 10, 4;
    %set/v v0x285b1c0_0, 8, 4;
    %set/v v0x285b240_0, 0, 1;
    %set/v v0x285b3e0_0, 1, 1;
    %delay 5, 0;
    %movi 8, 1, 4;
    %set/v v0x285b140_0, 8, 4;
    %movi 8, 11, 4;
    %set/v v0x285b1c0_0, 8, 4;
    %set/v v0x285b240_0, 0, 1;
    %set/v v0x285b3e0_0, 1, 1;
    %delay 5, 0;
    %movi 8, 1, 4;
    %set/v v0x285b140_0, 8, 4;
    %movi 8, 12, 4;
    %set/v v0x285b1c0_0, 8, 4;
    %set/v v0x285b240_0, 0, 1;
    %set/v v0x285b3e0_0, 1, 1;
    %delay 5, 0;
    %movi 8, 1, 4;
    %set/v v0x285b140_0, 8, 4;
    %movi 8, 13, 4;
    %set/v v0x285b1c0_0, 8, 4;
    %set/v v0x285b240_0, 0, 1;
    %set/v v0x285b3e0_0, 1, 1;
    %delay 5, 0;
    %movi 8, 1, 4;
    %set/v v0x285b140_0, 8, 4;
    %movi 8, 14, 4;
    %set/v v0x285b1c0_0, 8, 4;
    %set/v v0x285b240_0, 0, 1;
    %set/v v0x285b3e0_0, 1, 1;
    %delay 5, 0;
    %movi 8, 1, 4;
    %set/v v0x285b140_0, 8, 4;
    %set/v v0x285b1c0_0, 1, 4;
    %set/v v0x285b240_0, 0, 1;
    %set/v v0x285b3e0_0, 1, 1;
    %delay 5, 0;
    %movi 8, 2, 4;
    %set/v v0x285b140_0, 8, 4;
    %set/v v0x285b1c0_0, 0, 4;
    %set/v v0x285b240_0, 0, 1;
    %set/v v0x285b3e0_0, 1, 1;
    %delay 5, 0;
    %movi 8, 2, 4;
    %set/v v0x285b140_0, 8, 4;
    %movi 8, 1, 4;
    %set/v v0x285b1c0_0, 8, 4;
    %set/v v0x285b240_0, 0, 1;
    %set/v v0x285b3e0_0, 1, 1;
    %delay 5, 0;
    %movi 8, 2, 4;
    %set/v v0x285b140_0, 8, 4;
    %movi 8, 2, 4;
    %set/v v0x285b1c0_0, 8, 4;
    %set/v v0x285b240_0, 0, 1;
    %set/v v0x285b3e0_0, 1, 1;
    %delay 5, 0;
    %movi 8, 2, 4;
    %set/v v0x285b140_0, 8, 4;
    %movi 8, 3, 4;
    %set/v v0x285b1c0_0, 8, 4;
    %set/v v0x285b240_0, 0, 1;
    %set/v v0x285b3e0_0, 1, 1;
    %delay 5, 0;
    %movi 8, 2, 4;
    %set/v v0x285b140_0, 8, 4;
    %movi 8, 4, 4;
    %set/v v0x285b1c0_0, 8, 4;
    %set/v v0x285b240_0, 0, 1;
    %set/v v0x285b3e0_0, 1, 1;
    %delay 5, 0;
    %movi 8, 2, 4;
    %set/v v0x285b140_0, 8, 4;
    %movi 8, 5, 4;
    %set/v v0x285b1c0_0, 8, 4;
    %set/v v0x285b240_0, 0, 1;
    %set/v v0x285b3e0_0, 1, 1;
    %delay 5, 0;
    %movi 8, 2, 4;
    %set/v v0x285b140_0, 8, 4;
    %movi 8, 6, 4;
    %set/v v0x285b1c0_0, 8, 4;
    %set/v v0x285b240_0, 0, 1;
    %set/v v0x285b3e0_0, 1, 1;
    %delay 5, 0;
    %movi 8, 2, 4;
    %set/v v0x285b140_0, 8, 4;
    %movi 8, 7, 4;
    %set/v v0x285b1c0_0, 8, 4;
    %set/v v0x285b240_0, 0, 1;
    %set/v v0x285b3e0_0, 1, 1;
    %delay 5, 0;
    %movi 8, 2, 4;
    %set/v v0x285b140_0, 8, 4;
    %movi 8, 8, 4;
    %set/v v0x285b1c0_0, 8, 4;
    %set/v v0x285b240_0, 0, 1;
    %set/v v0x285b3e0_0, 1, 1;
    %delay 5, 0;
    %movi 8, 2, 4;
    %set/v v0x285b140_0, 8, 4;
    %movi 8, 9, 4;
    %set/v v0x285b1c0_0, 8, 4;
    %set/v v0x285b240_0, 0, 1;
    %set/v v0x285b3e0_0, 1, 1;
    %delay 5, 0;
    %movi 8, 2, 4;
    %set/v v0x285b140_0, 8, 4;
    %movi 8, 10, 4;
    %set/v v0x285b1c0_0, 8, 4;
    %set/v v0x285b240_0, 0, 1;
    %set/v v0x285b3e0_0, 1, 1;
    %delay 5, 0;
    %movi 8, 2, 4;
    %set/v v0x285b140_0, 8, 4;
    %movi 8, 11, 4;
    %set/v v0x285b1c0_0, 8, 4;
    %set/v v0x285b240_0, 0, 1;
    %set/v v0x285b3e0_0, 1, 1;
    %delay 5, 0;
    %movi 8, 2, 4;
    %set/v v0x285b140_0, 8, 4;
    %movi 8, 12, 4;
    %set/v v0x285b1c0_0, 8, 4;
    %set/v v0x285b240_0, 0, 1;
    %set/v v0x285b3e0_0, 1, 1;
    %delay 5, 0;
    %movi 8, 2, 4;
    %set/v v0x285b140_0, 8, 4;
    %movi 8, 13, 4;
    %set/v v0x285b1c0_0, 8, 4;
    %set/v v0x285b240_0, 0, 1;
    %set/v v0x285b3e0_0, 1, 1;
    %delay 5, 0;
    %movi 8, 2, 4;
    %set/v v0x285b140_0, 8, 4;
    %movi 8, 14, 4;
    %set/v v0x285b1c0_0, 8, 4;
    %set/v v0x285b240_0, 0, 1;
    %set/v v0x285b3e0_0, 1, 1;
    %delay 5, 0;
    %movi 8, 2, 4;
    %set/v v0x285b140_0, 8, 4;
    %set/v v0x285b1c0_0, 1, 4;
    %set/v v0x285b240_0, 0, 1;
    %set/v v0x285b3e0_0, 1, 1;
    %delay 5, 0;
    %movi 8, 3, 4;
    %set/v v0x285b140_0, 8, 4;
    %set/v v0x285b1c0_0, 0, 4;
    %set/v v0x285b240_0, 0, 1;
    %set/v v0x285b3e0_0, 1, 1;
    %delay 5, 0;
    %movi 8, 3, 4;
    %set/v v0x285b140_0, 8, 4;
    %movi 8, 1, 4;
    %set/v v0x285b1c0_0, 8, 4;
    %set/v v0x285b240_0, 0, 1;
    %set/v v0x285b3e0_0, 1, 1;
    %delay 5, 0;
    %movi 8, 3, 4;
    %set/v v0x285b140_0, 8, 4;
    %movi 8, 2, 4;
    %set/v v0x285b1c0_0, 8, 4;
    %set/v v0x285b240_0, 0, 1;
    %set/v v0x285b3e0_0, 1, 1;
    %delay 5, 0;
    %movi 8, 3, 4;
    %set/v v0x285b140_0, 8, 4;
    %movi 8, 3, 4;
    %set/v v0x285b1c0_0, 8, 4;
    %set/v v0x285b240_0, 0, 1;
    %set/v v0x285b3e0_0, 1, 1;
    %delay 5, 0;
    %movi 8, 3, 4;
    %set/v v0x285b140_0, 8, 4;
    %movi 8, 4, 4;
    %set/v v0x285b1c0_0, 8, 4;
    %set/v v0x285b240_0, 0, 1;
    %set/v v0x285b3e0_0, 1, 1;
    %delay 5, 0;
    %movi 8, 3, 4;
    %set/v v0x285b140_0, 8, 4;
    %movi 8, 5, 4;
    %set/v v0x285b1c0_0, 8, 4;
    %set/v v0x285b240_0, 0, 1;
    %set/v v0x285b3e0_0, 1, 1;
    %delay 5, 0;
    %movi 8, 3, 4;
    %set/v v0x285b140_0, 8, 4;
    %movi 8, 6, 4;
    %set/v v0x285b1c0_0, 8, 4;
    %set/v v0x285b240_0, 0, 1;
    %set/v v0x285b3e0_0, 1, 1;
    %delay 5, 0;
    %movi 8, 3, 4;
    %set/v v0x285b140_0, 8, 4;
    %movi 8, 7, 4;
    %set/v v0x285b1c0_0, 8, 4;
    %set/v v0x285b240_0, 0, 1;
    %set/v v0x285b3e0_0, 1, 1;
    %delay 5, 0;
    %movi 8, 3, 4;
    %set/v v0x285b140_0, 8, 4;
    %movi 8, 8, 4;
    %set/v v0x285b1c0_0, 8, 4;
    %set/v v0x285b240_0, 0, 1;
    %set/v v0x285b3e0_0, 1, 1;
    %delay 5, 0;
    %movi 8, 3, 4;
    %set/v v0x285b140_0, 8, 4;
    %movi 8, 9, 4;
    %set/v v0x285b1c0_0, 8, 4;
    %set/v v0x285b240_0, 0, 1;
    %set/v v0x285b3e0_0, 1, 1;
    %delay 5, 0;
    %movi 8, 3, 4;
    %set/v v0x285b140_0, 8, 4;
    %movi 8, 10, 4;
    %set/v v0x285b1c0_0, 8, 4;
    %set/v v0x285b240_0, 0, 1;
    %set/v v0x285b3e0_0, 1, 1;
    %delay 5, 0;
    %movi 8, 3, 4;
    %set/v v0x285b140_0, 8, 4;
    %movi 8, 11, 4;
    %set/v v0x285b1c0_0, 8, 4;
    %set/v v0x285b240_0, 0, 1;
    %set/v v0x285b3e0_0, 1, 1;
    %delay 5, 0;
    %movi 8, 3, 4;
    %set/v v0x285b140_0, 8, 4;
    %movi 8, 12, 4;
    %set/v v0x285b1c0_0, 8, 4;
    %set/v v0x285b240_0, 0, 1;
    %set/v v0x285b3e0_0, 1, 1;
    %delay 5, 0;
    %movi 8, 3, 4;
    %set/v v0x285b140_0, 8, 4;
    %movi 8, 13, 4;
    %set/v v0x285b1c0_0, 8, 4;
    %set/v v0x285b240_0, 0, 1;
    %set/v v0x285b3e0_0, 1, 1;
    %delay 5, 0;
    %movi 8, 3, 4;
    %set/v v0x285b140_0, 8, 4;
    %movi 8, 14, 4;
    %set/v v0x285b1c0_0, 8, 4;
    %set/v v0x285b240_0, 0, 1;
    %set/v v0x285b3e0_0, 1, 1;
    %delay 5, 0;
    %movi 8, 3, 4;
    %set/v v0x285b140_0, 8, 4;
    %set/v v0x285b1c0_0, 1, 4;
    %set/v v0x285b240_0, 0, 1;
    %set/v v0x285b3e0_0, 1, 1;
    %delay 5, 0;
    %movi 8, 4, 4;
    %set/v v0x285b140_0, 8, 4;
    %set/v v0x285b1c0_0, 0, 4;
    %set/v v0x285b240_0, 0, 1;
    %set/v v0x285b3e0_0, 1, 1;
    %delay 5, 0;
    %movi 8, 4, 4;
    %set/v v0x285b140_0, 8, 4;
    %movi 8, 1, 4;
    %set/v v0x285b1c0_0, 8, 4;
    %set/v v0x285b240_0, 0, 1;
    %set/v v0x285b3e0_0, 1, 1;
    %delay 5, 0;
    %movi 8, 4, 4;
    %set/v v0x285b140_0, 8, 4;
    %movi 8, 2, 4;
    %set/v v0x285b1c0_0, 8, 4;
    %set/v v0x285b240_0, 0, 1;
    %set/v v0x285b3e0_0, 1, 1;
    %delay 5, 0;
    %movi 8, 4, 4;
    %set/v v0x285b140_0, 8, 4;
    %movi 8, 3, 4;
    %set/v v0x285b1c0_0, 8, 4;
    %set/v v0x285b240_0, 0, 1;
    %set/v v0x285b3e0_0, 1, 1;
    %delay 5, 0;
    %movi 8, 4, 4;
    %set/v v0x285b140_0, 8, 4;
    %movi 8, 4, 4;
    %set/v v0x285b1c0_0, 8, 4;
    %set/v v0x285b240_0, 0, 1;
    %set/v v0x285b3e0_0, 1, 1;
    %delay 5, 0;
    %movi 8, 4, 4;
    %set/v v0x285b140_0, 8, 4;
    %movi 8, 5, 4;
    %set/v v0x285b1c0_0, 8, 4;
    %set/v v0x285b240_0, 0, 1;
    %set/v v0x285b3e0_0, 1, 1;
    %delay 5, 0;
    %movi 8, 4, 4;
    %set/v v0x285b140_0, 8, 4;
    %movi 8, 6, 4;
    %set/v v0x285b1c0_0, 8, 4;
    %set/v v0x285b240_0, 0, 1;
    %set/v v0x285b3e0_0, 1, 1;
    %delay 5, 0;
    %movi 8, 4, 4;
    %set/v v0x285b140_0, 8, 4;
    %movi 8, 7, 4;
    %set/v v0x285b1c0_0, 8, 4;
    %set/v v0x285b240_0, 0, 1;
    %set/v v0x285b3e0_0, 1, 1;
    %delay 5, 0;
    %movi 8, 4, 4;
    %set/v v0x285b140_0, 8, 4;
    %movi 8, 8, 4;
    %set/v v0x285b1c0_0, 8, 4;
    %set/v v0x285b240_0, 0, 1;
    %set/v v0x285b3e0_0, 1, 1;
    %delay 5, 0;
    %movi 8, 4, 4;
    %set/v v0x285b140_0, 8, 4;
    %movi 8, 9, 4;
    %set/v v0x285b1c0_0, 8, 4;
    %set/v v0x285b240_0, 0, 1;
    %set/v v0x285b3e0_0, 1, 1;
    %delay 5, 0;
    %movi 8, 4, 4;
    %set/v v0x285b140_0, 8, 4;
    %movi 8, 10, 4;
    %set/v v0x285b1c0_0, 8, 4;
    %set/v v0x285b240_0, 0, 1;
    %set/v v0x285b3e0_0, 1, 1;
    %delay 5, 0;
    %movi 8, 4, 4;
    %set/v v0x285b140_0, 8, 4;
    %movi 8, 11, 4;
    %set/v v0x285b1c0_0, 8, 4;
    %set/v v0x285b240_0, 0, 1;
    %set/v v0x285b3e0_0, 1, 1;
    %delay 5, 0;
    %movi 8, 4, 4;
    %set/v v0x285b140_0, 8, 4;
    %movi 8, 12, 4;
    %set/v v0x285b1c0_0, 8, 4;
    %set/v v0x285b240_0, 0, 1;
    %set/v v0x285b3e0_0, 1, 1;
    %delay 5, 0;
    %movi 8, 4, 4;
    %set/v v0x285b140_0, 8, 4;
    %movi 8, 13, 4;
    %set/v v0x285b1c0_0, 8, 4;
    %set/v v0x285b240_0, 0, 1;
    %set/v v0x285b3e0_0, 1, 1;
    %delay 5, 0;
    %movi 8, 4, 4;
    %set/v v0x285b140_0, 8, 4;
    %movi 8, 14, 4;
    %set/v v0x285b1c0_0, 8, 4;
    %set/v v0x285b240_0, 0, 1;
    %set/v v0x285b3e0_0, 1, 1;
    %delay 5, 0;
    %movi 8, 4, 4;
    %set/v v0x285b140_0, 8, 4;
    %set/v v0x285b1c0_0, 1, 4;
    %set/v v0x285b240_0, 0, 1;
    %set/v v0x285b3e0_0, 1, 1;
    %delay 5, 0;
    %movi 8, 5, 4;
    %set/v v0x285b140_0, 8, 4;
    %set/v v0x285b1c0_0, 0, 4;
    %set/v v0x285b240_0, 0, 1;
    %set/v v0x285b3e0_0, 1, 1;
    %delay 5, 0;
    %movi 8, 5, 4;
    %set/v v0x285b140_0, 8, 4;
    %movi 8, 1, 4;
    %set/v v0x285b1c0_0, 8, 4;
    %set/v v0x285b240_0, 0, 1;
    %set/v v0x285b3e0_0, 1, 1;
    %delay 5, 0;
    %movi 8, 5, 4;
    %set/v v0x285b140_0, 8, 4;
    %movi 8, 2, 4;
    %set/v v0x285b1c0_0, 8, 4;
    %set/v v0x285b240_0, 0, 1;
    %set/v v0x285b3e0_0, 1, 1;
    %delay 5, 0;
    %movi 8, 5, 4;
    %set/v v0x285b140_0, 8, 4;
    %movi 8, 3, 4;
    %set/v v0x285b1c0_0, 8, 4;
    %set/v v0x285b240_0, 0, 1;
    %set/v v0x285b3e0_0, 1, 1;
    %delay 5, 0;
    %movi 8, 5, 4;
    %set/v v0x285b140_0, 8, 4;
    %movi 8, 4, 4;
    %set/v v0x285b1c0_0, 8, 4;
    %set/v v0x285b240_0, 0, 1;
    %set/v v0x285b3e0_0, 1, 1;
    %delay 5, 0;
    %movi 8, 5, 4;
    %set/v v0x285b140_0, 8, 4;
    %movi 8, 5, 4;
    %set/v v0x285b1c0_0, 8, 4;
    %set/v v0x285b240_0, 0, 1;
    %set/v v0x285b3e0_0, 1, 1;
    %delay 5, 0;
    %movi 8, 5, 4;
    %set/v v0x285b140_0, 8, 4;
    %movi 8, 6, 4;
    %set/v v0x285b1c0_0, 8, 4;
    %set/v v0x285b240_0, 0, 1;
    %set/v v0x285b3e0_0, 1, 1;
    %delay 5, 0;
    %movi 8, 5, 4;
    %set/v v0x285b140_0, 8, 4;
    %movi 8, 7, 4;
    %set/v v0x285b1c0_0, 8, 4;
    %set/v v0x285b240_0, 0, 1;
    %set/v v0x285b3e0_0, 1, 1;
    %delay 5, 0;
    %movi 8, 5, 4;
    %set/v v0x285b140_0, 8, 4;
    %movi 8, 8, 4;
    %set/v v0x285b1c0_0, 8, 4;
    %set/v v0x285b240_0, 0, 1;
    %set/v v0x285b3e0_0, 1, 1;
    %delay 5, 0;
    %movi 8, 5, 4;
    %set/v v0x285b140_0, 8, 4;
    %movi 8, 9, 4;
    %set/v v0x285b1c0_0, 8, 4;
    %set/v v0x285b240_0, 0, 1;
    %set/v v0x285b3e0_0, 1, 1;
    %delay 5, 0;
    %movi 8, 5, 4;
    %set/v v0x285b140_0, 8, 4;
    %movi 8, 10, 4;
    %set/v v0x285b1c0_0, 8, 4;
    %set/v v0x285b240_0, 0, 1;
    %set/v v0x285b3e0_0, 1, 1;
    %delay 5, 0;
    %movi 8, 5, 4;
    %set/v v0x285b140_0, 8, 4;
    %movi 8, 11, 4;
    %set/v v0x285b1c0_0, 8, 4;
    %set/v v0x285b240_0, 0, 1;
    %set/v v0x285b3e0_0, 1, 1;
    %delay 5, 0;
    %movi 8, 5, 4;
    %set/v v0x285b140_0, 8, 4;
    %movi 8, 12, 4;
    %set/v v0x285b1c0_0, 8, 4;
    %set/v v0x285b240_0, 0, 1;
    %set/v v0x285b3e0_0, 1, 1;
    %delay 5, 0;
    %movi 8, 5, 4;
    %set/v v0x285b140_0, 8, 4;
    %movi 8, 13, 4;
    %set/v v0x285b1c0_0, 8, 4;
    %set/v v0x285b240_0, 0, 1;
    %set/v v0x285b3e0_0, 1, 1;
    %delay 5, 0;
    %movi 8, 5, 4;
    %set/v v0x285b140_0, 8, 4;
    %movi 8, 14, 4;
    %set/v v0x285b1c0_0, 8, 4;
    %set/v v0x285b240_0, 0, 1;
    %set/v v0x285b3e0_0, 1, 1;
    %delay 5, 0;
    %movi 8, 5, 4;
    %set/v v0x285b140_0, 8, 4;
    %set/v v0x285b1c0_0, 1, 4;
    %set/v v0x285b240_0, 0, 1;
    %set/v v0x285b3e0_0, 1, 1;
    %delay 5, 0;
    %movi 8, 6, 4;
    %set/v v0x285b140_0, 8, 4;
    %set/v v0x285b1c0_0, 0, 4;
    %set/v v0x285b240_0, 0, 1;
    %set/v v0x285b3e0_0, 1, 1;
    %delay 5, 0;
    %movi 8, 6, 4;
    %set/v v0x285b140_0, 8, 4;
    %movi 8, 1, 4;
    %set/v v0x285b1c0_0, 8, 4;
    %set/v v0x285b240_0, 0, 1;
    %set/v v0x285b3e0_0, 1, 1;
    %delay 5, 0;
    %movi 8, 6, 4;
    %set/v v0x285b140_0, 8, 4;
    %movi 8, 2, 4;
    %set/v v0x285b1c0_0, 8, 4;
    %set/v v0x285b240_0, 0, 1;
    %set/v v0x285b3e0_0, 1, 1;
    %delay 5, 0;
    %movi 8, 6, 4;
    %set/v v0x285b140_0, 8, 4;
    %movi 8, 3, 4;
    %set/v v0x285b1c0_0, 8, 4;
    %set/v v0x285b240_0, 0, 1;
    %set/v v0x285b3e0_0, 1, 1;
    %delay 5, 0;
    %movi 8, 6, 4;
    %set/v v0x285b140_0, 8, 4;
    %movi 8, 4, 4;
    %set/v v0x285b1c0_0, 8, 4;
    %set/v v0x285b240_0, 0, 1;
    %set/v v0x285b3e0_0, 1, 1;
    %delay 5, 0;
    %movi 8, 6, 4;
    %set/v v0x285b140_0, 8, 4;
    %movi 8, 5, 4;
    %set/v v0x285b1c0_0, 8, 4;
    %set/v v0x285b240_0, 0, 1;
    %set/v v0x285b3e0_0, 1, 1;
    %delay 5, 0;
    %movi 8, 6, 4;
    %set/v v0x285b140_0, 8, 4;
    %movi 8, 6, 4;
    %set/v v0x285b1c0_0, 8, 4;
    %set/v v0x285b240_0, 0, 1;
    %set/v v0x285b3e0_0, 1, 1;
    %delay 5, 0;
    %movi 8, 6, 4;
    %set/v v0x285b140_0, 8, 4;
    %movi 8, 7, 4;
    %set/v v0x285b1c0_0, 8, 4;
    %set/v v0x285b240_0, 0, 1;
    %set/v v0x285b3e0_0, 1, 1;
    %delay 5, 0;
    %movi 8, 6, 4;
    %set/v v0x285b140_0, 8, 4;
    %movi 8, 8, 4;
    %set/v v0x285b1c0_0, 8, 4;
    %set/v v0x285b240_0, 0, 1;
    %set/v v0x285b3e0_0, 1, 1;
    %delay 5, 0;
    %movi 8, 6, 4;
    %set/v v0x285b140_0, 8, 4;
    %movi 8, 9, 4;
    %set/v v0x285b1c0_0, 8, 4;
    %set/v v0x285b240_0, 0, 1;
    %set/v v0x285b3e0_0, 1, 1;
    %delay 5, 0;
    %movi 8, 6, 4;
    %set/v v0x285b140_0, 8, 4;
    %movi 8, 10, 4;
    %set/v v0x285b1c0_0, 8, 4;
    %set/v v0x285b240_0, 0, 1;
    %set/v v0x285b3e0_0, 1, 1;
    %delay 5, 0;
    %movi 8, 6, 4;
    %set/v v0x285b140_0, 8, 4;
    %movi 8, 11, 4;
    %set/v v0x285b1c0_0, 8, 4;
    %set/v v0x285b240_0, 0, 1;
    %set/v v0x285b3e0_0, 1, 1;
    %delay 5, 0;
    %movi 8, 6, 4;
    %set/v v0x285b140_0, 8, 4;
    %movi 8, 12, 4;
    %set/v v0x285b1c0_0, 8, 4;
    %set/v v0x285b240_0, 0, 1;
    %set/v v0x285b3e0_0, 1, 1;
    %delay 5, 0;
    %movi 8, 6, 4;
    %set/v v0x285b140_0, 8, 4;
    %movi 8, 13, 4;
    %set/v v0x285b1c0_0, 8, 4;
    %set/v v0x285b240_0, 0, 1;
    %set/v v0x285b3e0_0, 1, 1;
    %delay 5, 0;
    %movi 8, 6, 4;
    %set/v v0x285b140_0, 8, 4;
    %movi 8, 14, 4;
    %set/v v0x285b1c0_0, 8, 4;
    %set/v v0x285b240_0, 0, 1;
    %set/v v0x285b3e0_0, 1, 1;
    %delay 5, 0;
    %movi 8, 6, 4;
    %set/v v0x285b140_0, 8, 4;
    %set/v v0x285b1c0_0, 1, 4;
    %set/v v0x285b240_0, 0, 1;
    %set/v v0x285b3e0_0, 1, 1;
    %delay 5, 0;
    %movi 8, 7, 4;
    %set/v v0x285b140_0, 8, 4;
    %set/v v0x285b1c0_0, 0, 4;
    %set/v v0x285b240_0, 0, 1;
    %set/v v0x285b3e0_0, 1, 1;
    %delay 5, 0;
    %movi 8, 7, 4;
    %set/v v0x285b140_0, 8, 4;
    %movi 8, 1, 4;
    %set/v v0x285b1c0_0, 8, 4;
    %set/v v0x285b240_0, 0, 1;
    %set/v v0x285b3e0_0, 1, 1;
    %delay 5, 0;
    %movi 8, 7, 4;
    %set/v v0x285b140_0, 8, 4;
    %movi 8, 2, 4;
    %set/v v0x285b1c0_0, 8, 4;
    %set/v v0x285b240_0, 0, 1;
    %set/v v0x285b3e0_0, 1, 1;
    %delay 5, 0;
    %movi 8, 7, 4;
    %set/v v0x285b140_0, 8, 4;
    %movi 8, 3, 4;
    %set/v v0x285b1c0_0, 8, 4;
    %set/v v0x285b240_0, 0, 1;
    %set/v v0x285b3e0_0, 1, 1;
    %delay 5, 0;
    %movi 8, 7, 4;
    %set/v v0x285b140_0, 8, 4;
    %movi 8, 4, 4;
    %set/v v0x285b1c0_0, 8, 4;
    %set/v v0x285b240_0, 0, 1;
    %set/v v0x285b3e0_0, 1, 1;
    %delay 5, 0;
    %movi 8, 7, 4;
    %set/v v0x285b140_0, 8, 4;
    %movi 8, 5, 4;
    %set/v v0x285b1c0_0, 8, 4;
    %set/v v0x285b240_0, 0, 1;
    %set/v v0x285b3e0_0, 1, 1;
    %delay 5, 0;
    %movi 8, 7, 4;
    %set/v v0x285b140_0, 8, 4;
    %movi 8, 6, 4;
    %set/v v0x285b1c0_0, 8, 4;
    %set/v v0x285b240_0, 0, 1;
    %set/v v0x285b3e0_0, 1, 1;
    %delay 5, 0;
    %movi 8, 7, 4;
    %set/v v0x285b140_0, 8, 4;
    %movi 8, 7, 4;
    %set/v v0x285b1c0_0, 8, 4;
    %set/v v0x285b240_0, 0, 1;
    %set/v v0x285b3e0_0, 1, 1;
    %delay 5, 0;
    %movi 8, 7, 4;
    %set/v v0x285b140_0, 8, 4;
    %movi 8, 8, 4;
    %set/v v0x285b1c0_0, 8, 4;
    %set/v v0x285b240_0, 0, 1;
    %set/v v0x285b3e0_0, 1, 1;
    %delay 5, 0;
    %movi 8, 7, 4;
    %set/v v0x285b140_0, 8, 4;
    %movi 8, 9, 4;
    %set/v v0x285b1c0_0, 8, 4;
    %set/v v0x285b240_0, 0, 1;
    %set/v v0x285b3e0_0, 1, 1;
    %delay 5, 0;
    %movi 8, 7, 4;
    %set/v v0x285b140_0, 8, 4;
    %movi 8, 10, 4;
    %set/v v0x285b1c0_0, 8, 4;
    %set/v v0x285b240_0, 0, 1;
    %set/v v0x285b3e0_0, 1, 1;
    %delay 5, 0;
    %movi 8, 7, 4;
    %set/v v0x285b140_0, 8, 4;
    %movi 8, 11, 4;
    %set/v v0x285b1c0_0, 8, 4;
    %set/v v0x285b240_0, 0, 1;
    %set/v v0x285b3e0_0, 1, 1;
    %delay 5, 0;
    %movi 8, 7, 4;
    %set/v v0x285b140_0, 8, 4;
    %movi 8, 12, 4;
    %set/v v0x285b1c0_0, 8, 4;
    %set/v v0x285b240_0, 0, 1;
    %set/v v0x285b3e0_0, 1, 1;
    %delay 5, 0;
    %movi 8, 7, 4;
    %set/v v0x285b140_0, 8, 4;
    %movi 8, 13, 4;
    %set/v v0x285b1c0_0, 8, 4;
    %set/v v0x285b240_0, 0, 1;
    %set/v v0x285b3e0_0, 1, 1;
    %delay 5, 0;
    %movi 8, 7, 4;
    %set/v v0x285b140_0, 8, 4;
    %movi 8, 14, 4;
    %set/v v0x285b1c0_0, 8, 4;
    %set/v v0x285b240_0, 0, 1;
    %set/v v0x285b3e0_0, 1, 1;
    %delay 5, 0;
    %movi 8, 7, 4;
    %set/v v0x285b140_0, 8, 4;
    %set/v v0x285b1c0_0, 1, 4;
    %set/v v0x285b240_0, 0, 1;
    %set/v v0x285b3e0_0, 1, 1;
    %delay 5, 0;
    %movi 8, 8, 4;
    %set/v v0x285b140_0, 8, 4;
    %set/v v0x285b1c0_0, 0, 4;
    %set/v v0x285b240_0, 0, 1;
    %set/v v0x285b3e0_0, 1, 1;
    %delay 5, 0;
    %movi 8, 8, 4;
    %set/v v0x285b140_0, 8, 4;
    %movi 8, 1, 4;
    %set/v v0x285b1c0_0, 8, 4;
    %set/v v0x285b240_0, 0, 1;
    %set/v v0x285b3e0_0, 1, 1;
    %delay 5, 0;
    %movi 8, 8, 4;
    %set/v v0x285b140_0, 8, 4;
    %movi 8, 2, 4;
    %set/v v0x285b1c0_0, 8, 4;
    %set/v v0x285b240_0, 0, 1;
    %set/v v0x285b3e0_0, 1, 1;
    %delay 5, 0;
    %movi 8, 8, 4;
    %set/v v0x285b140_0, 8, 4;
    %movi 8, 3, 4;
    %set/v v0x285b1c0_0, 8, 4;
    %set/v v0x285b240_0, 0, 1;
    %set/v v0x285b3e0_0, 1, 1;
    %delay 5, 0;
    %movi 8, 8, 4;
    %set/v v0x285b140_0, 8, 4;
    %movi 8, 4, 4;
    %set/v v0x285b1c0_0, 8, 4;
    %set/v v0x285b240_0, 0, 1;
    %set/v v0x285b3e0_0, 1, 1;
    %delay 5, 0;
    %movi 8, 8, 4;
    %set/v v0x285b140_0, 8, 4;
    %movi 8, 5, 4;
    %set/v v0x285b1c0_0, 8, 4;
    %set/v v0x285b240_0, 0, 1;
    %set/v v0x285b3e0_0, 1, 1;
    %delay 5, 0;
    %movi 8, 8, 4;
    %set/v v0x285b140_0, 8, 4;
    %movi 8, 6, 4;
    %set/v v0x285b1c0_0, 8, 4;
    %set/v v0x285b240_0, 0, 1;
    %set/v v0x285b3e0_0, 1, 1;
    %delay 5, 0;
    %movi 8, 8, 4;
    %set/v v0x285b140_0, 8, 4;
    %movi 8, 7, 4;
    %set/v v0x285b1c0_0, 8, 4;
    %set/v v0x285b240_0, 0, 1;
    %set/v v0x285b3e0_0, 1, 1;
    %delay 5, 0;
    %movi 8, 8, 4;
    %set/v v0x285b140_0, 8, 4;
    %movi 8, 8, 4;
    %set/v v0x285b1c0_0, 8, 4;
    %set/v v0x285b240_0, 0, 1;
    %set/v v0x285b3e0_0, 1, 1;
    %delay 5, 0;
    %movi 8, 8, 4;
    %set/v v0x285b140_0, 8, 4;
    %movi 8, 9, 4;
    %set/v v0x285b1c0_0, 8, 4;
    %set/v v0x285b240_0, 0, 1;
    %set/v v0x285b3e0_0, 1, 1;
    %delay 5, 0;
    %movi 8, 8, 4;
    %set/v v0x285b140_0, 8, 4;
    %movi 8, 10, 4;
    %set/v v0x285b1c0_0, 8, 4;
    %set/v v0x285b240_0, 0, 1;
    %set/v v0x285b3e0_0, 1, 1;
    %delay 5, 0;
    %movi 8, 8, 4;
    %set/v v0x285b140_0, 8, 4;
    %movi 8, 11, 4;
    %set/v v0x285b1c0_0, 8, 4;
    %set/v v0x285b240_0, 0, 1;
    %set/v v0x285b3e0_0, 1, 1;
    %delay 5, 0;
    %movi 8, 8, 4;
    %set/v v0x285b140_0, 8, 4;
    %movi 8, 12, 4;
    %set/v v0x285b1c0_0, 8, 4;
    %set/v v0x285b240_0, 0, 1;
    %set/v v0x285b3e0_0, 1, 1;
    %delay 5, 0;
    %movi 8, 8, 4;
    %set/v v0x285b140_0, 8, 4;
    %movi 8, 13, 4;
    %set/v v0x285b1c0_0, 8, 4;
    %set/v v0x285b240_0, 0, 1;
    %set/v v0x285b3e0_0, 1, 1;
    %delay 5, 0;
    %movi 8, 8, 4;
    %set/v v0x285b140_0, 8, 4;
    %movi 8, 14, 4;
    %set/v v0x285b1c0_0, 8, 4;
    %set/v v0x285b240_0, 0, 1;
    %set/v v0x285b3e0_0, 1, 1;
    %delay 5, 0;
    %movi 8, 8, 4;
    %set/v v0x285b140_0, 8, 4;
    %set/v v0x285b1c0_0, 1, 4;
    %set/v v0x285b240_0, 0, 1;
    %set/v v0x285b3e0_0, 1, 1;
    %delay 5, 0;
    %movi 8, 9, 4;
    %set/v v0x285b140_0, 8, 4;
    %set/v v0x285b1c0_0, 0, 4;
    %set/v v0x285b240_0, 0, 1;
    %set/v v0x285b3e0_0, 1, 1;
    %delay 5, 0;
    %movi 8, 9, 4;
    %set/v v0x285b140_0, 8, 4;
    %movi 8, 1, 4;
    %set/v v0x285b1c0_0, 8, 4;
    %set/v v0x285b240_0, 0, 1;
    %set/v v0x285b3e0_0, 1, 1;
    %delay 5, 0;
    %movi 8, 9, 4;
    %set/v v0x285b140_0, 8, 4;
    %movi 8, 2, 4;
    %set/v v0x285b1c0_0, 8, 4;
    %set/v v0x285b240_0, 0, 1;
    %set/v v0x285b3e0_0, 1, 1;
    %delay 5, 0;
    %movi 8, 9, 4;
    %set/v v0x285b140_0, 8, 4;
    %movi 8, 3, 4;
    %set/v v0x285b1c0_0, 8, 4;
    %set/v v0x285b240_0, 0, 1;
    %set/v v0x285b3e0_0, 1, 1;
    %delay 5, 0;
    %movi 8, 9, 4;
    %set/v v0x285b140_0, 8, 4;
    %movi 8, 4, 4;
    %set/v v0x285b1c0_0, 8, 4;
    %set/v v0x285b240_0, 0, 1;
    %set/v v0x285b3e0_0, 1, 1;
    %delay 5, 0;
    %movi 8, 9, 4;
    %set/v v0x285b140_0, 8, 4;
    %movi 8, 5, 4;
    %set/v v0x285b1c0_0, 8, 4;
    %set/v v0x285b240_0, 0, 1;
    %set/v v0x285b3e0_0, 1, 1;
    %delay 5, 0;
    %movi 8, 9, 4;
    %set/v v0x285b140_0, 8, 4;
    %movi 8, 6, 4;
    %set/v v0x285b1c0_0, 8, 4;
    %set/v v0x285b240_0, 0, 1;
    %set/v v0x285b3e0_0, 1, 1;
    %delay 5, 0;
    %movi 8, 9, 4;
    %set/v v0x285b140_0, 8, 4;
    %movi 8, 7, 4;
    %set/v v0x285b1c0_0, 8, 4;
    %set/v v0x285b240_0, 0, 1;
    %set/v v0x285b3e0_0, 1, 1;
    %delay 5, 0;
    %movi 8, 9, 4;
    %set/v v0x285b140_0, 8, 4;
    %movi 8, 8, 4;
    %set/v v0x285b1c0_0, 8, 4;
    %set/v v0x285b240_0, 0, 1;
    %set/v v0x285b3e0_0, 1, 1;
    %delay 5, 0;
    %movi 8, 9, 4;
    %set/v v0x285b140_0, 8, 4;
    %movi 8, 9, 4;
    %set/v v0x285b1c0_0, 8, 4;
    %set/v v0x285b240_0, 0, 1;
    %set/v v0x285b3e0_0, 1, 1;
    %delay 5, 0;
    %movi 8, 9, 4;
    %set/v v0x285b140_0, 8, 4;
    %movi 8, 10, 4;
    %set/v v0x285b1c0_0, 8, 4;
    %set/v v0x285b240_0, 0, 1;
    %set/v v0x285b3e0_0, 1, 1;
    %delay 5, 0;
    %movi 8, 9, 4;
    %set/v v0x285b140_0, 8, 4;
    %movi 8, 11, 4;
    %set/v v0x285b1c0_0, 8, 4;
    %set/v v0x285b240_0, 0, 1;
    %set/v v0x285b3e0_0, 1, 1;
    %delay 5, 0;
    %movi 8, 9, 4;
    %set/v v0x285b140_0, 8, 4;
    %movi 8, 12, 4;
    %set/v v0x285b1c0_0, 8, 4;
    %set/v v0x285b240_0, 0, 1;
    %set/v v0x285b3e0_0, 1, 1;
    %delay 5, 0;
    %movi 8, 9, 4;
    %set/v v0x285b140_0, 8, 4;
    %movi 8, 13, 4;
    %set/v v0x285b1c0_0, 8, 4;
    %set/v v0x285b240_0, 0, 1;
    %set/v v0x285b3e0_0, 1, 1;
    %delay 5, 0;
    %movi 8, 9, 4;
    %set/v v0x285b140_0, 8, 4;
    %movi 8, 14, 4;
    %set/v v0x285b1c0_0, 8, 4;
    %set/v v0x285b240_0, 0, 1;
    %set/v v0x285b3e0_0, 1, 1;
    %delay 5, 0;
    %movi 8, 9, 4;
    %set/v v0x285b140_0, 8, 4;
    %set/v v0x285b1c0_0, 1, 4;
    %set/v v0x285b240_0, 0, 1;
    %set/v v0x285b3e0_0, 1, 1;
    %delay 5, 0;
    %movi 8, 10, 4;
    %set/v v0x285b140_0, 8, 4;
    %set/v v0x285b1c0_0, 0, 4;
    %set/v v0x285b240_0, 0, 1;
    %set/v v0x285b3e0_0, 1, 1;
    %delay 5, 0;
    %movi 8, 10, 4;
    %set/v v0x285b140_0, 8, 4;
    %movi 8, 1, 4;
    %set/v v0x285b1c0_0, 8, 4;
    %set/v v0x285b240_0, 0, 1;
    %set/v v0x285b3e0_0, 1, 1;
    %delay 5, 0;
    %movi 8, 10, 4;
    %set/v v0x285b140_0, 8, 4;
    %movi 8, 2, 4;
    %set/v v0x285b1c0_0, 8, 4;
    %set/v v0x285b240_0, 0, 1;
    %set/v v0x285b3e0_0, 1, 1;
    %delay 5, 0;
    %movi 8, 10, 4;
    %set/v v0x285b140_0, 8, 4;
    %movi 8, 3, 4;
    %set/v v0x285b1c0_0, 8, 4;
    %set/v v0x285b240_0, 0, 1;
    %set/v v0x285b3e0_0, 1, 1;
    %delay 5, 0;
    %movi 8, 10, 4;
    %set/v v0x285b140_0, 8, 4;
    %movi 8, 4, 4;
    %set/v v0x285b1c0_0, 8, 4;
    %set/v v0x285b240_0, 0, 1;
    %set/v v0x285b3e0_0, 1, 1;
    %delay 5, 0;
    %movi 8, 10, 4;
    %set/v v0x285b140_0, 8, 4;
    %movi 8, 5, 4;
    %set/v v0x285b1c0_0, 8, 4;
    %set/v v0x285b240_0, 0, 1;
    %set/v v0x285b3e0_0, 1, 1;
    %delay 5, 0;
    %movi 8, 10, 4;
    %set/v v0x285b140_0, 8, 4;
    %movi 8, 6, 4;
    %set/v v0x285b1c0_0, 8, 4;
    %set/v v0x285b240_0, 0, 1;
    %set/v v0x285b3e0_0, 1, 1;
    %delay 5, 0;
    %movi 8, 10, 4;
    %set/v v0x285b140_0, 8, 4;
    %movi 8, 7, 4;
    %set/v v0x285b1c0_0, 8, 4;
    %set/v v0x285b240_0, 0, 1;
    %set/v v0x285b3e0_0, 1, 1;
    %delay 5, 0;
    %movi 8, 10, 4;
    %set/v v0x285b140_0, 8, 4;
    %movi 8, 8, 4;
    %set/v v0x285b1c0_0, 8, 4;
    %set/v v0x285b240_0, 0, 1;
    %set/v v0x285b3e0_0, 1, 1;
    %delay 5, 0;
    %movi 8, 10, 4;
    %set/v v0x285b140_0, 8, 4;
    %movi 8, 9, 4;
    %set/v v0x285b1c0_0, 8, 4;
    %set/v v0x285b240_0, 0, 1;
    %set/v v0x285b3e0_0, 1, 1;
    %delay 5, 0;
    %movi 8, 10, 4;
    %set/v v0x285b140_0, 8, 4;
    %movi 8, 10, 4;
    %set/v v0x285b1c0_0, 8, 4;
    %set/v v0x285b240_0, 0, 1;
    %set/v v0x285b3e0_0, 1, 1;
    %delay 5, 0;
    %movi 8, 10, 4;
    %set/v v0x285b140_0, 8, 4;
    %movi 8, 11, 4;
    %set/v v0x285b1c0_0, 8, 4;
    %set/v v0x285b240_0, 0, 1;
    %set/v v0x285b3e0_0, 1, 1;
    %delay 5, 0;
    %movi 8, 10, 4;
    %set/v v0x285b140_0, 8, 4;
    %movi 8, 12, 4;
    %set/v v0x285b1c0_0, 8, 4;
    %set/v v0x285b240_0, 0, 1;
    %set/v v0x285b3e0_0, 1, 1;
    %delay 5, 0;
    %movi 8, 10, 4;
    %set/v v0x285b140_0, 8, 4;
    %movi 8, 13, 4;
    %set/v v0x285b1c0_0, 8, 4;
    %set/v v0x285b240_0, 0, 1;
    %set/v v0x285b3e0_0, 1, 1;
    %delay 5, 0;
    %movi 8, 10, 4;
    %set/v v0x285b140_0, 8, 4;
    %movi 8, 14, 4;
    %set/v v0x285b1c0_0, 8, 4;
    %set/v v0x285b240_0, 0, 1;
    %set/v v0x285b3e0_0, 1, 1;
    %delay 5, 0;
    %movi 8, 10, 4;
    %set/v v0x285b140_0, 8, 4;
    %set/v v0x285b1c0_0, 1, 4;
    %set/v v0x285b240_0, 0, 1;
    %set/v v0x285b3e0_0, 1, 1;
    %delay 5, 0;
    %movi 8, 11, 4;
    %set/v v0x285b140_0, 8, 4;
    %set/v v0x285b1c0_0, 0, 4;
    %set/v v0x285b240_0, 0, 1;
    %set/v v0x285b3e0_0, 1, 1;
    %delay 5, 0;
    %movi 8, 11, 4;
    %set/v v0x285b140_0, 8, 4;
    %movi 8, 1, 4;
    %set/v v0x285b1c0_0, 8, 4;
    %set/v v0x285b240_0, 0, 1;
    %set/v v0x285b3e0_0, 1, 1;
    %delay 5, 0;
    %movi 8, 11, 4;
    %set/v v0x285b140_0, 8, 4;
    %movi 8, 2, 4;
    %set/v v0x285b1c0_0, 8, 4;
    %set/v v0x285b240_0, 0, 1;
    %set/v v0x285b3e0_0, 1, 1;
    %delay 5, 0;
    %movi 8, 11, 4;
    %set/v v0x285b140_0, 8, 4;
    %movi 8, 3, 4;
    %set/v v0x285b1c0_0, 8, 4;
    %set/v v0x285b240_0, 0, 1;
    %set/v v0x285b3e0_0, 1, 1;
    %delay 5, 0;
    %movi 8, 11, 4;
    %set/v v0x285b140_0, 8, 4;
    %movi 8, 4, 4;
    %set/v v0x285b1c0_0, 8, 4;
    %set/v v0x285b240_0, 0, 1;
    %set/v v0x285b3e0_0, 1, 1;
    %delay 5, 0;
    %movi 8, 11, 4;
    %set/v v0x285b140_0, 8, 4;
    %movi 8, 5, 4;
    %set/v v0x285b1c0_0, 8, 4;
    %set/v v0x285b240_0, 0, 1;
    %set/v v0x285b3e0_0, 1, 1;
    %delay 5, 0;
    %movi 8, 11, 4;
    %set/v v0x285b140_0, 8, 4;
    %movi 8, 6, 4;
    %set/v v0x285b1c0_0, 8, 4;
    %set/v v0x285b240_0, 0, 1;
    %set/v v0x285b3e0_0, 1, 1;
    %delay 5, 0;
    %movi 8, 11, 4;
    %set/v v0x285b140_0, 8, 4;
    %movi 8, 7, 4;
    %set/v v0x285b1c0_0, 8, 4;
    %set/v v0x285b240_0, 0, 1;
    %set/v v0x285b3e0_0, 1, 1;
    %delay 5, 0;
    %movi 8, 11, 4;
    %set/v v0x285b140_0, 8, 4;
    %movi 8, 8, 4;
    %set/v v0x285b1c0_0, 8, 4;
    %set/v v0x285b240_0, 0, 1;
    %set/v v0x285b3e0_0, 1, 1;
    %delay 5, 0;
    %movi 8, 11, 4;
    %set/v v0x285b140_0, 8, 4;
    %movi 8, 9, 4;
    %set/v v0x285b1c0_0, 8, 4;
    %set/v v0x285b240_0, 0, 1;
    %set/v v0x285b3e0_0, 1, 1;
    %delay 5, 0;
    %movi 8, 11, 4;
    %set/v v0x285b140_0, 8, 4;
    %movi 8, 10, 4;
    %set/v v0x285b1c0_0, 8, 4;
    %set/v v0x285b240_0, 0, 1;
    %set/v v0x285b3e0_0, 1, 1;
    %delay 5, 0;
    %movi 8, 11, 4;
    %set/v v0x285b140_0, 8, 4;
    %movi 8, 11, 4;
    %set/v v0x285b1c0_0, 8, 4;
    %set/v v0x285b240_0, 0, 1;
    %set/v v0x285b3e0_0, 1, 1;
    %delay 5, 0;
    %movi 8, 11, 4;
    %set/v v0x285b140_0, 8, 4;
    %movi 8, 12, 4;
    %set/v v0x285b1c0_0, 8, 4;
    %set/v v0x285b240_0, 0, 1;
    %set/v v0x285b3e0_0, 1, 1;
    %delay 5, 0;
    %movi 8, 11, 4;
    %set/v v0x285b140_0, 8, 4;
    %movi 8, 13, 4;
    %set/v v0x285b1c0_0, 8, 4;
    %set/v v0x285b240_0, 0, 1;
    %set/v v0x285b3e0_0, 1, 1;
    %delay 5, 0;
    %movi 8, 11, 4;
    %set/v v0x285b140_0, 8, 4;
    %movi 8, 14, 4;
    %set/v v0x285b1c0_0, 8, 4;
    %set/v v0x285b240_0, 0, 1;
    %set/v v0x285b3e0_0, 1, 1;
    %delay 5, 0;
    %movi 8, 11, 4;
    %set/v v0x285b140_0, 8, 4;
    %set/v v0x285b1c0_0, 1, 4;
    %set/v v0x285b240_0, 0, 1;
    %set/v v0x285b3e0_0, 1, 1;
    %delay 5, 0;
    %movi 8, 12, 4;
    %set/v v0x285b140_0, 8, 4;
    %set/v v0x285b1c0_0, 0, 4;
    %set/v v0x285b240_0, 0, 1;
    %set/v v0x285b3e0_0, 1, 1;
    %delay 5, 0;
    %movi 8, 12, 4;
    %set/v v0x285b140_0, 8, 4;
    %movi 8, 1, 4;
    %set/v v0x285b1c0_0, 8, 4;
    %set/v v0x285b240_0, 0, 1;
    %set/v v0x285b3e0_0, 1, 1;
    %delay 5, 0;
    %movi 8, 12, 4;
    %set/v v0x285b140_0, 8, 4;
    %movi 8, 2, 4;
    %set/v v0x285b1c0_0, 8, 4;
    %set/v v0x285b240_0, 0, 1;
    %set/v v0x285b3e0_0, 1, 1;
    %delay 5, 0;
    %movi 8, 12, 4;
    %set/v v0x285b140_0, 8, 4;
    %movi 8, 3, 4;
    %set/v v0x285b1c0_0, 8, 4;
    %set/v v0x285b240_0, 0, 1;
    %set/v v0x285b3e0_0, 1, 1;
    %delay 5, 0;
    %movi 8, 12, 4;
    %set/v v0x285b140_0, 8, 4;
    %movi 8, 4, 4;
    %set/v v0x285b1c0_0, 8, 4;
    %set/v v0x285b240_0, 0, 1;
    %set/v v0x285b3e0_0, 1, 1;
    %delay 5, 0;
    %movi 8, 12, 4;
    %set/v v0x285b140_0, 8, 4;
    %movi 8, 5, 4;
    %set/v v0x285b1c0_0, 8, 4;
    %set/v v0x285b240_0, 0, 1;
    %set/v v0x285b3e0_0, 1, 1;
    %delay 5, 0;
    %movi 8, 12, 4;
    %set/v v0x285b140_0, 8, 4;
    %movi 8, 6, 4;
    %set/v v0x285b1c0_0, 8, 4;
    %set/v v0x285b240_0, 0, 1;
    %set/v v0x285b3e0_0, 1, 1;
    %delay 5, 0;
    %movi 8, 12, 4;
    %set/v v0x285b140_0, 8, 4;
    %movi 8, 7, 4;
    %set/v v0x285b1c0_0, 8, 4;
    %set/v v0x285b240_0, 0, 1;
    %set/v v0x285b3e0_0, 1, 1;
    %delay 5, 0;
    %movi 8, 12, 4;
    %set/v v0x285b140_0, 8, 4;
    %movi 8, 8, 4;
    %set/v v0x285b1c0_0, 8, 4;
    %set/v v0x285b240_0, 0, 1;
    %set/v v0x285b3e0_0, 1, 1;
    %delay 5, 0;
    %movi 8, 12, 4;
    %set/v v0x285b140_0, 8, 4;
    %movi 8, 9, 4;
    %set/v v0x285b1c0_0, 8, 4;
    %set/v v0x285b240_0, 0, 1;
    %set/v v0x285b3e0_0, 1, 1;
    %delay 5, 0;
    %movi 8, 12, 4;
    %set/v v0x285b140_0, 8, 4;
    %movi 8, 10, 4;
    %set/v v0x285b1c0_0, 8, 4;
    %set/v v0x285b240_0, 0, 1;
    %set/v v0x285b3e0_0, 1, 1;
    %delay 5, 0;
    %movi 8, 12, 4;
    %set/v v0x285b140_0, 8, 4;
    %movi 8, 11, 4;
    %set/v v0x285b1c0_0, 8, 4;
    %set/v v0x285b240_0, 0, 1;
    %set/v v0x285b3e0_0, 1, 1;
    %delay 5, 0;
    %movi 8, 12, 4;
    %set/v v0x285b140_0, 8, 4;
    %movi 8, 12, 4;
    %set/v v0x285b1c0_0, 8, 4;
    %set/v v0x285b240_0, 0, 1;
    %set/v v0x285b3e0_0, 1, 1;
    %delay 5, 0;
    %movi 8, 12, 4;
    %set/v v0x285b140_0, 8, 4;
    %movi 8, 13, 4;
    %set/v v0x285b1c0_0, 8, 4;
    %set/v v0x285b240_0, 0, 1;
    %set/v v0x285b3e0_0, 1, 1;
    %delay 5, 0;
    %movi 8, 12, 4;
    %set/v v0x285b140_0, 8, 4;
    %movi 8, 14, 4;
    %set/v v0x285b1c0_0, 8, 4;
    %set/v v0x285b240_0, 0, 1;
    %set/v v0x285b3e0_0, 1, 1;
    %delay 5, 0;
    %movi 8, 12, 4;
    %set/v v0x285b140_0, 8, 4;
    %set/v v0x285b1c0_0, 1, 4;
    %set/v v0x285b240_0, 0, 1;
    %set/v v0x285b3e0_0, 1, 1;
    %delay 5, 0;
    %movi 8, 13, 4;
    %set/v v0x285b140_0, 8, 4;
    %set/v v0x285b1c0_0, 0, 4;
    %set/v v0x285b240_0, 0, 1;
    %set/v v0x285b3e0_0, 1, 1;
    %delay 5, 0;
    %movi 8, 13, 4;
    %set/v v0x285b140_0, 8, 4;
    %movi 8, 1, 4;
    %set/v v0x285b1c0_0, 8, 4;
    %set/v v0x285b240_0, 0, 1;
    %set/v v0x285b3e0_0, 1, 1;
    %delay 5, 0;
    %movi 8, 13, 4;
    %set/v v0x285b140_0, 8, 4;
    %movi 8, 2, 4;
    %set/v v0x285b1c0_0, 8, 4;
    %set/v v0x285b240_0, 0, 1;
    %set/v v0x285b3e0_0, 1, 1;
    %delay 5, 0;
    %movi 8, 13, 4;
    %set/v v0x285b140_0, 8, 4;
    %movi 8, 3, 4;
    %set/v v0x285b1c0_0, 8, 4;
    %set/v v0x285b240_0, 0, 1;
    %set/v v0x285b3e0_0, 1, 1;
    %delay 5, 0;
    %movi 8, 13, 4;
    %set/v v0x285b140_0, 8, 4;
    %movi 8, 4, 4;
    %set/v v0x285b1c0_0, 8, 4;
    %set/v v0x285b240_0, 0, 1;
    %set/v v0x285b3e0_0, 1, 1;
    %delay 5, 0;
    %movi 8, 13, 4;
    %set/v v0x285b140_0, 8, 4;
    %movi 8, 5, 4;
    %set/v v0x285b1c0_0, 8, 4;
    %set/v v0x285b240_0, 0, 1;
    %set/v v0x285b3e0_0, 1, 1;
    %delay 5, 0;
    %movi 8, 13, 4;
    %set/v v0x285b140_0, 8, 4;
    %movi 8, 6, 4;
    %set/v v0x285b1c0_0, 8, 4;
    %set/v v0x285b240_0, 0, 1;
    %set/v v0x285b3e0_0, 1, 1;
    %delay 5, 0;
    %movi 8, 13, 4;
    %set/v v0x285b140_0, 8, 4;
    %movi 8, 7, 4;
    %set/v v0x285b1c0_0, 8, 4;
    %set/v v0x285b240_0, 0, 1;
    %set/v v0x285b3e0_0, 1, 1;
    %delay 5, 0;
    %movi 8, 13, 4;
    %set/v v0x285b140_0, 8, 4;
    %movi 8, 8, 4;
    %set/v v0x285b1c0_0, 8, 4;
    %set/v v0x285b240_0, 0, 1;
    %set/v v0x285b3e0_0, 1, 1;
    %delay 5, 0;
    %movi 8, 13, 4;
    %set/v v0x285b140_0, 8, 4;
    %movi 8, 9, 4;
    %set/v v0x285b1c0_0, 8, 4;
    %set/v v0x285b240_0, 0, 1;
    %set/v v0x285b3e0_0, 1, 1;
    %delay 5, 0;
    %movi 8, 13, 4;
    %set/v v0x285b140_0, 8, 4;
    %movi 8, 10, 4;
    %set/v v0x285b1c0_0, 8, 4;
    %set/v v0x285b240_0, 0, 1;
    %set/v v0x285b3e0_0, 1, 1;
    %delay 5, 0;
    %movi 8, 13, 4;
    %set/v v0x285b140_0, 8, 4;
    %movi 8, 11, 4;
    %set/v v0x285b1c0_0, 8, 4;
    %set/v v0x285b240_0, 0, 1;
    %set/v v0x285b3e0_0, 1, 1;
    %delay 5, 0;
    %movi 8, 13, 4;
    %set/v v0x285b140_0, 8, 4;
    %movi 8, 12, 4;
    %set/v v0x285b1c0_0, 8, 4;
    %set/v v0x285b240_0, 0, 1;
    %set/v v0x285b3e0_0, 1, 1;
    %delay 5, 0;
    %movi 8, 13, 4;
    %set/v v0x285b140_0, 8, 4;
    %movi 8, 13, 4;
    %set/v v0x285b1c0_0, 8, 4;
    %set/v v0x285b240_0, 0, 1;
    %set/v v0x285b3e0_0, 1, 1;
    %delay 5, 0;
    %movi 8, 13, 4;
    %set/v v0x285b140_0, 8, 4;
    %movi 8, 14, 4;
    %set/v v0x285b1c0_0, 8, 4;
    %set/v v0x285b240_0, 0, 1;
    %set/v v0x285b3e0_0, 1, 1;
    %delay 5, 0;
    %movi 8, 13, 4;
    %set/v v0x285b140_0, 8, 4;
    %set/v v0x285b1c0_0, 1, 4;
    %set/v v0x285b240_0, 0, 1;
    %set/v v0x285b3e0_0, 1, 1;
    %delay 5, 0;
    %movi 8, 14, 4;
    %set/v v0x285b140_0, 8, 4;
    %set/v v0x285b1c0_0, 0, 4;
    %set/v v0x285b240_0, 0, 1;
    %set/v v0x285b3e0_0, 1, 1;
    %delay 5, 0;
    %movi 8, 14, 4;
    %set/v v0x285b140_0, 8, 4;
    %movi 8, 1, 4;
    %set/v v0x285b1c0_0, 8, 4;
    %set/v v0x285b240_0, 0, 1;
    %set/v v0x285b3e0_0, 1, 1;
    %delay 5, 0;
    %movi 8, 14, 4;
    %set/v v0x285b140_0, 8, 4;
    %movi 8, 2, 4;
    %set/v v0x285b1c0_0, 8, 4;
    %set/v v0x285b240_0, 0, 1;
    %set/v v0x285b3e0_0, 1, 1;
    %delay 5, 0;
    %movi 8, 14, 4;
    %set/v v0x285b140_0, 8, 4;
    %movi 8, 3, 4;
    %set/v v0x285b1c0_0, 8, 4;
    %set/v v0x285b240_0, 0, 1;
    %set/v v0x285b3e0_0, 1, 1;
    %delay 5, 0;
    %movi 8, 14, 4;
    %set/v v0x285b140_0, 8, 4;
    %movi 8, 4, 4;
    %set/v v0x285b1c0_0, 8, 4;
    %set/v v0x285b240_0, 0, 1;
    %set/v v0x285b3e0_0, 1, 1;
    %delay 5, 0;
    %movi 8, 14, 4;
    %set/v v0x285b140_0, 8, 4;
    %movi 8, 5, 4;
    %set/v v0x285b1c0_0, 8, 4;
    %set/v v0x285b240_0, 0, 1;
    %set/v v0x285b3e0_0, 1, 1;
    %delay 5, 0;
    %movi 8, 14, 4;
    %set/v v0x285b140_0, 8, 4;
    %movi 8, 6, 4;
    %set/v v0x285b1c0_0, 8, 4;
    %set/v v0x285b240_0, 0, 1;
    %set/v v0x285b3e0_0, 1, 1;
    %delay 5, 0;
    %movi 8, 14, 4;
    %set/v v0x285b140_0, 8, 4;
    %movi 8, 7, 4;
    %set/v v0x285b1c0_0, 8, 4;
    %set/v v0x285b240_0, 0, 1;
    %set/v v0x285b3e0_0, 1, 1;
    %delay 5, 0;
    %movi 8, 14, 4;
    %set/v v0x285b140_0, 8, 4;
    %movi 8, 8, 4;
    %set/v v0x285b1c0_0, 8, 4;
    %set/v v0x285b240_0, 0, 1;
    %set/v v0x285b3e0_0, 1, 1;
    %delay 5, 0;
    %movi 8, 14, 4;
    %set/v v0x285b140_0, 8, 4;
    %movi 8, 9, 4;
    %set/v v0x285b1c0_0, 8, 4;
    %set/v v0x285b240_0, 0, 1;
    %set/v v0x285b3e0_0, 1, 1;
    %delay 5, 0;
    %movi 8, 14, 4;
    %set/v v0x285b140_0, 8, 4;
    %movi 8, 10, 4;
    %set/v v0x285b1c0_0, 8, 4;
    %set/v v0x285b240_0, 0, 1;
    %set/v v0x285b3e0_0, 1, 1;
    %delay 5, 0;
    %movi 8, 14, 4;
    %set/v v0x285b140_0, 8, 4;
    %movi 8, 11, 4;
    %set/v v0x285b1c0_0, 8, 4;
    %set/v v0x285b240_0, 0, 1;
    %set/v v0x285b3e0_0, 1, 1;
    %delay 5, 0;
    %movi 8, 14, 4;
    %set/v v0x285b140_0, 8, 4;
    %movi 8, 12, 4;
    %set/v v0x285b1c0_0, 8, 4;
    %set/v v0x285b240_0, 0, 1;
    %set/v v0x285b3e0_0, 1, 1;
    %delay 5, 0;
    %movi 8, 14, 4;
    %set/v v0x285b140_0, 8, 4;
    %movi 8, 13, 4;
    %set/v v0x285b1c0_0, 8, 4;
    %set/v v0x285b240_0, 0, 1;
    %set/v v0x285b3e0_0, 1, 1;
    %delay 5, 0;
    %movi 8, 14, 4;
    %set/v v0x285b140_0, 8, 4;
    %movi 8, 14, 4;
    %set/v v0x285b1c0_0, 8, 4;
    %set/v v0x285b240_0, 0, 1;
    %set/v v0x285b3e0_0, 1, 1;
    %delay 5, 0;
    %movi 8, 14, 4;
    %set/v v0x285b140_0, 8, 4;
    %set/v v0x285b1c0_0, 1, 4;
    %set/v v0x285b240_0, 0, 1;
    %set/v v0x285b3e0_0, 1, 1;
    %delay 5, 0;
    %set/v v0x285b140_0, 1, 4;
    %set/v v0x285b1c0_0, 0, 4;
    %set/v v0x285b240_0, 0, 1;
    %set/v v0x285b3e0_0, 1, 1;
    %delay 5, 0;
    %set/v v0x285b140_0, 1, 4;
    %movi 8, 1, 4;
    %set/v v0x285b1c0_0, 8, 4;
    %set/v v0x285b240_0, 0, 1;
    %set/v v0x285b3e0_0, 1, 1;
    %delay 5, 0;
    %set/v v0x285b140_0, 1, 4;
    %movi 8, 2, 4;
    %set/v v0x285b1c0_0, 8, 4;
    %set/v v0x285b240_0, 0, 1;
    %set/v v0x285b3e0_0, 1, 1;
    %delay 5, 0;
    %set/v v0x285b140_0, 1, 4;
    %movi 8, 3, 4;
    %set/v v0x285b1c0_0, 8, 4;
    %set/v v0x285b240_0, 0, 1;
    %set/v v0x285b3e0_0, 1, 1;
    %delay 5, 0;
    %set/v v0x285b140_0, 1, 4;
    %movi 8, 4, 4;
    %set/v v0x285b1c0_0, 8, 4;
    %set/v v0x285b240_0, 0, 1;
    %set/v v0x285b3e0_0, 1, 1;
    %delay 5, 0;
    %set/v v0x285b140_0, 1, 4;
    %movi 8, 5, 4;
    %set/v v0x285b1c0_0, 8, 4;
    %set/v v0x285b240_0, 0, 1;
    %set/v v0x285b3e0_0, 1, 1;
    %delay 5, 0;
    %set/v v0x285b140_0, 1, 4;
    %movi 8, 6, 4;
    %set/v v0x285b1c0_0, 8, 4;
    %set/v v0x285b240_0, 0, 1;
    %set/v v0x285b3e0_0, 1, 1;
    %delay 5, 0;
    %set/v v0x285b140_0, 1, 4;
    %movi 8, 7, 4;
    %set/v v0x285b1c0_0, 8, 4;
    %set/v v0x285b240_0, 0, 1;
    %set/v v0x285b3e0_0, 1, 1;
    %delay 5, 0;
    %set/v v0x285b140_0, 1, 4;
    %movi 8, 8, 4;
    %set/v v0x285b1c0_0, 8, 4;
    %set/v v0x285b240_0, 0, 1;
    %set/v v0x285b3e0_0, 1, 1;
    %delay 5, 0;
    %set/v v0x285b140_0, 1, 4;
    %movi 8, 9, 4;
    %set/v v0x285b1c0_0, 8, 4;
    %set/v v0x285b240_0, 0, 1;
    %set/v v0x285b3e0_0, 1, 1;
    %delay 5, 0;
    %set/v v0x285b140_0, 1, 4;
    %movi 8, 10, 4;
    %set/v v0x285b1c0_0, 8, 4;
    %set/v v0x285b240_0, 0, 1;
    %set/v v0x285b3e0_0, 1, 1;
    %delay 5, 0;
    %set/v v0x285b140_0, 1, 4;
    %movi 8, 11, 4;
    %set/v v0x285b1c0_0, 8, 4;
    %set/v v0x285b240_0, 0, 1;
    %set/v v0x285b3e0_0, 1, 1;
    %delay 5, 0;
    %set/v v0x285b140_0, 1, 4;
    %movi 8, 12, 4;
    %set/v v0x285b1c0_0, 8, 4;
    %set/v v0x285b240_0, 0, 1;
    %set/v v0x285b3e0_0, 1, 1;
    %delay 5, 0;
    %set/v v0x285b140_0, 1, 4;
    %movi 8, 13, 4;
    %set/v v0x285b1c0_0, 8, 4;
    %set/v v0x285b240_0, 0, 1;
    %set/v v0x285b3e0_0, 1, 1;
    %delay 5, 0;
    %set/v v0x285b140_0, 1, 4;
    %movi 8, 14, 4;
    %set/v v0x285b1c0_0, 8, 4;
    %set/v v0x285b240_0, 0, 1;
    %set/v v0x285b3e0_0, 1, 1;
    %delay 5, 0;
    %set/v v0x285b140_0, 1, 4;
    %set/v v0x285b1c0_0, 1, 4;
    %set/v v0x285b240_0, 0, 1;
    %set/v v0x285b3e0_0, 1, 1;
    %delay 5, 0;
    %set/v v0x285b140_0, 1, 4;
    %set/v v0x285b1c0_0, 1, 4;
    %set/v v0x285b240_0, 0, 1;
    %set/v v0x285b3e0_0, 1, 1;
    %end;
    .thread T_0;
# The file index is used to find the file name in the following table.
:file_names 3;
    "N/A";
    "<interactive>";
    "4bitadder_sub.v";
