#! /usr/bin/vvp
:ivl_version "0.9.7 " "(v0_9_7)";
:vpi_time_precision + 0;
:vpi_module "system";
:vpi_module "v2005_math";
:vpi_module "va_math";
S_0x24a0a80 .scope module, "half_adder_tb" "half_adder_tb" 2 13;
 .timescale 0 0;
v0x24d5490_0 .var "a", 0 0;
v0x24d5560_0 .var "b", 0 0;
v0x24d5610_0 .net "carry", 0 0, L_0x24d58f0; 1 drivers
v0x24d56c0_0 .net "sum", 0 0, L_0x24d57a0; 1 drivers
S_0x248f690 .scope module, "half_adder_inst" "half_adder" 2 20, 2 1, S_0x24a0a80;
 .timescale 0 0;
L_0x24d57a0 .functor XOR 1, v0x24d5490_0, v0x24d5560_0, C4<0>, C4<0>;
L_0x24d58f0 .functor AND 1, v0x24d5490_0, v0x24d5560_0, C4<1>, C4<1>;
v0x24a0ee0_0 .net "a", 0 0, v0x24d5490_0; 1 drivers
v0x24d52a0_0 .net "b", 0 0, v0x24d5560_0; 1 drivers
v0x24d5340_0 .alias "carry", 0 0, v0x24d5610_0;
v0x24d53e0_0 .alias "sum", 0 0, v0x24d56c0_0;
    .scope S_0x24a0a80;
T_0 ;
    %set/v v0x24d5490_0, 0, 1;
    %end;
    .thread T_0;
    .scope S_0x24a0a80;
T_1 ;
    %set/v v0x24d5560_0, 0, 1;
    %end;
    .thread T_1;
    .scope S_0x24a0a80;
T_2 ;
    %vpi_call 2 24 "$monitor", "A = %b ,B= %b , Sum = %b , carry = %b ", v0x24d5490_0, v0x24d5560_0, v0x24d56c0_0, v0x24d5610_0;
    %vpi_call 2 25 "$dumpfile", "halfadder.vcd";
    %vpi_call 2 26 "$dumpvars";
    %delay 5, 0;
    %set/v v0x24d5490_0, 0, 1;
    %set/v v0x24d5560_0, 0, 1;
    %delay 5, 0;
    %set/v v0x24d5490_0, 0, 1;
    %set/v v0x24d5560_0, 1, 1;
    %delay 5, 0;
    %set/v v0x24d5490_0, 1, 1;
    %set/v v0x24d5560_0, 0, 1;
    %delay 5, 0;
    %set/v v0x24d5490_0, 1, 1;
    %set/v v0x24d5560_0, 1, 1;
    %delay 5, 0;
    %set/v v0x24d5490_0, 1, 1;
    %set/v v0x24d5560_0, 1, 1;
    %end;
    .thread T_2;
# The file index is used to find the file name in the following table.
:file_names 3;
    "N/A";
    "<interactive>";
    "halfadder.v";
