#! /usr/bin/vvp
:ivl_version "0.9.7 " "(v0_9_7)";
:vpi_time_precision + 0;
:vpi_module "system";
:vpi_module "v2005_math";
:vpi_module "va_math";
S_0x15c7210 .scope module, "testbench" "testbench" 2 14;
 .timescale 0 0;
v0x1606ad0_0 .var "I", 0 0;
v0x1606d20_0 .net "d0", 0 0, L_0x16074f0; 1 drivers
v0x1606da0_0 .net "d1", 0 0, L_0x1607850; 1 drivers
v0x1606e50_0 .net "d2", 0 0, L_0x1607a40; 1 drivers
v0x1606f30_0 .net "d3", 0 0, L_0x1607e50; 1 drivers
v0x1606fe0_0 .var "en", 0 0;
v0x1607060_0 .var "s0", 0 0;
v0x1607110_0 .var "s1", 0 0;
S_0x15c6870 .scope module, "aa" "demux" 2 18, 2 1, S_0x15c7210;
 .timescale 0 0;
L_0x1606470 .functor NOT 1, v0x1607110_0, C4<0>, C4<0>, C4<0>;
L_0x1607240 .functor NOT 1, v0x1607060_0, C4<0>, C4<0>, C4<0>;
L_0x16072f0 .functor AND 1, L_0x1606470, L_0x1607240, C4<1>, C4<1>;
L_0x16073f0 .functor AND 1, L_0x16072f0, v0x1606ad0_0, C4<1>, C4<1>;
L_0x16074f0 .functor AND 1, L_0x16073f0, v0x1606fe0_0, C4<1>, C4<1>;
L_0x1607640 .functor NOT 1, v0x1607110_0, C4<0>, C4<0>, C4<0>;
L_0x16076a0 .functor AND 1, L_0x1607640, v0x1607060_0, C4<1>, C4<1>;
L_0x1607750 .functor AND 1, L_0x16076a0, v0x1606ad0_0, C4<1>, C4<1>;
L_0x1607850 .functor AND 1, L_0x1607750, v0x1606fe0_0, C4<1>, C4<1>;
L_0x1607950 .functor NOT 1, v0x1607060_0, C4<0>, C4<0>, C4<0>;
L_0x1607aa0 .functor AND 1, v0x1607110_0, L_0x1607950, C4<1>, C4<1>;
L_0x1607b90 .functor AND 1, L_0x1607aa0, v0x1606ad0_0, C4<1>, C4<1>;
L_0x1607a40 .functor AND 1, L_0x1607b90, v0x1606fe0_0, C4<1>, C4<1>;
L_0x1607d10 .functor AND 1, v0x1607110_0, v0x1607060_0, C4<1>, C4<1>;
L_0x1607df0 .functor AND 1, L_0x1607d10, v0x1606ad0_0, C4<1>, C4<1>;
L_0x1607e50 .functor AND 1, L_0x1607df0, v0x1606fe0_0, C4<1>, C4<1>;
v0x15c5180_0 .net "I", 0 0, v0x1606ad0_0; 1 drivers
v0x1605e50_0 .net *"_s0", 0 0, L_0x1606470; 1 drivers
v0x1605ef0_0 .net *"_s10", 0 0, L_0x1607640; 1 drivers
v0x1605f90_0 .net *"_s12", 0 0, L_0x16076a0; 1 drivers
v0x1606040_0 .net *"_s14", 0 0, L_0x1607750; 1 drivers
v0x16060e0_0 .net *"_s18", 0 0, L_0x1607950; 1 drivers
v0x16061c0_0 .net *"_s2", 0 0, L_0x1607240; 1 drivers
v0x1606260_0 .net *"_s20", 0 0, L_0x1607aa0; 1 drivers
v0x1606350_0 .net *"_s22", 0 0, L_0x1607b90; 1 drivers
v0x16063f0_0 .net *"_s26", 0 0, L_0x1607d10; 1 drivers
v0x16064f0_0 .net *"_s28", 0 0, L_0x1607df0; 1 drivers
v0x1606590_0 .net *"_s4", 0 0, L_0x16072f0; 1 drivers
v0x16066a0_0 .net *"_s6", 0 0, L_0x16073f0; 1 drivers
v0x1606740_0 .alias "d0", 0 0, v0x1606d20_0;
v0x1606860_0 .alias "d1", 0 0, v0x1606da0_0;
v0x1606900_0 .alias "d2", 0 0, v0x1606e50_0;
v0x16067c0_0 .alias "d3", 0 0, v0x1606f30_0;
v0x1606a50_0 .net "en", 0 0, v0x1606fe0_0; 1 drivers
v0x1606b70_0 .net "s0", 0 0, v0x1607110_0; 1 drivers
v0x1606bf0_0 .net "s1", 0 0, v0x1607060_0; 1 drivers
    .scope S_0x15c7210;
T_0 ;
    %vpi_call 2 22 "$monitor", "d0 = %b  : d1 = %b  : d2 =  %b  : d3 = %b  : s1 = %b  : s2 = %b  : en = %b  : I = %b", v0x1606d20_0, v0x1606da0_0, v0x1606e50_0, v0x1606f30_0, v0x1607110_0, v0x1607060_0, v0x1606fe0_0, v0x1606ad0_0;
    %vpi_call 2 23 "$dumpfile", "demux.vcd";
    %vpi_call 2 24 "$dumpvars";
    %set/v v0x1606ad0_0, 1, 1;
    %set/v v0x1606fe0_0, 0, 1;
    %set/v v0x1607110_0, 0, 1;
    %set/v v0x1607060_0, 0, 1;
    %delay 1, 0;
    %set/v v0x1606ad0_0, 1, 1;
    %set/v v0x1606fe0_0, 0, 1;
    %set/v v0x1607110_0, 0, 1;
    %set/v v0x1607060_0, 1, 1;
    %delay 1, 0;
    %set/v v0x1606ad0_0, 1, 1;
    %set/v v0x1606fe0_0, 0, 1;
    %set/v v0x1607110_0, 1, 1;
    %set/v v0x1607060_0, 0, 1;
    %delay 1, 0;
    %set/v v0x1606ad0_0, 1, 1;
    %set/v v0x1606fe0_0, 0, 1;
    %set/v v0x1607110_0, 1, 1;
    %set/v v0x1607060_0, 1, 1;
    %delay 1, 0;
    %set/v v0x1606ad0_0, 0, 1;
    %set/v v0x1606fe0_0, 0, 1;
    %set/v v0x1607110_0, 0, 1;
    %set/v v0x1607060_0, 0, 1;
    %delay 1, 0;
    %set/v v0x1606ad0_0, 0, 1;
    %set/v v0x1606fe0_0, 0, 1;
    %set/v v0x1607110_0, 0, 1;
    %set/v v0x1607060_0, 1, 1;
    %delay 1, 0;
    %set/v v0x1606ad0_0, 0, 1;
    %set/v v0x1606fe0_0, 0, 1;
    %set/v v0x1607110_0, 1, 1;
    %set/v v0x1607060_0, 0, 1;
    %delay 1, 0;
    %set/v v0x1606ad0_0, 0, 1;
    %set/v v0x1606fe0_0, 0, 1;
    %set/v v0x1607110_0, 1, 1;
    %set/v v0x1607060_0, 1, 1;
    %delay 1, 0;
    %set/v v0x1606ad0_0, 1, 1;
    %set/v v0x1606fe0_0, 1, 1;
    %set/v v0x1607110_0, 0, 1;
    %set/v v0x1607060_0, 0, 1;
    %delay 1, 0;
    %set/v v0x1606ad0_0, 1, 1;
    %set/v v0x1606fe0_0, 1, 1;
    %set/v v0x1607110_0, 0, 1;
    %set/v v0x1607060_0, 1, 1;
    %delay 1, 0;
    %set/v v0x1606ad0_0, 1, 1;
    %set/v v0x1606fe0_0, 1, 1;
    %set/v v0x1607110_0, 1, 1;
    %set/v v0x1607060_0, 0, 1;
    %delay 1, 0;
    %set/v v0x1606ad0_0, 1, 1;
    %set/v v0x1606fe0_0, 1, 1;
    %set/v v0x1607110_0, 1, 1;
    %set/v v0x1607060_0, 1, 1;
    %delay 1, 0;
    %set/v v0x1606ad0_0, 0, 1;
    %set/v v0x1606fe0_0, 1, 1;
    %set/v v0x1607110_0, 0, 1;
    %set/v v0x1607060_0, 0, 1;
    %delay 1, 0;
    %set/v v0x1606ad0_0, 0, 1;
    %set/v v0x1606fe0_0, 1, 1;
    %set/v v0x1607110_0, 0, 1;
    %set/v v0x1607060_0, 1, 1;
    %delay 1, 0;
    %set/v v0x1606ad0_0, 0, 1;
    %set/v v0x1606fe0_0, 1, 1;
    %set/v v0x1607110_0, 1, 1;
    %set/v v0x1607060_0, 0, 1;
    %delay 1, 0;
    %set/v v0x1606ad0_0, 0, 1;
    %set/v v0x1606fe0_0, 1, 1;
    %set/v v0x1607110_0, 1, 1;
    %set/v v0x1607060_0, 1, 1;
    %end;
    .thread T_0;
# The file index is used to find the file name in the following table.
:file_names 3;
    "N/A";
    "<interactive>";
    "demux.v";
