#! /usr/bin/vvp
:ivl_version "0.9.7 " "(v0_9_7)";
:vpi_time_precision + 0;
:vpi_module "system";
:vpi_module "v2005_math";
:vpi_module "va_math";
S_0x20b0690 .scope module, "testbench" "testbench" 2 25;
 .timescale 0 0;
v0x20f55d0_0 .var "clk", 0 0;
v0x20f56a0_0 .net "count", 3 0, v0x20f53e0_0; 1 drivers
v0x20f5750_0 .var "reset", 0 0;
S_0x20b0780 .scope module, "f1" "ring" 2 34, 2 1, S_0x20b0690;
 .timescale 0 0;
v0x20af950_0 .net "clk", 0 0, v0x20f55d0_0; 1 drivers
v0x20f53e0_0 .var "count", 3 0;
v0x20f5480_0 .var "counter", 3 0;
v0x20f5520_0 .net "reset", 0 0, v0x20f5750_0; 1 drivers
E_0x20c2440 .event posedge, v0x20af950_0;
    .scope S_0x20b0780;
T_0 ;
    %wait E_0x20c2440;
    %load/v 8, v0x20f5520_0, 1;
    %jmp/0xz  T_0.0, 8;
    %movi 8, 1, 4;
    %cassign/v v0x20f5480_0, 8, 4;
    %jmp T_0.1;
T_0.0 ;
    %load/v 12, v0x20f5480_0, 4;
    %ix/load 0, 1, 0;
    %mov 4, 0, 1;
    %shiftl/i0  12, 4;
    %cassign/v v0x20f5480_0, 12, 4;
T_0.1 ;
    %load/v 16, v0x20f5480_0, 4;
    %cassign/v v0x20f53e0_0, 16, 4;
    %cassign/link v0x20f53e0_0, v0x20f5480_0;
    %jmp T_0;
    .thread T_0;
    .scope S_0x20b0690;
T_1 ;
    %set/v v0x20f55d0_0, 0, 1;
    %end;
    .thread T_1;
    .scope S_0x20b0690;
T_2 ;
    %delay 1, 0;
    %load/v 20, v0x20f55d0_0, 1;
    %inv 20, 1;
    %set/v v0x20f55d0_0, 20, 1;
    %jmp T_2;
    .thread T_2;
    .scope S_0x20b0690;
T_3 ;
    %vpi_call 2 41 "$monitor", "count = %b", v0x20f56a0_0;
    %vpi_call 2 42 "$dumpfile", "ring.vcd";
    %vpi_call 2 43 "$dumpvars";
    %set/v v0x20f5750_0, 0, 1;
    %delay 1, 0;
    %set/v v0x20f5750_0, 1, 1;
    %delay 1, 0;
    %set/v v0x20f5750_0, 0, 1;
    %delay 100, 0;
    %vpi_call 2 50 "$finish";
    %end;
    .thread T_3;
# The file index is used to find the file name in the following table.
:file_names 3;
    "N/A";
    "<interactive>";
    "ring.v";
