#! /usr/bin/vvp
:ivl_version "0.9.7 " "(v0_9_7)";
:vpi_time_precision + 0;
:vpi_module "system";
:vpi_module "v2005_math";
:vpi_module "va_math";
S_0x1fde6c0 .scope module, "testbench" "testbench" 2 15;
 .timescale 0 0;
v0x2036d90_0 .net "I", 0 0, v0x1ff1180_0; 1 drivers
v0x2036e30_0 .var "en", 0 0;
v0x2036ee0_0 .var "s0", 0 0;
v0x2036f90_0 .var "s1", 0 0;
v0x2037070_0 .var "y0", 0 0;
v0x2037120_0 .var "y1", 0 0;
v0x20371a0_0 .var "y2", 0 0;
v0x2037250_0 .var "y3", 0 0;
S_0x1fde7b0 .scope module, "f1" "mux" 2 22, 2 1, S_0x1fde6c0;
 .timescale 0 0;
v0x1ff1180_0 .var "I", 0 0;
v0x2036890_0 .net "en", 0 0, v0x2036e30_0; 1 drivers
v0x2036930_0 .net "s0", 0 0, v0x2036f90_0; 1 drivers
v0x20369d0_0 .net "s1", 0 0, v0x2036ee0_0; 1 drivers
v0x2036a80_0 .net "y0", 0 0, v0x2037070_0; 1 drivers
v0x2036b20_0 .net "y1", 0 0, v0x2037120_0; 1 drivers
v0x2036c00_0 .net "y2", 0 0, v0x20371a0_0; 1 drivers
v0x2036ca0_0 .net "y3", 0 0, v0x2037250_0; 1 drivers
E_0x1fde690 .event edge, v0x2036890_0;
    .scope S_0x1fde7b0;
T_0 ;
    %wait E_0x1fde690;
    %load/v 8, v0x20369d0_0, 1;
    %inv 8, 1;
    %load/v 9, v0x2036930_0, 1;
    %inv 9, 1;
    %and 8, 9, 1;
    %load/v 9, v0x2036a80_0, 1;
    %and 8, 9, 1;
    %load/v 9, v0x20369d0_0, 1;
    %load/v 10, v0x2036930_0, 1;
    %inv 10, 1;
    %and 9, 10, 1;
    %load/v 10, v0x2036b20_0, 1;
    %and 9, 10, 1;
    %or 8, 9, 1;
    %load/v 9, v0x20369d0_0, 1;
    %inv 9, 1;
    %load/v 10, v0x2036930_0, 1;
    %and 9, 10, 1;
    %load/v 10, v0x2036c00_0, 1;
    %and 9, 10, 1;
    %or 8, 9, 1;
    %load/v 9, v0x2036930_0, 1;
    %load/v 10, v0x2036930_0, 1;
    %and 9, 10, 1;
    %load/v 10, v0x2036ca0_0, 1;
    %and 9, 10, 1;
    %or 8, 9, 1;
    %cassign/v v0x1ff1180_0, 8, 1;
    %jmp T_0;
    .thread T_0, $push;
    .scope S_0x1fde6c0;
T_1 ;
    %vpi_call 2 27 "$dumpfile", "mux.vcd";
    %vpi_call 2 28 "$dumpvars";
    %vpi_call 2 29 "$monitor", " y0 = %b  : y1 = %b  : y2 = %b  : y3 = %b  : s1 = %b  : s2 = %b  : en = %b  : I = %b", v0x2037070_0, v0x2037120_0, v0x20371a0_0, v0x2037250_0, v0x2036f90_0, v0x2036ee0_0, v0x2036e30_0, v0x2036d90_0;
    %set/v v0x2037070_0, 0, 1;
    %set/v v0x2037120_0, 0, 1;
    %set/v v0x20371a0_0, 0, 1;
    %set/v v0x2037250_0, 0, 1;
    %set/v v0x2036e30_0, 0, 1;
    %set/v v0x2036f90_0, 0, 1;
    %set/v v0x2036ee0_0, 0, 1;
    %delay 1, 0;
    %set/v v0x2037070_0, 0, 1;
    %set/v v0x2037120_0, 0, 1;
    %set/v v0x20371a0_0, 0, 1;
    %set/v v0x2037250_0, 1, 1;
    %set/v v0x2036e30_0, 0, 1;
    %set/v v0x2036f90_0, 0, 1;
    %set/v v0x2036ee0_0, 1, 1;
    %delay 1, 0;
    %set/v v0x2037070_0, 0, 1;
    %set/v v0x2037120_0, 0, 1;
    %set/v v0x20371a0_0, 1, 1;
    %set/v v0x2037250_0, 0, 1;
    %set/v v0x2036e30_0, 0, 1;
    %set/v v0x2036f90_0, 1, 1;
    %set/v v0x2036ee0_0, 0, 1;
    %delay 1, 0;
    %set/v v0x2037070_0, 0, 1;
    %set/v v0x2037120_0, 0, 1;
    %set/v v0x20371a0_0, 1, 1;
    %set/v v0x2037250_0, 1, 1;
    %set/v v0x2036e30_0, 0, 1;
    %set/v v0x2036f90_0, 1, 1;
    %set/v v0x2036ee0_0, 1, 1;
    %delay 1, 0;
    %set/v v0x2037070_0, 0, 1;
    %set/v v0x2037120_0, 1, 1;
    %set/v v0x20371a0_0, 0, 1;
    %set/v v0x2037250_0, 0, 1;
    %set/v v0x2036e30_0, 0, 1;
    %set/v v0x2036f90_0, 0, 1;
    %set/v v0x2036ee0_0, 0, 1;
    %delay 1, 0;
    %set/v v0x2037070_0, 0, 1;
    %set/v v0x2037120_0, 1, 1;
    %set/v v0x20371a0_0, 0, 1;
    %set/v v0x2037250_0, 1, 1;
    %set/v v0x2036e30_0, 0, 1;
    %set/v v0x2036f90_0, 0, 1;
    %set/v v0x2036ee0_0, 1, 1;
    %delay 1, 0;
    %set/v v0x2037070_0, 0, 1;
    %set/v v0x2037120_0, 1, 1;
    %set/v v0x20371a0_0, 1, 1;
    %set/v v0x2037250_0, 0, 1;
    %set/v v0x2036e30_0, 0, 1;
    %set/v v0x2036f90_0, 1, 1;
    %set/v v0x2036ee0_0, 0, 1;
    %delay 1, 0;
    %set/v v0x2037070_0, 0, 1;
    %set/v v0x2037120_0, 1, 1;
    %set/v v0x20371a0_0, 1, 1;
    %set/v v0x2037250_0, 1, 1;
    %set/v v0x2036e30_0, 0, 1;
    %set/v v0x2036f90_0, 1, 1;
    %set/v v0x2036ee0_0, 1, 1;
    %delay 1, 0;
    %set/v v0x2037070_0, 1, 1;
    %set/v v0x2037120_0, 0, 1;
    %set/v v0x20371a0_0, 0, 1;
    %set/v v0x2037250_0, 0, 1;
    %set/v v0x2036e30_0, 1, 1;
    %set/v v0x2036f90_0, 0, 1;
    %set/v v0x2036ee0_0, 0, 1;
    %delay 1, 0;
    %set/v v0x2037070_0, 1, 1;
    %set/v v0x2037120_0, 0, 1;
    %set/v v0x20371a0_0, 0, 1;
    %set/v v0x2037250_0, 1, 1;
    %set/v v0x2036e30_0, 1, 1;
    %set/v v0x2036f90_0, 0, 1;
    %set/v v0x2036ee0_0, 1, 1;
    %delay 1, 0;
    %set/v v0x2037070_0, 1, 1;
    %set/v v0x2037120_0, 0, 1;
    %set/v v0x20371a0_0, 1, 1;
    %set/v v0x2037250_0, 0, 1;
    %set/v v0x2036e30_0, 1, 1;
    %set/v v0x2036f90_0, 1, 1;
    %set/v v0x2036ee0_0, 0, 1;
    %delay 1, 0;
    %set/v v0x2037070_0, 1, 1;
    %set/v v0x2037120_0, 0, 1;
    %set/v v0x20371a0_0, 1, 1;
    %set/v v0x2037250_0, 1, 1;
    %set/v v0x2036e30_0, 1, 1;
    %set/v v0x2036f90_0, 1, 1;
    %set/v v0x2036ee0_0, 1, 1;
    %delay 1, 0;
    %set/v v0x2037070_0, 1, 1;
    %set/v v0x2037120_0, 1, 1;
    %set/v v0x20371a0_0, 0, 1;
    %set/v v0x2037250_0, 0, 1;
    %set/v v0x2036e30_0, 1, 1;
    %set/v v0x2036f90_0, 0, 1;
    %set/v v0x2036ee0_0, 0, 1;
    %delay 1, 0;
    %set/v v0x2037070_0, 1, 1;
    %set/v v0x2037120_0, 1, 1;
    %set/v v0x20371a0_0, 0, 1;
    %set/v v0x2037250_0, 1, 1;
    %set/v v0x2036e30_0, 1, 1;
    %set/v v0x2036f90_0, 0, 1;
    %set/v v0x2036ee0_0, 1, 1;
    %delay 1, 0;
    %set/v v0x2037070_0, 1, 1;
    %set/v v0x2037120_0, 1, 1;
    %set/v v0x20371a0_0, 1, 1;
    %set/v v0x2037250_0, 0, 1;
    %set/v v0x2036e30_0, 1, 1;
    %set/v v0x2036f90_0, 1, 1;
    %set/v v0x2036ee0_0, 0, 1;
    %delay 1, 0;
    %set/v v0x2037070_0, 1, 1;
    %set/v v0x2037120_0, 1, 1;
    %set/v v0x20371a0_0, 1, 1;
    %set/v v0x2037250_0, 1, 1;
    %set/v v0x2036e30_0, 1, 1;
    %set/v v0x2036f90_0, 1, 1;
    %set/v v0x2036ee0_0, 1, 1;
    %end;
    .thread T_1;
# The file index is used to find the file name in the following table.
:file_names 3;
    "N/A";
    "<interactive>";
    "mux.v";
