#! /usr/bin/vvp
:ivl_version "0.9.7 " "(v0_9_7)";
:vpi_time_precision + 0;
:vpi_module "system";
:vpi_module "v2005_math";
:vpi_module "va_math";
S_0xaed730 .scope module, "updowncountert_b" "updowncountert_b" 2 35;
 .timescale 0 0;
v0xb338a0_0 .var "clear", 0 0;
v0xb33970_0 .var "clk", 0 0;
v0xb33a20_0 .net "q", 3 0, v0xb33750_0; 1 drivers
v0xb33ad0_0 .var "updown", 0 0;
S_0xaed820 .scope module, "uut" "updowncountermod" 2 45, 2 1, S_0xaed730;
 .timescale 0 0;
v0xb231e0_0 .net "clear", 0 0, v0xb338a0_0; 1 drivers
v0xb336b0_0 .net "clk", 0 0, v0xb33970_0; 1 drivers
v0xb33750_0 .var "q", 3 0;
v0xb337f0_0 .net "updown", 0 0, v0xb33ad0_0; 1 drivers
E_0xaed620 .event posedge, v0xb336b0_0, v0xb231e0_0;
    .scope S_0xaed820;
T_0 ;
    %wait E_0xaed620;
    %load/v 8, v0xb231e0_0, 1;
    %jmp/0xz  T_0.0, 8;
    %ix/load 0, 4, 0;
    %assign/v0 v0xb33750_0, 0, 0;
    %jmp T_0.1;
T_0.0 ;
    %load/v 8, v0xb337f0_0, 1;
    %jmp/0xz  T_0.2, 8;
    %ix/load 0, 1, 0;
    %load/vp0 8, v0xb33750_0, 4;
    %ix/load 0, 4, 0;
    %assign/v0 v0xb33750_0, 0, 8;
    %jmp T_0.3;
T_0.2 ;
    %load/v 8, v0xb33750_0, 4;
    %subi 8, 1, 4;
    %ix/load 0, 4, 0;
    %assign/v0 v0xb33750_0, 0, 8;
T_0.3 ;
T_0.1 ;
    %jmp T_0;
    .thread T_0;
    .scope S_0xaed730;
T_1 ;
    %vpi_call 2 49 "$monitor", "Clock = %b : Clear = %b : Updown = %b : Q = %b", v0xb33970_0, v0xb338a0_0, v0xb33ad0_0, v0xb33a20_0;
    %vpi_call 2 50 "$dumpfile", "updown.vcd";
    %vpi_call 2 51 "$dumpvars";
    %set/v v0xb33970_0, 0, 1;
    %set/v v0xb338a0_0, 0, 1;
    %set/v v0xb33ad0_0, 0, 1;
    %delay 5, 0;
    %set/v v0xb338a0_0, 1, 1;
    %delay 5, 0;
    %set/v v0xb338a0_0, 0, 1;
    %delay 100, 0;
    %set/v v0xb33ad0_0, 1, 1;
    %end;
    .thread T_1;
    .scope S_0xaed730;
T_2 ;
    %delay 5, 0;
    %load/v 8, v0xb33970_0, 1;
    %inv 8, 1;
    %set/v v0xb33970_0, 8, 1;
    %jmp T_2;
    .thread T_2;
    .scope S_0xaed730;
T_3 ;
    %delay 150, 0;
    %vpi_call 2 71 "$finish";
    %end;
    .thread T_3;
# The file index is used to find the file name in the following table.
:file_names 3;
    "N/A";
    "<interactive>";
    "updown.v";
