#! /usr/bin/vvp
:ivl_version "0.9.7 " "(v0_9_7)";
:vpi_time_precision + 0;
:vpi_module "system";
:vpi_module "v2005_math";
:vpi_module "va_math";
S_0x967a00 .scope module, "testbench" "testbench" 2 31;
 .timescale 0 0;
v0xa1ed00_0 .var "A", 3 0;
v0xa1ed80_0 .var "B", 3 0;
v0xa1ee00_0 .var "Cin", 0 0;
v0xa1eed0_0 .net "Cout", 0 0, L_0xa20c00; 1 drivers
RS_0x7fa4ae9b66a8 .resolv tri, L_0xa1f770, L_0xa1ffb0, L_0xa20860, L_0xa20fc0;
v0xa1efa0_0 .net8 "Sum", 3 0, RS_0x7fa4ae9b66a8; 4 drivers
S_0x967ee0 .scope module, "tb" "bitadder" 2 38, 2 13, S_0x967a00;
 .timescale 0 0;
v0xa1e6d0_0 .net "A", 3 0, v0xa1ed00_0; 1 drivers
v0xa1e790_0 .net "B", 3 0, v0xa1ed80_0; 1 drivers
v0xa1e830_0 .net "Cin", 0 0, v0xa1ee00_0; 1 drivers
v0xa1e8e0_0 .alias "Cout", 0 0, v0xa1eed0_0;
v0xa1e9c0_0 .alias "Sum", 3 0, v0xa1efa0_0;
v0xa1ea40_0 .net "c1", 0 0, L_0xa1f410; 1 drivers
v0xa1eb10_0 .net "c2", 0 0, L_0xa1fc10; 1 drivers
v0xa1ebe0_0 .net "c3", 0 0, L_0xa203a0; 1 drivers
L_0xa1f510 .part v0xa1ed00_0, 0, 1;
L_0xa1f640 .part v0xa1ed80_0, 0, 1;
L_0xa1f770 .part/pv L_0xa1f0b0, 0, 1, 4;
L_0xa1fd50 .part v0xa1ed00_0, 1, 1;
L_0xa1fe80 .part v0xa1ed80_0, 1, 1;
L_0xa1ffb0 .part/pv L_0xa1f910, 1, 1, 4;
L_0xa204e0 .part v0xa1ed00_0, 2, 1;
L_0xa206a0 .part v0xa1ed80_0, 2, 1;
L_0xa20860 .part/pv L_0xa200f0, 2, 1, 4;
L_0xa20d00 .part v0xa1ed00_0, 3, 1;
L_0xa20e90 .part v0xa1ed80_0, 3, 1;
L_0xa20fc0 .part/pv L_0xa209f0, 3, 1, 4;
S_0xa1e000 .scope module, "f1" "full_adder" 2 24, 2 1, S_0x967ee0;
 .timescale 0 0;
L_0xa1f020 .functor XOR 1, L_0xa1f510, L_0xa1f640, C4<0>, C4<0>;
L_0xa1f0b0 .functor XOR 1, L_0xa1f020, v0xa1ee00_0, C4<0>, C4<0>;
L_0xa1f190 .functor AND 1, L_0xa1f510, L_0xa1f640, C4<1>, C4<1>;
L_0xa1f290 .functor XOR 1, L_0xa1f510, L_0xa1f640, C4<0>, C4<0>;
L_0xa1f2f0 .functor AND 1, v0xa1ee00_0, L_0xa1f290, C4<1>, C4<1>;
L_0xa1f410 .functor OR 1, L_0xa1f190, L_0xa1f2f0, C4<0>, C4<0>;
v0xa1e0f0_0 .net *"_s0", 0 0, L_0xa1f020; 1 drivers
v0xa1e1b0_0 .net *"_s4", 0 0, L_0xa1f190; 1 drivers
v0xa1e250_0 .net *"_s6", 0 0, L_0xa1f290; 1 drivers
v0xa1e2f0_0 .net *"_s8", 0 0, L_0xa1f2f0; 1 drivers
v0xa1e3a0_0 .net "a", 0 0, L_0xa1f510; 1 drivers
v0xa1e440_0 .net "b", 0 0, L_0xa1f640; 1 drivers
v0xa1e4e0_0 .alias "cin", 0 0, v0xa1e830_0;
v0xa1e580_0 .alias "cout", 0 0, v0xa1ea40_0;
v0xa1e650_0 .net "sum", 0 0, L_0xa1f0b0; 1 drivers
S_0xa1d930 .scope module, "f2" "full_adder" 2 25, 2 1, S_0x967ee0;
 .timescale 0 0;
L_0xa1f8b0 .functor XOR 1, L_0xa1fd50, L_0xa1fe80, C4<0>, C4<0>;
L_0xa1f910 .functor XOR 1, L_0xa1f8b0, L_0xa1f410, C4<0>, C4<0>;
L_0xa1fa50 .functor AND 1, L_0xa1fd50, L_0xa1fe80, C4<1>, C4<1>;
L_0xa1fb00 .functor XOR 1, L_0xa1fd50, L_0xa1fe80, C4<0>, C4<0>;
L_0xa1fb60 .functor AND 1, L_0xa1f410, L_0xa1fb00, C4<1>, C4<1>;
L_0xa1fc10 .functor OR 1, L_0xa1fa50, L_0xa1fb60, C4<0>, C4<0>;
v0xa1da20_0 .net *"_s0", 0 0, L_0xa1f8b0; 1 drivers
v0xa1dae0_0 .net *"_s4", 0 0, L_0xa1fa50; 1 drivers
v0xa1db80_0 .net *"_s6", 0 0, L_0xa1fb00; 1 drivers
v0xa1dc20_0 .net *"_s8", 0 0, L_0xa1fb60; 1 drivers
v0xa1dcd0_0 .net "a", 0 0, L_0xa1fd50; 1 drivers
v0xa1dd70_0 .net "b", 0 0, L_0xa1fe80; 1 drivers
v0xa1de10_0 .alias "cin", 0 0, v0xa1ea40_0;
v0xa1deb0_0 .alias "cout", 0 0, v0xa1eb10_0;
v0xa1df80_0 .net "sum", 0 0, L_0xa1f910; 1 drivers
S_0xa1d290 .scope module, "f3" "full_adder" 2 26, 2 1, S_0x967ee0;
 .timescale 0 0;
L_0xa20090 .functor XOR 1, L_0xa204e0, L_0xa206a0, C4<0>, C4<0>;
L_0xa200f0 .functor XOR 1, L_0xa20090, L_0xa1fc10, C4<0>, C4<0>;
L_0xa201e0 .functor AND 1, L_0xa204e0, L_0xa206a0, C4<1>, C4<1>;
L_0xa20290 .functor XOR 1, L_0xa204e0, L_0xa206a0, C4<0>, C4<0>;
L_0xa202f0 .functor AND 1, L_0xa1fc10, L_0xa20290, C4<1>, C4<1>;
L_0xa203a0 .functor OR 1, L_0xa201e0, L_0xa202f0, C4<0>, C4<0>;
v0xa1d380_0 .net *"_s0", 0 0, L_0xa20090; 1 drivers
v0xa1d440_0 .net *"_s4", 0 0, L_0xa201e0; 1 drivers
v0xa1d4e0_0 .net *"_s6", 0 0, L_0xa20290; 1 drivers
v0xa1d580_0 .net *"_s8", 0 0, L_0xa202f0; 1 drivers
v0xa1d600_0 .net "a", 0 0, L_0xa204e0; 1 drivers
v0xa1d6a0_0 .net "b", 0 0, L_0xa206a0; 1 drivers
v0xa1d740_0 .alias "cin", 0 0, v0xa1eb10_0;
v0xa1d7e0_0 .alias "cout", 0 0, v0xa1ebe0_0;
v0xa1d8b0_0 .net "sum", 0 0, L_0xa200f0; 1 drivers
S_0x9537b0 .scope module, "f4" "full_adder" 2 27, 2 1, S_0x967ee0;
 .timescale 0 0;
L_0xa20990 .functor XOR 1, L_0xa20d00, L_0xa20e90, C4<0>, C4<0>;
L_0xa209f0 .functor XOR 1, L_0xa20990, L_0xa203a0, C4<0>, C4<0>;
L_0xa20ae0 .functor AND 1, L_0xa20d00, L_0xa20e90, C4<1>, C4<1>;
L_0xa20b40 .functor XOR 1, L_0xa20d00, L_0xa20e90, C4<0>, C4<0>;
L_0xa20ba0 .functor AND 1, L_0xa203a0, L_0xa20b40, C4<1>, C4<1>;
L_0xa20c00 .functor OR 1, L_0xa20ae0, L_0xa20ba0, C4<0>, C4<0>;
v0x9696d0_0 .net *"_s0", 0 0, L_0xa20990; 1 drivers
v0xa1ccf0_0 .net *"_s4", 0 0, L_0xa20ae0; 1 drivers
v0xa1cd90_0 .net *"_s6", 0 0, L_0xa20b40; 1 drivers
v0xa1ce30_0 .net *"_s8", 0 0, L_0xa20ba0; 1 drivers
v0xa1cee0_0 .net "a", 0 0, L_0xa20d00; 1 drivers
v0xa1cf80_0 .net "b", 0 0, L_0xa20e90; 1 drivers
v0xa1d060_0 .alias "cin", 0 0, v0xa1ebe0_0;
v0xa1d100_0 .alias "cout", 0 0, v0xa1eed0_0;
v0xa1d1f0_0 .net "sum", 0 0, L_0xa209f0; 1 drivers
    .scope S_0x967a00;
T_0 ;
    %vpi_call 2 43 "$monitor", "A = %b : B = %b : Cin = %b : Sum = %b : Cout = %b ", v0xa1ed00_0, v0xa1ed80_0, v0xa1ee00_0, v0xa1efa0_0, v0xa1eed0_0;
    %vpi_call 2 44 "$dumpfile", "4bitadder.vcd";
    %vpi_call 2 45 "$dumpvars";
    %set/v v0xa1ed00_0, 0, 4;
    %set/v v0xa1ed80_0, 0, 4;
    %set/v v0xa1ee00_0, 0, 1;
    %delay 5, 0;
    %set/v v0xa1ed00_0, 0, 4;
    %movi 8, 1, 4;
    %set/v v0xa1ed80_0, 8, 4;
    %set/v v0xa1ee00_0, 0, 1;
    %delay 5, 0;
    %set/v v0xa1ed00_0, 0, 4;
    %movi 8, 2, 4;
    %set/v v0xa1ed80_0, 8, 4;
    %set/v v0xa1ee00_0, 0, 1;
    %delay 5, 0;
    %set/v v0xa1ed00_0, 0, 4;
    %movi 8, 3, 4;
    %set/v v0xa1ed80_0, 8, 4;
    %set/v v0xa1ee00_0, 0, 1;
    %delay 5, 0;
    %set/v v0xa1ed00_0, 0, 4;
    %movi 8, 4, 4;
    %set/v v0xa1ed80_0, 8, 4;
    %set/v v0xa1ee00_0, 0, 1;
    %delay 5, 0;
    %set/v v0xa1ed00_0, 0, 4;
    %movi 8, 5, 4;
    %set/v v0xa1ed80_0, 8, 4;
    %set/v v0xa1ee00_0, 0, 1;
    %delay 5, 0;
    %set/v v0xa1ed00_0, 0, 4;
    %movi 8, 6, 4;
    %set/v v0xa1ed80_0, 8, 4;
    %set/v v0xa1ee00_0, 0, 1;
    %delay 5, 0;
    %set/v v0xa1ed00_0, 0, 4;
    %movi 8, 7, 4;
    %set/v v0xa1ed80_0, 8, 4;
    %set/v v0xa1ee00_0, 0, 1;
    %delay 5, 0;
    %set/v v0xa1ed00_0, 0, 4;
    %movi 8, 8, 4;
    %set/v v0xa1ed80_0, 8, 4;
    %set/v v0xa1ee00_0, 0, 1;
    %delay 5, 0;
    %set/v v0xa1ed00_0, 0, 4;
    %movi 8, 9, 4;
    %set/v v0xa1ed80_0, 8, 4;
    %set/v v0xa1ee00_0, 0, 1;
    %delay 5, 0;
    %set/v v0xa1ed00_0, 0, 4;
    %movi 8, 10, 4;
    %set/v v0xa1ed80_0, 8, 4;
    %set/v v0xa1ee00_0, 0, 1;
    %delay 5, 0;
    %set/v v0xa1ed00_0, 0, 4;
    %movi 8, 11, 4;
    %set/v v0xa1ed80_0, 8, 4;
    %set/v v0xa1ee00_0, 0, 1;
    %delay 5, 0;
    %set/v v0xa1ed00_0, 0, 4;
    %movi 8, 12, 4;
    %set/v v0xa1ed80_0, 8, 4;
    %set/v v0xa1ee00_0, 0, 1;
    %delay 5, 0;
    %set/v v0xa1ed00_0, 0, 4;
    %movi 8, 13, 4;
    %set/v v0xa1ed80_0, 8, 4;
    %set/v v0xa1ee00_0, 0, 1;
    %delay 5, 0;
    %set/v v0xa1ed00_0, 0, 4;
    %movi 8, 14, 4;
    %set/v v0xa1ed80_0, 8, 4;
    %set/v v0xa1ee00_0, 0, 1;
    %delay 5, 0;
    %set/v v0xa1ed00_0, 0, 4;
    %set/v v0xa1ed80_0, 1, 4;
    %set/v v0xa1ee00_0, 0, 1;
    %delay 5, 0;
    %movi 8, 1, 4;
    %set/v v0xa1ed00_0, 8, 4;
    %set/v v0xa1ed80_0, 0, 4;
    %set/v v0xa1ee00_0, 0, 1;
    %delay 5, 0;
    %movi 8, 1, 4;
    %set/v v0xa1ed00_0, 8, 4;
    %movi 8, 1, 4;
    %set/v v0xa1ed80_0, 8, 4;
    %set/v v0xa1ee00_0, 0, 1;
    %delay 5, 0;
    %movi 8, 1, 4;
    %set/v v0xa1ed00_0, 8, 4;
    %movi 8, 2, 4;
    %set/v v0xa1ed80_0, 8, 4;
    %set/v v0xa1ee00_0, 0, 1;
    %delay 5, 0;
    %movi 8, 1, 4;
    %set/v v0xa1ed00_0, 8, 4;
    %movi 8, 3, 4;
    %set/v v0xa1ed80_0, 8, 4;
    %set/v v0xa1ee00_0, 0, 1;
    %delay 5, 0;
    %movi 8, 1, 4;
    %set/v v0xa1ed00_0, 8, 4;
    %movi 8, 4, 4;
    %set/v v0xa1ed80_0, 8, 4;
    %set/v v0xa1ee00_0, 0, 1;
    %delay 5, 0;
    %movi 8, 1, 4;
    %set/v v0xa1ed00_0, 8, 4;
    %movi 8, 5, 4;
    %set/v v0xa1ed80_0, 8, 4;
    %set/v v0xa1ee00_0, 0, 1;
    %delay 5, 0;
    %movi 8, 1, 4;
    %set/v v0xa1ed00_0, 8, 4;
    %movi 8, 6, 4;
    %set/v v0xa1ed80_0, 8, 4;
    %set/v v0xa1ee00_0, 0, 1;
    %delay 5, 0;
    %movi 8, 1, 4;
    %set/v v0xa1ed00_0, 8, 4;
    %movi 8, 7, 4;
    %set/v v0xa1ed80_0, 8, 4;
    %set/v v0xa1ee00_0, 0, 1;
    %delay 5, 0;
    %movi 8, 1, 4;
    %set/v v0xa1ed00_0, 8, 4;
    %movi 8, 8, 4;
    %set/v v0xa1ed80_0, 8, 4;
    %set/v v0xa1ee00_0, 0, 1;
    %delay 5, 0;
    %movi 8, 1, 4;
    %set/v v0xa1ed00_0, 8, 4;
    %movi 8, 9, 4;
    %set/v v0xa1ed80_0, 8, 4;
    %set/v v0xa1ee00_0, 0, 1;
    %delay 5, 0;
    %movi 8, 1, 4;
    %set/v v0xa1ed00_0, 8, 4;
    %movi 8, 10, 4;
    %set/v v0xa1ed80_0, 8, 4;
    %set/v v0xa1ee00_0, 0, 1;
    %delay 5, 0;
    %movi 8, 1, 4;
    %set/v v0xa1ed00_0, 8, 4;
    %movi 8, 11, 4;
    %set/v v0xa1ed80_0, 8, 4;
    %set/v v0xa1ee00_0, 0, 1;
    %delay 5, 0;
    %movi 8, 1, 4;
    %set/v v0xa1ed00_0, 8, 4;
    %movi 8, 12, 4;
    %set/v v0xa1ed80_0, 8, 4;
    %set/v v0xa1ee00_0, 0, 1;
    %delay 5, 0;
    %movi 8, 1, 4;
    %set/v v0xa1ed00_0, 8, 4;
    %movi 8, 13, 4;
    %set/v v0xa1ed80_0, 8, 4;
    %set/v v0xa1ee00_0, 0, 1;
    %delay 5, 0;
    %movi 8, 1, 4;
    %set/v v0xa1ed00_0, 8, 4;
    %movi 8, 14, 4;
    %set/v v0xa1ed80_0, 8, 4;
    %set/v v0xa1ee00_0, 0, 1;
    %delay 5, 0;
    %movi 8, 1, 4;
    %set/v v0xa1ed00_0, 8, 4;
    %set/v v0xa1ed80_0, 1, 4;
    %set/v v0xa1ee00_0, 0, 1;
    %delay 5, 0;
    %movi 8, 2, 4;
    %set/v v0xa1ed00_0, 8, 4;
    %set/v v0xa1ed80_0, 0, 4;
    %set/v v0xa1ee00_0, 0, 1;
    %delay 5, 0;
    %movi 8, 2, 4;
    %set/v v0xa1ed00_0, 8, 4;
    %movi 8, 1, 4;
    %set/v v0xa1ed80_0, 8, 4;
    %set/v v0xa1ee00_0, 0, 1;
    %delay 5, 0;
    %movi 8, 2, 4;
    %set/v v0xa1ed00_0, 8, 4;
    %movi 8, 2, 4;
    %set/v v0xa1ed80_0, 8, 4;
    %set/v v0xa1ee00_0, 0, 1;
    %delay 5, 0;
    %movi 8, 2, 4;
    %set/v v0xa1ed00_0, 8, 4;
    %movi 8, 3, 4;
    %set/v v0xa1ed80_0, 8, 4;
    %set/v v0xa1ee00_0, 0, 1;
    %delay 5, 0;
    %movi 8, 2, 4;
    %set/v v0xa1ed00_0, 8, 4;
    %movi 8, 4, 4;
    %set/v v0xa1ed80_0, 8, 4;
    %set/v v0xa1ee00_0, 0, 1;
    %delay 5, 0;
    %movi 8, 2, 4;
    %set/v v0xa1ed00_0, 8, 4;
    %movi 8, 5, 4;
    %set/v v0xa1ed80_0, 8, 4;
    %set/v v0xa1ee00_0, 0, 1;
    %delay 5, 0;
    %movi 8, 2, 4;
    %set/v v0xa1ed00_0, 8, 4;
    %movi 8, 6, 4;
    %set/v v0xa1ed80_0, 8, 4;
    %set/v v0xa1ee00_0, 0, 1;
    %delay 5, 0;
    %movi 8, 2, 4;
    %set/v v0xa1ed00_0, 8, 4;
    %movi 8, 7, 4;
    %set/v v0xa1ed80_0, 8, 4;
    %set/v v0xa1ee00_0, 0, 1;
    %delay 5, 0;
    %movi 8, 2, 4;
    %set/v v0xa1ed00_0, 8, 4;
    %movi 8, 8, 4;
    %set/v v0xa1ed80_0, 8, 4;
    %set/v v0xa1ee00_0, 0, 1;
    %delay 5, 0;
    %movi 8, 2, 4;
    %set/v v0xa1ed00_0, 8, 4;
    %movi 8, 9, 4;
    %set/v v0xa1ed80_0, 8, 4;
    %set/v v0xa1ee00_0, 0, 1;
    %delay 5, 0;
    %movi 8, 2, 4;
    %set/v v0xa1ed00_0, 8, 4;
    %movi 8, 10, 4;
    %set/v v0xa1ed80_0, 8, 4;
    %set/v v0xa1ee00_0, 0, 1;
    %delay 5, 0;
    %movi 8, 2, 4;
    %set/v v0xa1ed00_0, 8, 4;
    %movi 8, 11, 4;
    %set/v v0xa1ed80_0, 8, 4;
    %set/v v0xa1ee00_0, 0, 1;
    %delay 5, 0;
    %movi 8, 2, 4;
    %set/v v0xa1ed00_0, 8, 4;
    %movi 8, 12, 4;
    %set/v v0xa1ed80_0, 8, 4;
    %set/v v0xa1ee00_0, 0, 1;
    %delay 5, 0;
    %movi 8, 2, 4;
    %set/v v0xa1ed00_0, 8, 4;
    %movi 8, 13, 4;
    %set/v v0xa1ed80_0, 8, 4;
    %set/v v0xa1ee00_0, 0, 1;
    %delay 5, 0;
    %movi 8, 2, 4;
    %set/v v0xa1ed00_0, 8, 4;
    %movi 8, 14, 4;
    %set/v v0xa1ed80_0, 8, 4;
    %set/v v0xa1ee00_0, 0, 1;
    %delay 5, 0;
    %movi 8, 2, 4;
    %set/v v0xa1ed00_0, 8, 4;
    %set/v v0xa1ed80_0, 1, 4;
    %set/v v0xa1ee00_0, 0, 1;
    %delay 5, 0;
    %movi 8, 3, 4;
    %set/v v0xa1ed00_0, 8, 4;
    %set/v v0xa1ed80_0, 0, 4;
    %set/v v0xa1ee00_0, 0, 1;
    %delay 5, 0;
    %movi 8, 3, 4;
    %set/v v0xa1ed00_0, 8, 4;
    %movi 8, 1, 4;
    %set/v v0xa1ed80_0, 8, 4;
    %set/v v0xa1ee00_0, 0, 1;
    %delay 5, 0;
    %movi 8, 3, 4;
    %set/v v0xa1ed00_0, 8, 4;
    %movi 8, 2, 4;
    %set/v v0xa1ed80_0, 8, 4;
    %set/v v0xa1ee00_0, 0, 1;
    %delay 5, 0;
    %movi 8, 3, 4;
    %set/v v0xa1ed00_0, 8, 4;
    %movi 8, 3, 4;
    %set/v v0xa1ed80_0, 8, 4;
    %set/v v0xa1ee00_0, 0, 1;
    %delay 5, 0;
    %movi 8, 3, 4;
    %set/v v0xa1ed00_0, 8, 4;
    %movi 8, 4, 4;
    %set/v v0xa1ed80_0, 8, 4;
    %set/v v0xa1ee00_0, 0, 1;
    %delay 5, 0;
    %movi 8, 3, 4;
    %set/v v0xa1ed00_0, 8, 4;
    %movi 8, 5, 4;
    %set/v v0xa1ed80_0, 8, 4;
    %set/v v0xa1ee00_0, 0, 1;
    %delay 5, 0;
    %movi 8, 3, 4;
    %set/v v0xa1ed00_0, 8, 4;
    %movi 8, 6, 4;
    %set/v v0xa1ed80_0, 8, 4;
    %set/v v0xa1ee00_0, 0, 1;
    %delay 5, 0;
    %movi 8, 3, 4;
    %set/v v0xa1ed00_0, 8, 4;
    %movi 8, 7, 4;
    %set/v v0xa1ed80_0, 8, 4;
    %set/v v0xa1ee00_0, 0, 1;
    %delay 5, 0;
    %movi 8, 3, 4;
    %set/v v0xa1ed00_0, 8, 4;
    %movi 8, 8, 4;
    %set/v v0xa1ed80_0, 8, 4;
    %set/v v0xa1ee00_0, 0, 1;
    %delay 5, 0;
    %movi 8, 3, 4;
    %set/v v0xa1ed00_0, 8, 4;
    %movi 8, 9, 4;
    %set/v v0xa1ed80_0, 8, 4;
    %set/v v0xa1ee00_0, 0, 1;
    %delay 5, 0;
    %movi 8, 3, 4;
    %set/v v0xa1ed00_0, 8, 4;
    %movi 8, 10, 4;
    %set/v v0xa1ed80_0, 8, 4;
    %set/v v0xa1ee00_0, 0, 1;
    %delay 5, 0;
    %movi 8, 3, 4;
    %set/v v0xa1ed00_0, 8, 4;
    %movi 8, 11, 4;
    %set/v v0xa1ed80_0, 8, 4;
    %set/v v0xa1ee00_0, 0, 1;
    %delay 5, 0;
    %movi 8, 3, 4;
    %set/v v0xa1ed00_0, 8, 4;
    %movi 8, 12, 4;
    %set/v v0xa1ed80_0, 8, 4;
    %set/v v0xa1ee00_0, 0, 1;
    %delay 5, 0;
    %movi 8, 3, 4;
    %set/v v0xa1ed00_0, 8, 4;
    %movi 8, 13, 4;
    %set/v v0xa1ed80_0, 8, 4;
    %set/v v0xa1ee00_0, 0, 1;
    %delay 5, 0;
    %movi 8, 3, 4;
    %set/v v0xa1ed00_0, 8, 4;
    %movi 8, 14, 4;
    %set/v v0xa1ed80_0, 8, 4;
    %set/v v0xa1ee00_0, 0, 1;
    %delay 5, 0;
    %movi 8, 3, 4;
    %set/v v0xa1ed00_0, 8, 4;
    %set/v v0xa1ed80_0, 1, 4;
    %set/v v0xa1ee00_0, 0, 1;
    %delay 5, 0;
    %movi 8, 4, 4;
    %set/v v0xa1ed00_0, 8, 4;
    %set/v v0xa1ed80_0, 0, 4;
    %set/v v0xa1ee00_0, 0, 1;
    %delay 5, 0;
    %movi 8, 4, 4;
    %set/v v0xa1ed00_0, 8, 4;
    %movi 8, 1, 4;
    %set/v v0xa1ed80_0, 8, 4;
    %set/v v0xa1ee00_0, 0, 1;
    %delay 5, 0;
    %movi 8, 4, 4;
    %set/v v0xa1ed00_0, 8, 4;
    %movi 8, 2, 4;
    %set/v v0xa1ed80_0, 8, 4;
    %set/v v0xa1ee00_0, 0, 1;
    %delay 5, 0;
    %movi 8, 4, 4;
    %set/v v0xa1ed00_0, 8, 4;
    %movi 8, 3, 4;
    %set/v v0xa1ed80_0, 8, 4;
    %set/v v0xa1ee00_0, 0, 1;
    %delay 5, 0;
    %movi 8, 4, 4;
    %set/v v0xa1ed00_0, 8, 4;
    %movi 8, 4, 4;
    %set/v v0xa1ed80_0, 8, 4;
    %set/v v0xa1ee00_0, 0, 1;
    %delay 5, 0;
    %movi 8, 4, 4;
    %set/v v0xa1ed00_0, 8, 4;
    %movi 8, 5, 4;
    %set/v v0xa1ed80_0, 8, 4;
    %set/v v0xa1ee00_0, 0, 1;
    %delay 5, 0;
    %movi 8, 4, 4;
    %set/v v0xa1ed00_0, 8, 4;
    %movi 8, 6, 4;
    %set/v v0xa1ed80_0, 8, 4;
    %set/v v0xa1ee00_0, 0, 1;
    %delay 5, 0;
    %movi 8, 4, 4;
    %set/v v0xa1ed00_0, 8, 4;
    %movi 8, 7, 4;
    %set/v v0xa1ed80_0, 8, 4;
    %set/v v0xa1ee00_0, 0, 1;
    %delay 5, 0;
    %movi 8, 4, 4;
    %set/v v0xa1ed00_0, 8, 4;
    %movi 8, 8, 4;
    %set/v v0xa1ed80_0, 8, 4;
    %set/v v0xa1ee00_0, 0, 1;
    %delay 5, 0;
    %movi 8, 4, 4;
    %set/v v0xa1ed00_0, 8, 4;
    %movi 8, 9, 4;
    %set/v v0xa1ed80_0, 8, 4;
    %set/v v0xa1ee00_0, 0, 1;
    %delay 5, 0;
    %movi 8, 4, 4;
    %set/v v0xa1ed00_0, 8, 4;
    %movi 8, 10, 4;
    %set/v v0xa1ed80_0, 8, 4;
    %set/v v0xa1ee00_0, 0, 1;
    %delay 5, 0;
    %movi 8, 4, 4;
    %set/v v0xa1ed00_0, 8, 4;
    %movi 8, 11, 4;
    %set/v v0xa1ed80_0, 8, 4;
    %set/v v0xa1ee00_0, 0, 1;
    %delay 5, 0;
    %movi 8, 4, 4;
    %set/v v0xa1ed00_0, 8, 4;
    %movi 8, 12, 4;
    %set/v v0xa1ed80_0, 8, 4;
    %set/v v0xa1ee00_0, 0, 1;
    %delay 5, 0;
    %movi 8, 4, 4;
    %set/v v0xa1ed00_0, 8, 4;
    %movi 8, 13, 4;
    %set/v v0xa1ed80_0, 8, 4;
    %set/v v0xa1ee00_0, 0, 1;
    %delay 5, 0;
    %movi 8, 4, 4;
    %set/v v0xa1ed00_0, 8, 4;
    %movi 8, 14, 4;
    %set/v v0xa1ed80_0, 8, 4;
    %set/v v0xa1ee00_0, 0, 1;
    %delay 5, 0;
    %movi 8, 4, 4;
    %set/v v0xa1ed00_0, 8, 4;
    %set/v v0xa1ed80_0, 1, 4;
    %set/v v0xa1ee00_0, 0, 1;
    %delay 5, 0;
    %movi 8, 5, 4;
    %set/v v0xa1ed00_0, 8, 4;
    %set/v v0xa1ed80_0, 0, 4;
    %set/v v0xa1ee00_0, 0, 1;
    %delay 5, 0;
    %movi 8, 5, 4;
    %set/v v0xa1ed00_0, 8, 4;
    %movi 8, 1, 4;
    %set/v v0xa1ed80_0, 8, 4;
    %set/v v0xa1ee00_0, 0, 1;
    %delay 5, 0;
    %movi 8, 5, 4;
    %set/v v0xa1ed00_0, 8, 4;
    %movi 8, 2, 4;
    %set/v v0xa1ed80_0, 8, 4;
    %set/v v0xa1ee00_0, 0, 1;
    %delay 5, 0;
    %movi 8, 5, 4;
    %set/v v0xa1ed00_0, 8, 4;
    %movi 8, 3, 4;
    %set/v v0xa1ed80_0, 8, 4;
    %set/v v0xa1ee00_0, 0, 1;
    %delay 5, 0;
    %movi 8, 5, 4;
    %set/v v0xa1ed00_0, 8, 4;
    %movi 8, 4, 4;
    %set/v v0xa1ed80_0, 8, 4;
    %set/v v0xa1ee00_0, 0, 1;
    %delay 5, 0;
    %movi 8, 5, 4;
    %set/v v0xa1ed00_0, 8, 4;
    %movi 8, 5, 4;
    %set/v v0xa1ed80_0, 8, 4;
    %set/v v0xa1ee00_0, 0, 1;
    %delay 5, 0;
    %movi 8, 5, 4;
    %set/v v0xa1ed00_0, 8, 4;
    %movi 8, 6, 4;
    %set/v v0xa1ed80_0, 8, 4;
    %set/v v0xa1ee00_0, 0, 1;
    %delay 5, 0;
    %movi 8, 5, 4;
    %set/v v0xa1ed00_0, 8, 4;
    %movi 8, 7, 4;
    %set/v v0xa1ed80_0, 8, 4;
    %set/v v0xa1ee00_0, 0, 1;
    %delay 5, 0;
    %movi 8, 5, 4;
    %set/v v0xa1ed00_0, 8, 4;
    %movi 8, 8, 4;
    %set/v v0xa1ed80_0, 8, 4;
    %set/v v0xa1ee00_0, 0, 1;
    %delay 5, 0;
    %movi 8, 5, 4;
    %set/v v0xa1ed00_0, 8, 4;
    %movi 8, 9, 4;
    %set/v v0xa1ed80_0, 8, 4;
    %set/v v0xa1ee00_0, 0, 1;
    %delay 5, 0;
    %movi 8, 5, 4;
    %set/v v0xa1ed00_0, 8, 4;
    %movi 8, 10, 4;
    %set/v v0xa1ed80_0, 8, 4;
    %set/v v0xa1ee00_0, 0, 1;
    %delay 5, 0;
    %movi 8, 5, 4;
    %set/v v0xa1ed00_0, 8, 4;
    %movi 8, 11, 4;
    %set/v v0xa1ed80_0, 8, 4;
    %set/v v0xa1ee00_0, 0, 1;
    %delay 5, 0;
    %movi 8, 5, 4;
    %set/v v0xa1ed00_0, 8, 4;
    %movi 8, 12, 4;
    %set/v v0xa1ed80_0, 8, 4;
    %set/v v0xa1ee00_0, 0, 1;
    %delay 5, 0;
    %movi 8, 5, 4;
    %set/v v0xa1ed00_0, 8, 4;
    %movi 8, 13, 4;
    %set/v v0xa1ed80_0, 8, 4;
    %set/v v0xa1ee00_0, 0, 1;
    %delay 5, 0;
    %movi 8, 5, 4;
    %set/v v0xa1ed00_0, 8, 4;
    %movi 8, 14, 4;
    %set/v v0xa1ed80_0, 8, 4;
    %set/v v0xa1ee00_0, 0, 1;
    %delay 5, 0;
    %movi 8, 5, 4;
    %set/v v0xa1ed00_0, 8, 4;
    %set/v v0xa1ed80_0, 1, 4;
    %set/v v0xa1ee00_0, 0, 1;
    %delay 5, 0;
    %movi 8, 6, 4;
    %set/v v0xa1ed00_0, 8, 4;
    %set/v v0xa1ed80_0, 0, 4;
    %set/v v0xa1ee00_0, 0, 1;
    %delay 5, 0;
    %movi 8, 6, 4;
    %set/v v0xa1ed00_0, 8, 4;
    %movi 8, 1, 4;
    %set/v v0xa1ed80_0, 8, 4;
    %set/v v0xa1ee00_0, 0, 1;
    %delay 5, 0;
    %movi 8, 6, 4;
    %set/v v0xa1ed00_0, 8, 4;
    %movi 8, 2, 4;
    %set/v v0xa1ed80_0, 8, 4;
    %set/v v0xa1ee00_0, 0, 1;
    %delay 5, 0;
    %movi 8, 6, 4;
    %set/v v0xa1ed00_0, 8, 4;
    %movi 8, 3, 4;
    %set/v v0xa1ed80_0, 8, 4;
    %set/v v0xa1ee00_0, 0, 1;
    %delay 5, 0;
    %movi 8, 6, 4;
    %set/v v0xa1ed00_0, 8, 4;
    %movi 8, 4, 4;
    %set/v v0xa1ed80_0, 8, 4;
    %set/v v0xa1ee00_0, 0, 1;
    %delay 5, 0;
    %movi 8, 6, 4;
    %set/v v0xa1ed00_0, 8, 4;
    %movi 8, 5, 4;
    %set/v v0xa1ed80_0, 8, 4;
    %set/v v0xa1ee00_0, 0, 1;
    %delay 5, 0;
    %movi 8, 6, 4;
    %set/v v0xa1ed00_0, 8, 4;
    %movi 8, 6, 4;
    %set/v v0xa1ed80_0, 8, 4;
    %set/v v0xa1ee00_0, 0, 1;
    %delay 5, 0;
    %movi 8, 6, 4;
    %set/v v0xa1ed00_0, 8, 4;
    %movi 8, 7, 4;
    %set/v v0xa1ed80_0, 8, 4;
    %set/v v0xa1ee00_0, 0, 1;
    %delay 5, 0;
    %movi 8, 6, 4;
    %set/v v0xa1ed00_0, 8, 4;
    %movi 8, 8, 4;
    %set/v v0xa1ed80_0, 8, 4;
    %set/v v0xa1ee00_0, 0, 1;
    %delay 5, 0;
    %movi 8, 6, 4;
    %set/v v0xa1ed00_0, 8, 4;
    %movi 8, 9, 4;
    %set/v v0xa1ed80_0, 8, 4;
    %set/v v0xa1ee00_0, 0, 1;
    %delay 5, 0;
    %movi 8, 6, 4;
    %set/v v0xa1ed00_0, 8, 4;
    %movi 8, 10, 4;
    %set/v v0xa1ed80_0, 8, 4;
    %set/v v0xa1ee00_0, 0, 1;
    %delay 5, 0;
    %movi 8, 6, 4;
    %set/v v0xa1ed00_0, 8, 4;
    %movi 8, 11, 4;
    %set/v v0xa1ed80_0, 8, 4;
    %set/v v0xa1ee00_0, 0, 1;
    %delay 5, 0;
    %movi 8, 6, 4;
    %set/v v0xa1ed00_0, 8, 4;
    %movi 8, 12, 4;
    %set/v v0xa1ed80_0, 8, 4;
    %set/v v0xa1ee00_0, 0, 1;
    %delay 5, 0;
    %movi 8, 6, 4;
    %set/v v0xa1ed00_0, 8, 4;
    %movi 8, 13, 4;
    %set/v v0xa1ed80_0, 8, 4;
    %set/v v0xa1ee00_0, 0, 1;
    %delay 5, 0;
    %movi 8, 6, 4;
    %set/v v0xa1ed00_0, 8, 4;
    %movi 8, 14, 4;
    %set/v v0xa1ed80_0, 8, 4;
    %set/v v0xa1ee00_0, 0, 1;
    %delay 5, 0;
    %movi 8, 6, 4;
    %set/v v0xa1ed00_0, 8, 4;
    %set/v v0xa1ed80_0, 1, 4;
    %set/v v0xa1ee00_0, 0, 1;
    %delay 5, 0;
    %movi 8, 7, 4;
    %set/v v0xa1ed00_0, 8, 4;
    %set/v v0xa1ed80_0, 0, 4;
    %set/v v0xa1ee00_0, 0, 1;
    %delay 5, 0;
    %movi 8, 7, 4;
    %set/v v0xa1ed00_0, 8, 4;
    %movi 8, 1, 4;
    %set/v v0xa1ed80_0, 8, 4;
    %set/v v0xa1ee00_0, 0, 1;
    %delay 5, 0;
    %movi 8, 7, 4;
    %set/v v0xa1ed00_0, 8, 4;
    %movi 8, 2, 4;
    %set/v v0xa1ed80_0, 8, 4;
    %set/v v0xa1ee00_0, 0, 1;
    %delay 5, 0;
    %movi 8, 7, 4;
    %set/v v0xa1ed00_0, 8, 4;
    %movi 8, 3, 4;
    %set/v v0xa1ed80_0, 8, 4;
    %set/v v0xa1ee00_0, 0, 1;
    %delay 5, 0;
    %movi 8, 7, 4;
    %set/v v0xa1ed00_0, 8, 4;
    %movi 8, 4, 4;
    %set/v v0xa1ed80_0, 8, 4;
    %set/v v0xa1ee00_0, 0, 1;
    %delay 5, 0;
    %movi 8, 7, 4;
    %set/v v0xa1ed00_0, 8, 4;
    %movi 8, 5, 4;
    %set/v v0xa1ed80_0, 8, 4;
    %set/v v0xa1ee00_0, 0, 1;
    %delay 5, 0;
    %movi 8, 7, 4;
    %set/v v0xa1ed00_0, 8, 4;
    %movi 8, 6, 4;
    %set/v v0xa1ed80_0, 8, 4;
    %set/v v0xa1ee00_0, 0, 1;
    %delay 5, 0;
    %movi 8, 7, 4;
    %set/v v0xa1ed00_0, 8, 4;
    %movi 8, 7, 4;
    %set/v v0xa1ed80_0, 8, 4;
    %set/v v0xa1ee00_0, 0, 1;
    %delay 5, 0;
    %movi 8, 7, 4;
    %set/v v0xa1ed00_0, 8, 4;
    %movi 8, 8, 4;
    %set/v v0xa1ed80_0, 8, 4;
    %set/v v0xa1ee00_0, 0, 1;
    %delay 5, 0;
    %movi 8, 7, 4;
    %set/v v0xa1ed00_0, 8, 4;
    %movi 8, 9, 4;
    %set/v v0xa1ed80_0, 8, 4;
    %set/v v0xa1ee00_0, 0, 1;
    %delay 5, 0;
    %movi 8, 7, 4;
    %set/v v0xa1ed00_0, 8, 4;
    %movi 8, 10, 4;
    %set/v v0xa1ed80_0, 8, 4;
    %set/v v0xa1ee00_0, 0, 1;
    %delay 5, 0;
    %movi 8, 7, 4;
    %set/v v0xa1ed00_0, 8, 4;
    %movi 8, 11, 4;
    %set/v v0xa1ed80_0, 8, 4;
    %set/v v0xa1ee00_0, 0, 1;
    %delay 5, 0;
    %movi 8, 7, 4;
    %set/v v0xa1ed00_0, 8, 4;
    %movi 8, 12, 4;
    %set/v v0xa1ed80_0, 8, 4;
    %set/v v0xa1ee00_0, 0, 1;
    %delay 5, 0;
    %movi 8, 7, 4;
    %set/v v0xa1ed00_0, 8, 4;
    %movi 8, 13, 4;
    %set/v v0xa1ed80_0, 8, 4;
    %set/v v0xa1ee00_0, 0, 1;
    %delay 5, 0;
    %movi 8, 7, 4;
    %set/v v0xa1ed00_0, 8, 4;
    %movi 8, 14, 4;
    %set/v v0xa1ed80_0, 8, 4;
    %set/v v0xa1ee00_0, 0, 1;
    %delay 5, 0;
    %movi 8, 7, 4;
    %set/v v0xa1ed00_0, 8, 4;
    %set/v v0xa1ed80_0, 1, 4;
    %set/v v0xa1ee00_0, 0, 1;
    %delay 5, 0;
    %movi 8, 8, 4;
    %set/v v0xa1ed00_0, 8, 4;
    %set/v v0xa1ed80_0, 0, 4;
    %set/v v0xa1ee00_0, 0, 1;
    %delay 5, 0;
    %movi 8, 8, 4;
    %set/v v0xa1ed00_0, 8, 4;
    %movi 8, 1, 4;
    %set/v v0xa1ed80_0, 8, 4;
    %set/v v0xa1ee00_0, 0, 1;
    %delay 5, 0;
    %movi 8, 8, 4;
    %set/v v0xa1ed00_0, 8, 4;
    %movi 8, 2, 4;
    %set/v v0xa1ed80_0, 8, 4;
    %set/v v0xa1ee00_0, 0, 1;
    %delay 5, 0;
    %movi 8, 8, 4;
    %set/v v0xa1ed00_0, 8, 4;
    %movi 8, 3, 4;
    %set/v v0xa1ed80_0, 8, 4;
    %set/v v0xa1ee00_0, 0, 1;
    %delay 5, 0;
    %movi 8, 8, 4;
    %set/v v0xa1ed00_0, 8, 4;
    %movi 8, 4, 4;
    %set/v v0xa1ed80_0, 8, 4;
    %set/v v0xa1ee00_0, 0, 1;
    %delay 5, 0;
    %movi 8, 8, 4;
    %set/v v0xa1ed00_0, 8, 4;
    %movi 8, 5, 4;
    %set/v v0xa1ed80_0, 8, 4;
    %set/v v0xa1ee00_0, 0, 1;
    %delay 5, 0;
    %movi 8, 8, 4;
    %set/v v0xa1ed00_0, 8, 4;
    %movi 8, 6, 4;
    %set/v v0xa1ed80_0, 8, 4;
    %set/v v0xa1ee00_0, 0, 1;
    %delay 5, 0;
    %movi 8, 8, 4;
    %set/v v0xa1ed00_0, 8, 4;
    %movi 8, 7, 4;
    %set/v v0xa1ed80_0, 8, 4;
    %set/v v0xa1ee00_0, 0, 1;
    %delay 5, 0;
    %movi 8, 8, 4;
    %set/v v0xa1ed00_0, 8, 4;
    %movi 8, 8, 4;
    %set/v v0xa1ed80_0, 8, 4;
    %set/v v0xa1ee00_0, 0, 1;
    %delay 5, 0;
    %movi 8, 8, 4;
    %set/v v0xa1ed00_0, 8, 4;
    %movi 8, 9, 4;
    %set/v v0xa1ed80_0, 8, 4;
    %set/v v0xa1ee00_0, 0, 1;
    %delay 5, 0;
    %movi 8, 8, 4;
    %set/v v0xa1ed00_0, 8, 4;
    %movi 8, 10, 4;
    %set/v v0xa1ed80_0, 8, 4;
    %set/v v0xa1ee00_0, 0, 1;
    %delay 5, 0;
    %movi 8, 8, 4;
    %set/v v0xa1ed00_0, 8, 4;
    %movi 8, 11, 4;
    %set/v v0xa1ed80_0, 8, 4;
    %set/v v0xa1ee00_0, 0, 1;
    %delay 5, 0;
    %movi 8, 8, 4;
    %set/v v0xa1ed00_0, 8, 4;
    %movi 8, 12, 4;
    %set/v v0xa1ed80_0, 8, 4;
    %set/v v0xa1ee00_0, 0, 1;
    %delay 5, 0;
    %movi 8, 8, 4;
    %set/v v0xa1ed00_0, 8, 4;
    %movi 8, 13, 4;
    %set/v v0xa1ed80_0, 8, 4;
    %set/v v0xa1ee00_0, 0, 1;
    %delay 5, 0;
    %movi 8, 8, 4;
    %set/v v0xa1ed00_0, 8, 4;
    %movi 8, 14, 4;
    %set/v v0xa1ed80_0, 8, 4;
    %set/v v0xa1ee00_0, 0, 1;
    %delay 5, 0;
    %movi 8, 8, 4;
    %set/v v0xa1ed00_0, 8, 4;
    %set/v v0xa1ed80_0, 1, 4;
    %set/v v0xa1ee00_0, 0, 1;
    %delay 5, 0;
    %movi 8, 9, 4;
    %set/v v0xa1ed00_0, 8, 4;
    %set/v v0xa1ed80_0, 0, 4;
    %set/v v0xa1ee00_0, 0, 1;
    %delay 5, 0;
    %movi 8, 9, 4;
    %set/v v0xa1ed00_0, 8, 4;
    %movi 8, 1, 4;
    %set/v v0xa1ed80_0, 8, 4;
    %set/v v0xa1ee00_0, 0, 1;
    %delay 5, 0;
    %movi 8, 9, 4;
    %set/v v0xa1ed00_0, 8, 4;
    %movi 8, 2, 4;
    %set/v v0xa1ed80_0, 8, 4;
    %set/v v0xa1ee00_0, 0, 1;
    %delay 5, 0;
    %movi 8, 9, 4;
    %set/v v0xa1ed00_0, 8, 4;
    %movi 8, 3, 4;
    %set/v v0xa1ed80_0, 8, 4;
    %set/v v0xa1ee00_0, 0, 1;
    %delay 5, 0;
    %movi 8, 9, 4;
    %set/v v0xa1ed00_0, 8, 4;
    %movi 8, 4, 4;
    %set/v v0xa1ed80_0, 8, 4;
    %set/v v0xa1ee00_0, 0, 1;
    %delay 5, 0;
    %movi 8, 9, 4;
    %set/v v0xa1ed00_0, 8, 4;
    %movi 8, 5, 4;
    %set/v v0xa1ed80_0, 8, 4;
    %set/v v0xa1ee00_0, 0, 1;
    %delay 5, 0;
    %movi 8, 9, 4;
    %set/v v0xa1ed00_0, 8, 4;
    %movi 8, 6, 4;
    %set/v v0xa1ed80_0, 8, 4;
    %set/v v0xa1ee00_0, 0, 1;
    %delay 5, 0;
    %movi 8, 9, 4;
    %set/v v0xa1ed00_0, 8, 4;
    %movi 8, 7, 4;
    %set/v v0xa1ed80_0, 8, 4;
    %set/v v0xa1ee00_0, 0, 1;
    %delay 5, 0;
    %movi 8, 9, 4;
    %set/v v0xa1ed00_0, 8, 4;
    %movi 8, 8, 4;
    %set/v v0xa1ed80_0, 8, 4;
    %set/v v0xa1ee00_0, 0, 1;
    %delay 5, 0;
    %movi 8, 9, 4;
    %set/v v0xa1ed00_0, 8, 4;
    %movi 8, 9, 4;
    %set/v v0xa1ed80_0, 8, 4;
    %set/v v0xa1ee00_0, 0, 1;
    %delay 5, 0;
    %movi 8, 9, 4;
    %set/v v0xa1ed00_0, 8, 4;
    %movi 8, 10, 4;
    %set/v v0xa1ed80_0, 8, 4;
    %set/v v0xa1ee00_0, 0, 1;
    %delay 5, 0;
    %movi 8, 9, 4;
    %set/v v0xa1ed00_0, 8, 4;
    %movi 8, 11, 4;
    %set/v v0xa1ed80_0, 8, 4;
    %set/v v0xa1ee00_0, 0, 1;
    %delay 5, 0;
    %movi 8, 9, 4;
    %set/v v0xa1ed00_0, 8, 4;
    %movi 8, 12, 4;
    %set/v v0xa1ed80_0, 8, 4;
    %set/v v0xa1ee00_0, 0, 1;
    %delay 5, 0;
    %movi 8, 9, 4;
    %set/v v0xa1ed00_0, 8, 4;
    %movi 8, 13, 4;
    %set/v v0xa1ed80_0, 8, 4;
    %set/v v0xa1ee00_0, 0, 1;
    %delay 5, 0;
    %movi 8, 9, 4;
    %set/v v0xa1ed00_0, 8, 4;
    %movi 8, 14, 4;
    %set/v v0xa1ed80_0, 8, 4;
    %set/v v0xa1ee00_0, 0, 1;
    %delay 5, 0;
    %movi 8, 9, 4;
    %set/v v0xa1ed00_0, 8, 4;
    %set/v v0xa1ed80_0, 1, 4;
    %set/v v0xa1ee00_0, 0, 1;
    %delay 5, 0;
    %movi 8, 10, 4;
    %set/v v0xa1ed00_0, 8, 4;
    %set/v v0xa1ed80_0, 0, 4;
    %set/v v0xa1ee00_0, 0, 1;
    %delay 5, 0;
    %movi 8, 10, 4;
    %set/v v0xa1ed00_0, 8, 4;
    %movi 8, 1, 4;
    %set/v v0xa1ed80_0, 8, 4;
    %set/v v0xa1ee00_0, 0, 1;
    %delay 5, 0;
    %movi 8, 10, 4;
    %set/v v0xa1ed00_0, 8, 4;
    %movi 8, 2, 4;
    %set/v v0xa1ed80_0, 8, 4;
    %set/v v0xa1ee00_0, 0, 1;
    %delay 5, 0;
    %movi 8, 10, 4;
    %set/v v0xa1ed00_0, 8, 4;
    %movi 8, 3, 4;
    %set/v v0xa1ed80_0, 8, 4;
    %set/v v0xa1ee00_0, 0, 1;
    %delay 5, 0;
    %movi 8, 10, 4;
    %set/v v0xa1ed00_0, 8, 4;
    %movi 8, 4, 4;
    %set/v v0xa1ed80_0, 8, 4;
    %set/v v0xa1ee00_0, 0, 1;
    %delay 5, 0;
    %movi 8, 10, 4;
    %set/v v0xa1ed00_0, 8, 4;
    %movi 8, 5, 4;
    %set/v v0xa1ed80_0, 8, 4;
    %set/v v0xa1ee00_0, 0, 1;
    %delay 5, 0;
    %movi 8, 10, 4;
    %set/v v0xa1ed00_0, 8, 4;
    %movi 8, 6, 4;
    %set/v v0xa1ed80_0, 8, 4;
    %set/v v0xa1ee00_0, 0, 1;
    %delay 5, 0;
    %movi 8, 10, 4;
    %set/v v0xa1ed00_0, 8, 4;
    %movi 8, 7, 4;
    %set/v v0xa1ed80_0, 8, 4;
    %set/v v0xa1ee00_0, 0, 1;
    %delay 5, 0;
    %movi 8, 10, 4;
    %set/v v0xa1ed00_0, 8, 4;
    %movi 8, 8, 4;
    %set/v v0xa1ed80_0, 8, 4;
    %set/v v0xa1ee00_0, 0, 1;
    %delay 5, 0;
    %movi 8, 10, 4;
    %set/v v0xa1ed00_0, 8, 4;
    %movi 8, 9, 4;
    %set/v v0xa1ed80_0, 8, 4;
    %set/v v0xa1ee00_0, 0, 1;
    %delay 5, 0;
    %movi 8, 10, 4;
    %set/v v0xa1ed00_0, 8, 4;
    %movi 8, 10, 4;
    %set/v v0xa1ed80_0, 8, 4;
    %set/v v0xa1ee00_0, 0, 1;
    %delay 5, 0;
    %movi 8, 10, 4;
    %set/v v0xa1ed00_0, 8, 4;
    %movi 8, 11, 4;
    %set/v v0xa1ed80_0, 8, 4;
    %set/v v0xa1ee00_0, 0, 1;
    %delay 5, 0;
    %movi 8, 10, 4;
    %set/v v0xa1ed00_0, 8, 4;
    %movi 8, 12, 4;
    %set/v v0xa1ed80_0, 8, 4;
    %set/v v0xa1ee00_0, 0, 1;
    %delay 5, 0;
    %movi 8, 10, 4;
    %set/v v0xa1ed00_0, 8, 4;
    %movi 8, 13, 4;
    %set/v v0xa1ed80_0, 8, 4;
    %set/v v0xa1ee00_0, 0, 1;
    %delay 5, 0;
    %movi 8, 10, 4;
    %set/v v0xa1ed00_0, 8, 4;
    %movi 8, 14, 4;
    %set/v v0xa1ed80_0, 8, 4;
    %set/v v0xa1ee00_0, 0, 1;
    %delay 5, 0;
    %movi 8, 10, 4;
    %set/v v0xa1ed00_0, 8, 4;
    %set/v v0xa1ed80_0, 1, 4;
    %set/v v0xa1ee00_0, 0, 1;
    %delay 5, 0;
    %movi 8, 11, 4;
    %set/v v0xa1ed00_0, 8, 4;
    %set/v v0xa1ed80_0, 0, 4;
    %set/v v0xa1ee00_0, 0, 1;
    %delay 5, 0;
    %movi 8, 11, 4;
    %set/v v0xa1ed00_0, 8, 4;
    %movi 8, 1, 4;
    %set/v v0xa1ed80_0, 8, 4;
    %set/v v0xa1ee00_0, 0, 1;
    %delay 5, 0;
    %movi 8, 11, 4;
    %set/v v0xa1ed00_0, 8, 4;
    %movi 8, 2, 4;
    %set/v v0xa1ed80_0, 8, 4;
    %set/v v0xa1ee00_0, 0, 1;
    %delay 5, 0;
    %movi 8, 11, 4;
    %set/v v0xa1ed00_0, 8, 4;
    %movi 8, 3, 4;
    %set/v v0xa1ed80_0, 8, 4;
    %set/v v0xa1ee00_0, 0, 1;
    %delay 5, 0;
    %movi 8, 11, 4;
    %set/v v0xa1ed00_0, 8, 4;
    %movi 8, 4, 4;
    %set/v v0xa1ed80_0, 8, 4;
    %set/v v0xa1ee00_0, 0, 1;
    %delay 5, 0;
    %movi 8, 11, 4;
    %set/v v0xa1ed00_0, 8, 4;
    %movi 8, 5, 4;
    %set/v v0xa1ed80_0, 8, 4;
    %set/v v0xa1ee00_0, 0, 1;
    %delay 5, 0;
    %movi 8, 11, 4;
    %set/v v0xa1ed00_0, 8, 4;
    %movi 8, 6, 4;
    %set/v v0xa1ed80_0, 8, 4;
    %set/v v0xa1ee00_0, 0, 1;
    %delay 5, 0;
    %movi 8, 11, 4;
    %set/v v0xa1ed00_0, 8, 4;
    %movi 8, 7, 4;
    %set/v v0xa1ed80_0, 8, 4;
    %set/v v0xa1ee00_0, 0, 1;
    %delay 5, 0;
    %movi 8, 11, 4;
    %set/v v0xa1ed00_0, 8, 4;
    %movi 8, 8, 4;
    %set/v v0xa1ed80_0, 8, 4;
    %set/v v0xa1ee00_0, 0, 1;
    %delay 5, 0;
    %movi 8, 11, 4;
    %set/v v0xa1ed00_0, 8, 4;
    %movi 8, 9, 4;
    %set/v v0xa1ed80_0, 8, 4;
    %set/v v0xa1ee00_0, 0, 1;
    %delay 5, 0;
    %movi 8, 11, 4;
    %set/v v0xa1ed00_0, 8, 4;
    %movi 8, 10, 4;
    %set/v v0xa1ed80_0, 8, 4;
    %set/v v0xa1ee00_0, 0, 1;
    %delay 5, 0;
    %movi 8, 11, 4;
    %set/v v0xa1ed00_0, 8, 4;
    %movi 8, 11, 4;
    %set/v v0xa1ed80_0, 8, 4;
    %set/v v0xa1ee00_0, 0, 1;
    %delay 5, 0;
    %movi 8, 11, 4;
    %set/v v0xa1ed00_0, 8, 4;
    %movi 8, 12, 4;
    %set/v v0xa1ed80_0, 8, 4;
    %set/v v0xa1ee00_0, 0, 1;
    %delay 5, 0;
    %movi 8, 11, 4;
    %set/v v0xa1ed00_0, 8, 4;
    %movi 8, 13, 4;
    %set/v v0xa1ed80_0, 8, 4;
    %set/v v0xa1ee00_0, 0, 1;
    %delay 5, 0;
    %movi 8, 11, 4;
    %set/v v0xa1ed00_0, 8, 4;
    %movi 8, 14, 4;
    %set/v v0xa1ed80_0, 8, 4;
    %set/v v0xa1ee00_0, 0, 1;
    %delay 5, 0;
    %movi 8, 11, 4;
    %set/v v0xa1ed00_0, 8, 4;
    %set/v v0xa1ed80_0, 1, 4;
    %set/v v0xa1ee00_0, 0, 1;
    %delay 5, 0;
    %movi 8, 12, 4;
    %set/v v0xa1ed00_0, 8, 4;
    %set/v v0xa1ed80_0, 0, 4;
    %set/v v0xa1ee00_0, 0, 1;
    %delay 5, 0;
    %movi 8, 12, 4;
    %set/v v0xa1ed00_0, 8, 4;
    %movi 8, 1, 4;
    %set/v v0xa1ed80_0, 8, 4;
    %set/v v0xa1ee00_0, 0, 1;
    %delay 5, 0;
    %movi 8, 12, 4;
    %set/v v0xa1ed00_0, 8, 4;
    %movi 8, 2, 4;
    %set/v v0xa1ed80_0, 8, 4;
    %set/v v0xa1ee00_0, 0, 1;
    %delay 5, 0;
    %movi 8, 12, 4;
    %set/v v0xa1ed00_0, 8, 4;
    %movi 8, 3, 4;
    %set/v v0xa1ed80_0, 8, 4;
    %set/v v0xa1ee00_0, 0, 1;
    %delay 5, 0;
    %movi 8, 12, 4;
    %set/v v0xa1ed00_0, 8, 4;
    %movi 8, 4, 4;
    %set/v v0xa1ed80_0, 8, 4;
    %set/v v0xa1ee00_0, 0, 1;
    %delay 5, 0;
    %movi 8, 12, 4;
    %set/v v0xa1ed00_0, 8, 4;
    %movi 8, 5, 4;
    %set/v v0xa1ed80_0, 8, 4;
    %set/v v0xa1ee00_0, 0, 1;
    %delay 5, 0;
    %movi 8, 12, 4;
    %set/v v0xa1ed00_0, 8, 4;
    %movi 8, 6, 4;
    %set/v v0xa1ed80_0, 8, 4;
    %set/v v0xa1ee00_0, 0, 1;
    %delay 5, 0;
    %movi 8, 12, 4;
    %set/v v0xa1ed00_0, 8, 4;
    %movi 8, 7, 4;
    %set/v v0xa1ed80_0, 8, 4;
    %set/v v0xa1ee00_0, 0, 1;
    %delay 5, 0;
    %movi 8, 12, 4;
    %set/v v0xa1ed00_0, 8, 4;
    %movi 8, 8, 4;
    %set/v v0xa1ed80_0, 8, 4;
    %set/v v0xa1ee00_0, 0, 1;
    %delay 5, 0;
    %movi 8, 12, 4;
    %set/v v0xa1ed00_0, 8, 4;
    %movi 8, 9, 4;
    %set/v v0xa1ed80_0, 8, 4;
    %set/v v0xa1ee00_0, 0, 1;
    %delay 5, 0;
    %movi 8, 12, 4;
    %set/v v0xa1ed00_0, 8, 4;
    %movi 8, 10, 4;
    %set/v v0xa1ed80_0, 8, 4;
    %set/v v0xa1ee00_0, 0, 1;
    %delay 5, 0;
    %movi 8, 12, 4;
    %set/v v0xa1ed00_0, 8, 4;
    %movi 8, 11, 4;
    %set/v v0xa1ed80_0, 8, 4;
    %set/v v0xa1ee00_0, 0, 1;
    %delay 5, 0;
    %movi 8, 12, 4;
    %set/v v0xa1ed00_0, 8, 4;
    %movi 8, 12, 4;
    %set/v v0xa1ed80_0, 8, 4;
    %set/v v0xa1ee00_0, 0, 1;
    %delay 5, 0;
    %movi 8, 12, 4;
    %set/v v0xa1ed00_0, 8, 4;
    %movi 8, 13, 4;
    %set/v v0xa1ed80_0, 8, 4;
    %set/v v0xa1ee00_0, 0, 1;
    %delay 5, 0;
    %movi 8, 12, 4;
    %set/v v0xa1ed00_0, 8, 4;
    %movi 8, 14, 4;
    %set/v v0xa1ed80_0, 8, 4;
    %set/v v0xa1ee00_0, 0, 1;
    %delay 5, 0;
    %movi 8, 12, 4;
    %set/v v0xa1ed00_0, 8, 4;
    %set/v v0xa1ed80_0, 1, 4;
    %set/v v0xa1ee00_0, 0, 1;
    %delay 5, 0;
    %movi 8, 13, 4;
    %set/v v0xa1ed00_0, 8, 4;
    %set/v v0xa1ed80_0, 0, 4;
    %set/v v0xa1ee00_0, 0, 1;
    %delay 5, 0;
    %movi 8, 13, 4;
    %set/v v0xa1ed00_0, 8, 4;
    %movi 8, 1, 4;
    %set/v v0xa1ed80_0, 8, 4;
    %set/v v0xa1ee00_0, 0, 1;
    %delay 5, 0;
    %movi 8, 13, 4;
    %set/v v0xa1ed00_0, 8, 4;
    %movi 8, 2, 4;
    %set/v v0xa1ed80_0, 8, 4;
    %set/v v0xa1ee00_0, 0, 1;
    %delay 5, 0;
    %movi 8, 13, 4;
    %set/v v0xa1ed00_0, 8, 4;
    %movi 8, 3, 4;
    %set/v v0xa1ed80_0, 8, 4;
    %set/v v0xa1ee00_0, 0, 1;
    %delay 5, 0;
    %movi 8, 13, 4;
    %set/v v0xa1ed00_0, 8, 4;
    %movi 8, 4, 4;
    %set/v v0xa1ed80_0, 8, 4;
    %set/v v0xa1ee00_0, 0, 1;
    %delay 5, 0;
    %movi 8, 13, 4;
    %set/v v0xa1ed00_0, 8, 4;
    %movi 8, 5, 4;
    %set/v v0xa1ed80_0, 8, 4;
    %set/v v0xa1ee00_0, 0, 1;
    %delay 5, 0;
    %movi 8, 13, 4;
    %set/v v0xa1ed00_0, 8, 4;
    %movi 8, 6, 4;
    %set/v v0xa1ed80_0, 8, 4;
    %set/v v0xa1ee00_0, 0, 1;
    %delay 5, 0;
    %movi 8, 13, 4;
    %set/v v0xa1ed00_0, 8, 4;
    %movi 8, 7, 4;
    %set/v v0xa1ed80_0, 8, 4;
    %set/v v0xa1ee00_0, 0, 1;
    %delay 5, 0;
    %movi 8, 13, 4;
    %set/v v0xa1ed00_0, 8, 4;
    %movi 8, 8, 4;
    %set/v v0xa1ed80_0, 8, 4;
    %set/v v0xa1ee00_0, 0, 1;
    %delay 5, 0;
    %movi 8, 13, 4;
    %set/v v0xa1ed00_0, 8, 4;
    %movi 8, 9, 4;
    %set/v v0xa1ed80_0, 8, 4;
    %set/v v0xa1ee00_0, 0, 1;
    %delay 5, 0;
    %movi 8, 13, 4;
    %set/v v0xa1ed00_0, 8, 4;
    %movi 8, 10, 4;
    %set/v v0xa1ed80_0, 8, 4;
    %set/v v0xa1ee00_0, 0, 1;
    %delay 5, 0;
    %movi 8, 13, 4;
    %set/v v0xa1ed00_0, 8, 4;
    %movi 8, 11, 4;
    %set/v v0xa1ed80_0, 8, 4;
    %set/v v0xa1ee00_0, 0, 1;
    %delay 5, 0;
    %movi 8, 13, 4;
    %set/v v0xa1ed00_0, 8, 4;
    %movi 8, 12, 4;
    %set/v v0xa1ed80_0, 8, 4;
    %set/v v0xa1ee00_0, 0, 1;
    %delay 5, 0;
    %movi 8, 13, 4;
    %set/v v0xa1ed00_0, 8, 4;
    %movi 8, 13, 4;
    %set/v v0xa1ed80_0, 8, 4;
    %set/v v0xa1ee00_0, 0, 1;
    %delay 5, 0;
    %movi 8, 13, 4;
    %set/v v0xa1ed00_0, 8, 4;
    %movi 8, 14, 4;
    %set/v v0xa1ed80_0, 8, 4;
    %set/v v0xa1ee00_0, 0, 1;
    %delay 5, 0;
    %movi 8, 13, 4;
    %set/v v0xa1ed00_0, 8, 4;
    %set/v v0xa1ed80_0, 1, 4;
    %set/v v0xa1ee00_0, 0, 1;
    %delay 5, 0;
    %movi 8, 14, 4;
    %set/v v0xa1ed00_0, 8, 4;
    %set/v v0xa1ed80_0, 0, 4;
    %set/v v0xa1ee00_0, 0, 1;
    %delay 5, 0;
    %movi 8, 14, 4;
    %set/v v0xa1ed00_0, 8, 4;
    %movi 8, 1, 4;
    %set/v v0xa1ed80_0, 8, 4;
    %set/v v0xa1ee00_0, 0, 1;
    %delay 5, 0;
    %movi 8, 14, 4;
    %set/v v0xa1ed00_0, 8, 4;
    %movi 8, 2, 4;
    %set/v v0xa1ed80_0, 8, 4;
    %set/v v0xa1ee00_0, 0, 1;
    %delay 5, 0;
    %movi 8, 14, 4;
    %set/v v0xa1ed00_0, 8, 4;
    %movi 8, 3, 4;
    %set/v v0xa1ed80_0, 8, 4;
    %set/v v0xa1ee00_0, 0, 1;
    %delay 5, 0;
    %movi 8, 14, 4;
    %set/v v0xa1ed00_0, 8, 4;
    %movi 8, 4, 4;
    %set/v v0xa1ed80_0, 8, 4;
    %set/v v0xa1ee00_0, 0, 1;
    %delay 5, 0;
    %movi 8, 14, 4;
    %set/v v0xa1ed00_0, 8, 4;
    %movi 8, 5, 4;
    %set/v v0xa1ed80_0, 8, 4;
    %set/v v0xa1ee00_0, 0, 1;
    %delay 5, 0;
    %movi 8, 14, 4;
    %set/v v0xa1ed00_0, 8, 4;
    %movi 8, 6, 4;
    %set/v v0xa1ed80_0, 8, 4;
    %set/v v0xa1ee00_0, 0, 1;
    %delay 5, 0;
    %movi 8, 14, 4;
    %set/v v0xa1ed00_0, 8, 4;
    %movi 8, 7, 4;
    %set/v v0xa1ed80_0, 8, 4;
    %set/v v0xa1ee00_0, 0, 1;
    %delay 5, 0;
    %movi 8, 14, 4;
    %set/v v0xa1ed00_0, 8, 4;
    %movi 8, 8, 4;
    %set/v v0xa1ed80_0, 8, 4;
    %set/v v0xa1ee00_0, 0, 1;
    %delay 5, 0;
    %movi 8, 14, 4;
    %set/v v0xa1ed00_0, 8, 4;
    %movi 8, 9, 4;
    %set/v v0xa1ed80_0, 8, 4;
    %set/v v0xa1ee00_0, 0, 1;
    %delay 5, 0;
    %movi 8, 14, 4;
    %set/v v0xa1ed00_0, 8, 4;
    %movi 8, 10, 4;
    %set/v v0xa1ed80_0, 8, 4;
    %set/v v0xa1ee00_0, 0, 1;
    %delay 5, 0;
    %movi 8, 14, 4;
    %set/v v0xa1ed00_0, 8, 4;
    %movi 8, 11, 4;
    %set/v v0xa1ed80_0, 8, 4;
    %set/v v0xa1ee00_0, 0, 1;
    %delay 5, 0;
    %movi 8, 14, 4;
    %set/v v0xa1ed00_0, 8, 4;
    %movi 8, 12, 4;
    %set/v v0xa1ed80_0, 8, 4;
    %set/v v0xa1ee00_0, 0, 1;
    %delay 5, 0;
    %movi 8, 14, 4;
    %set/v v0xa1ed00_0, 8, 4;
    %movi 8, 13, 4;
    %set/v v0xa1ed80_0, 8, 4;
    %set/v v0xa1ee00_0, 0, 1;
    %delay 5, 0;
    %movi 8, 14, 4;
    %set/v v0xa1ed00_0, 8, 4;
    %movi 8, 14, 4;
    %set/v v0xa1ed80_0, 8, 4;
    %set/v v0xa1ee00_0, 0, 1;
    %delay 5, 0;
    %movi 8, 14, 4;
    %set/v v0xa1ed00_0, 8, 4;
    %set/v v0xa1ed80_0, 1, 4;
    %set/v v0xa1ee00_0, 0, 1;
    %delay 5, 0;
    %set/v v0xa1ed00_0, 1, 4;
    %set/v v0xa1ed80_0, 0, 4;
    %set/v v0xa1ee00_0, 0, 1;
    %delay 5, 0;
    %set/v v0xa1ed00_0, 1, 4;
    %movi 8, 1, 4;
    %set/v v0xa1ed80_0, 8, 4;
    %set/v v0xa1ee00_0, 0, 1;
    %delay 5, 0;
    %set/v v0xa1ed00_0, 1, 4;
    %movi 8, 2, 4;
    %set/v v0xa1ed80_0, 8, 4;
    %set/v v0xa1ee00_0, 0, 1;
    %delay 5, 0;
    %set/v v0xa1ed00_0, 1, 4;
    %movi 8, 3, 4;
    %set/v v0xa1ed80_0, 8, 4;
    %set/v v0xa1ee00_0, 0, 1;
    %delay 5, 0;
    %set/v v0xa1ed00_0, 1, 4;
    %movi 8, 4, 4;
    %set/v v0xa1ed80_0, 8, 4;
    %set/v v0xa1ee00_0, 0, 1;
    %delay 5, 0;
    %set/v v0xa1ed00_0, 1, 4;
    %movi 8, 5, 4;
    %set/v v0xa1ed80_0, 8, 4;
    %set/v v0xa1ee00_0, 0, 1;
    %delay 5, 0;
    %set/v v0xa1ed00_0, 1, 4;
    %movi 8, 6, 4;
    %set/v v0xa1ed80_0, 8, 4;
    %set/v v0xa1ee00_0, 0, 1;
    %delay 5, 0;
    %set/v v0xa1ed00_0, 1, 4;
    %movi 8, 7, 4;
    %set/v v0xa1ed80_0, 8, 4;
    %set/v v0xa1ee00_0, 0, 1;
    %delay 5, 0;
    %set/v v0xa1ed00_0, 1, 4;
    %movi 8, 8, 4;
    %set/v v0xa1ed80_0, 8, 4;
    %set/v v0xa1ee00_0, 0, 1;
    %delay 5, 0;
    %set/v v0xa1ed00_0, 1, 4;
    %movi 8, 9, 4;
    %set/v v0xa1ed80_0, 8, 4;
    %set/v v0xa1ee00_0, 0, 1;
    %delay 5, 0;
    %set/v v0xa1ed00_0, 1, 4;
    %movi 8, 10, 4;
    %set/v v0xa1ed80_0, 8, 4;
    %set/v v0xa1ee00_0, 0, 1;
    %delay 5, 0;
    %set/v v0xa1ed00_0, 1, 4;
    %movi 8, 11, 4;
    %set/v v0xa1ed80_0, 8, 4;
    %set/v v0xa1ee00_0, 0, 1;
    %delay 5, 0;
    %set/v v0xa1ed00_0, 1, 4;
    %movi 8, 12, 4;
    %set/v v0xa1ed80_0, 8, 4;
    %set/v v0xa1ee00_0, 0, 1;
    %delay 5, 0;
    %set/v v0xa1ed00_0, 1, 4;
    %movi 8, 13, 4;
    %set/v v0xa1ed80_0, 8, 4;
    %set/v v0xa1ee00_0, 0, 1;
    %delay 5, 0;
    %set/v v0xa1ed00_0, 1, 4;
    %movi 8, 14, 4;
    %set/v v0xa1ed80_0, 8, 4;
    %set/v v0xa1ee00_0, 0, 1;
    %delay 5, 0;
    %set/v v0xa1ed00_0, 1, 4;
    %set/v v0xa1ed80_0, 1, 4;
    %set/v v0xa1ee00_0, 0, 1;
    %delay 5, 0;
    %set/v v0xa1ed00_0, 1, 4;
    %set/v v0xa1ed80_0, 1, 4;
    %set/v v0xa1ee00_0, 0, 1;
    %end;
    .thread T_0;
# The file index is used to find the file name in the following table.
:file_names 3;
    "N/A";
    "<interactive>";
    "4bitadder.v";
