#! /usr/bin/vvp
:ivl_version "0.9.7 " "(v0_9_7)";
:vpi_time_precision + 0;
:vpi_module "system";
:vpi_module "v2005_math";
:vpi_module "va_math";
S_0xc1e730 .scope module, "tb_bcdadder" "tb_bcdadder" 2 32;
 .timescale 0 0;
v0xc9b740_0 .var "a", 3 0;
v0xc9b7e0_0 .var "b", 3 0;
v0xc9b890_0 .net "carry", 0 0, v0xc9b470_0; 1 drivers
v0xc9b940_0 .var "carry_in", 0 0;
v0xc9ba20_0 .net "sum", 3 0, v0xc9b5c0_0; 1 drivers
S_0xc1e820 .scope module, "uut" "bcd_adder" 2 43, 2 1, S_0xc1e730;
 .timescale 0 0;
v0xc55180_0 .net "a", 3 0, v0xc9b740_0; 1 drivers
v0xc9b3d0_0 .net "b", 3 0, v0xc9b7e0_0; 1 drivers
v0xc9b470_0 .var "carry", 0 0;
v0xc9b510_0 .net "carry_in", 0 0, v0xc9b940_0; 1 drivers
v0xc9b5c0_0 .var "sum", 3 0;
v0xc9b660_0 .var "sum_temp", 4 0;
E_0xc309a0 .event edge, v0xc9b510_0, v0xc9b3d0_0, v0xc55180_0;
    .scope S_0xc1e820;
T_0 ;
    %wait E_0xc309a0;
    %load/v 8, v0xc55180_0, 4;
    %mov 12, 0, 1;
    %load/v 13, v0xc9b3d0_0, 4;
    %mov 17, 0, 1;
    %add 8, 13, 5;
    %load/v 13, v0xc9b510_0, 1;
    %mov 14, 0, 4;
    %add 8, 13, 5;
    %set/v v0xc9b660_0, 8, 5;
    %movi 8, 9, 6;
    %load/v 14, v0xc9b660_0, 5;
    %mov 19, 0, 1;
    %cmp/u 8, 14, 6;
    %jmp/0xz  T_0.0, 5;
    %load/v 8, v0xc9b660_0, 5;
    %mov 13, 0, 27;
    %addi 8, 6, 32;
    %set/v v0xc9b660_0, 8, 5;
    %set/v v0xc9b470_0, 1, 1;
    %load/v 8, v0xc9b660_0, 4; Only need 4 of 5 bits
; Save base=8 wid=4 in lookaside.
    %set/v v0xc9b5c0_0, 8, 4;
    %jmp T_0.1;
T_0.0 ;
    %set/v v0xc9b470_0, 0, 1;
    %load/v 8, v0xc9b660_0, 4; Only need 4 of 5 bits
; Save base=8 wid=4 in lookaside.
    %set/v v0xc9b5c0_0, 8, 4;
T_0.1 ;
    %jmp T_0;
    .thread T_0, $push;
    .scope S_0xc1e730;
T_1 ;
    %vpi_call 2 45 "$monitor", "A = %b ,B= %b , Sum = %b , carry = %b ", v0xc9b740_0, v0xc9b7e0_0, v0xc9ba20_0, v0xc9b890_0;
    %vpi_call 2 46 "$dumpfile", "bcd.vcd";
    %vpi_call 2 47 "$dumpvars";
    %set/v v0xc9b740_0, 0, 4;
    %set/v v0xc9b7e0_0, 0, 4;
    %set/v v0xc9b940_0, 0, 1;
    %delay 5, 0;
    %set/v v0xc9b740_0, 0, 4;
    %movi 8, 1, 4;
    %set/v v0xc9b7e0_0, 8, 4;
    %set/v v0xc9b940_0, 0, 1;
    %delay 5, 0;
    %set/v v0xc9b740_0, 0, 4;
    %movi 8, 2, 4;
    %set/v v0xc9b7e0_0, 8, 4;
    %set/v v0xc9b940_0, 0, 1;
    %delay 5, 0;
    %set/v v0xc9b740_0, 0, 4;
    %movi 8, 3, 4;
    %set/v v0xc9b7e0_0, 8, 4;
    %set/v v0xc9b940_0, 0, 1;
    %delay 5, 0;
    %set/v v0xc9b740_0, 0, 4;
    %movi 8, 4, 4;
    %set/v v0xc9b7e0_0, 8, 4;
    %set/v v0xc9b940_0, 0, 1;
    %delay 5, 0;
    %set/v v0xc9b740_0, 0, 4;
    %movi 8, 5, 4;
    %set/v v0xc9b7e0_0, 8, 4;
    %set/v v0xc9b940_0, 0, 1;
    %delay 5, 0;
    %set/v v0xc9b740_0, 0, 4;
    %movi 8, 6, 4;
    %set/v v0xc9b7e0_0, 8, 4;
    %set/v v0xc9b940_0, 0, 1;
    %delay 5, 0;
    %set/v v0xc9b740_0, 0, 4;
    %movi 8, 7, 4;
    %set/v v0xc9b7e0_0, 8, 4;
    %set/v v0xc9b940_0, 0, 1;
    %delay 5, 0;
    %set/v v0xc9b740_0, 0, 4;
    %movi 8, 8, 4;
    %set/v v0xc9b7e0_0, 8, 4;
    %set/v v0xc9b940_0, 0, 1;
    %delay 5, 0;
    %set/v v0xc9b740_0, 0, 4;
    %movi 8, 9, 4;
    %set/v v0xc9b7e0_0, 8, 4;
    %set/v v0xc9b940_0, 0, 1;
    %delay 5, 0;
    %movi 8, 1, 4;
    %set/v v0xc9b740_0, 8, 4;
    %set/v v0xc9b7e0_0, 0, 4;
    %set/v v0xc9b940_0, 0, 1;
    %delay 5, 0;
    %movi 8, 1, 4;
    %set/v v0xc9b740_0, 8, 4;
    %movi 8, 1, 4;
    %set/v v0xc9b7e0_0, 8, 4;
    %set/v v0xc9b940_0, 0, 1;
    %delay 5, 0;
    %movi 8, 1, 4;
    %set/v v0xc9b740_0, 8, 4;
    %movi 8, 2, 4;
    %set/v v0xc9b7e0_0, 8, 4;
    %set/v v0xc9b940_0, 0, 1;
    %delay 5, 0;
    %movi 8, 1, 4;
    %set/v v0xc9b740_0, 8, 4;
    %movi 8, 3, 4;
    %set/v v0xc9b7e0_0, 8, 4;
    %set/v v0xc9b940_0, 0, 1;
    %delay 5, 0;
    %movi 8, 1, 4;
    %set/v v0xc9b740_0, 8, 4;
    %movi 8, 4, 4;
    %set/v v0xc9b7e0_0, 8, 4;
    %set/v v0xc9b940_0, 0, 1;
    %delay 5, 0;
    %movi 8, 1, 4;
    %set/v v0xc9b740_0, 8, 4;
    %movi 8, 5, 4;
    %set/v v0xc9b7e0_0, 8, 4;
    %set/v v0xc9b940_0, 0, 1;
    %delay 5, 0;
    %movi 8, 1, 4;
    %set/v v0xc9b740_0, 8, 4;
    %movi 8, 6, 4;
    %set/v v0xc9b7e0_0, 8, 4;
    %set/v v0xc9b940_0, 0, 1;
    %delay 5, 0;
    %movi 8, 1, 4;
    %set/v v0xc9b740_0, 8, 4;
    %movi 8, 7, 4;
    %set/v v0xc9b7e0_0, 8, 4;
    %set/v v0xc9b940_0, 0, 1;
    %delay 5, 0;
    %movi 8, 1, 4;
    %set/v v0xc9b740_0, 8, 4;
    %movi 8, 8, 4;
    %set/v v0xc9b7e0_0, 8, 4;
    %set/v v0xc9b940_0, 0, 1;
    %delay 5, 0;
    %movi 8, 1, 4;
    %set/v v0xc9b740_0, 8, 4;
    %movi 8, 9, 4;
    %set/v v0xc9b7e0_0, 8, 4;
    %set/v v0xc9b940_0, 0, 1;
    %delay 5, 0;
    %movi 8, 2, 4;
    %set/v v0xc9b740_0, 8, 4;
    %set/v v0xc9b7e0_0, 0, 4;
    %set/v v0xc9b940_0, 0, 1;
    %delay 5, 0;
    %movi 8, 2, 4;
    %set/v v0xc9b740_0, 8, 4;
    %movi 8, 1, 4;
    %set/v v0xc9b7e0_0, 8, 4;
    %set/v v0xc9b940_0, 0, 1;
    %delay 5, 0;
    %movi 8, 2, 4;
    %set/v v0xc9b740_0, 8, 4;
    %movi 8, 2, 4;
    %set/v v0xc9b7e0_0, 8, 4;
    %set/v v0xc9b940_0, 0, 1;
    %delay 5, 0;
    %movi 8, 2, 4;
    %set/v v0xc9b740_0, 8, 4;
    %movi 8, 3, 4;
    %set/v v0xc9b7e0_0, 8, 4;
    %set/v v0xc9b940_0, 0, 1;
    %delay 5, 0;
    %movi 8, 2, 4;
    %set/v v0xc9b740_0, 8, 4;
    %movi 8, 4, 4;
    %set/v v0xc9b7e0_0, 8, 4;
    %set/v v0xc9b940_0, 0, 1;
    %delay 5, 0;
    %movi 8, 2, 4;
    %set/v v0xc9b740_0, 8, 4;
    %movi 8, 5, 4;
    %set/v v0xc9b7e0_0, 8, 4;
    %set/v v0xc9b940_0, 0, 1;
    %delay 5, 0;
    %movi 8, 2, 4;
    %set/v v0xc9b740_0, 8, 4;
    %movi 8, 6, 4;
    %set/v v0xc9b7e0_0, 8, 4;
    %set/v v0xc9b940_0, 0, 1;
    %delay 5, 0;
    %movi 8, 2, 4;
    %set/v v0xc9b740_0, 8, 4;
    %movi 8, 7, 4;
    %set/v v0xc9b7e0_0, 8, 4;
    %set/v v0xc9b940_0, 0, 1;
    %delay 5, 0;
    %movi 8, 2, 4;
    %set/v v0xc9b740_0, 8, 4;
    %movi 8, 8, 4;
    %set/v v0xc9b7e0_0, 8, 4;
    %set/v v0xc9b940_0, 0, 1;
    %delay 5, 0;
    %movi 8, 2, 4;
    %set/v v0xc9b740_0, 8, 4;
    %movi 8, 9, 4;
    %set/v v0xc9b7e0_0, 8, 4;
    %set/v v0xc9b940_0, 0, 1;
    %delay 5, 0;
    %movi 8, 3, 4;
    %set/v v0xc9b740_0, 8, 4;
    %set/v v0xc9b7e0_0, 0, 4;
    %set/v v0xc9b940_0, 0, 1;
    %delay 5, 0;
    %movi 8, 3, 4;
    %set/v v0xc9b740_0, 8, 4;
    %movi 8, 1, 4;
    %set/v v0xc9b7e0_0, 8, 4;
    %set/v v0xc9b940_0, 0, 1;
    %delay 5, 0;
    %movi 8, 3, 4;
    %set/v v0xc9b740_0, 8, 4;
    %movi 8, 2, 4;
    %set/v v0xc9b7e0_0, 8, 4;
    %set/v v0xc9b940_0, 0, 1;
    %delay 5, 0;
    %movi 8, 3, 4;
    %set/v v0xc9b740_0, 8, 4;
    %movi 8, 3, 4;
    %set/v v0xc9b7e0_0, 8, 4;
    %set/v v0xc9b940_0, 0, 1;
    %delay 5, 0;
    %movi 8, 3, 4;
    %set/v v0xc9b740_0, 8, 4;
    %movi 8, 4, 4;
    %set/v v0xc9b7e0_0, 8, 4;
    %set/v v0xc9b940_0, 0, 1;
    %delay 5, 0;
    %movi 8, 3, 4;
    %set/v v0xc9b740_0, 8, 4;
    %movi 8, 5, 4;
    %set/v v0xc9b7e0_0, 8, 4;
    %set/v v0xc9b940_0, 0, 1;
    %delay 5, 0;
    %movi 8, 3, 4;
    %set/v v0xc9b740_0, 8, 4;
    %movi 8, 6, 4;
    %set/v v0xc9b7e0_0, 8, 4;
    %set/v v0xc9b940_0, 0, 1;
    %delay 5, 0;
    %movi 8, 3, 4;
    %set/v v0xc9b740_0, 8, 4;
    %movi 8, 7, 4;
    %set/v v0xc9b7e0_0, 8, 4;
    %set/v v0xc9b940_0, 0, 1;
    %delay 5, 0;
    %movi 8, 3, 4;
    %set/v v0xc9b740_0, 8, 4;
    %movi 8, 8, 4;
    %set/v v0xc9b7e0_0, 8, 4;
    %set/v v0xc9b940_0, 0, 1;
    %delay 5, 0;
    %movi 8, 3, 4;
    %set/v v0xc9b740_0, 8, 4;
    %movi 8, 9, 4;
    %set/v v0xc9b7e0_0, 8, 4;
    %set/v v0xc9b940_0, 0, 1;
    %delay 5, 0;
    %movi 8, 4, 4;
    %set/v v0xc9b740_0, 8, 4;
    %set/v v0xc9b7e0_0, 0, 4;
    %set/v v0xc9b940_0, 0, 1;
    %delay 5, 0;
    %movi 8, 4, 4;
    %set/v v0xc9b740_0, 8, 4;
    %movi 8, 1, 4;
    %set/v v0xc9b7e0_0, 8, 4;
    %set/v v0xc9b940_0, 0, 1;
    %delay 5, 0;
    %movi 8, 4, 4;
    %set/v v0xc9b740_0, 8, 4;
    %movi 8, 2, 4;
    %set/v v0xc9b7e0_0, 8, 4;
    %set/v v0xc9b940_0, 0, 1;
    %delay 5, 0;
    %movi 8, 4, 4;
    %set/v v0xc9b740_0, 8, 4;
    %movi 8, 3, 4;
    %set/v v0xc9b7e0_0, 8, 4;
    %set/v v0xc9b940_0, 0, 1;
    %delay 5, 0;
    %movi 8, 4, 4;
    %set/v v0xc9b740_0, 8, 4;
    %movi 8, 4, 4;
    %set/v v0xc9b7e0_0, 8, 4;
    %set/v v0xc9b940_0, 0, 1;
    %delay 5, 0;
    %movi 8, 4, 4;
    %set/v v0xc9b740_0, 8, 4;
    %movi 8, 5, 4;
    %set/v v0xc9b7e0_0, 8, 4;
    %set/v v0xc9b940_0, 0, 1;
    %delay 5, 0;
    %movi 8, 4, 4;
    %set/v v0xc9b740_0, 8, 4;
    %movi 8, 6, 4;
    %set/v v0xc9b7e0_0, 8, 4;
    %set/v v0xc9b940_0, 0, 1;
    %delay 5, 0;
    %movi 8, 4, 4;
    %set/v v0xc9b740_0, 8, 4;
    %movi 8, 7, 4;
    %set/v v0xc9b7e0_0, 8, 4;
    %set/v v0xc9b940_0, 0, 1;
    %delay 5, 0;
    %movi 8, 4, 4;
    %set/v v0xc9b740_0, 8, 4;
    %movi 8, 8, 4;
    %set/v v0xc9b7e0_0, 8, 4;
    %set/v v0xc9b940_0, 0, 1;
    %delay 5, 0;
    %movi 8, 4, 4;
    %set/v v0xc9b740_0, 8, 4;
    %movi 8, 9, 4;
    %set/v v0xc9b7e0_0, 8, 4;
    %set/v v0xc9b940_0, 0, 1;
    %delay 5, 0;
    %movi 8, 5, 4;
    %set/v v0xc9b740_0, 8, 4;
    %set/v v0xc9b7e0_0, 0, 4;
    %set/v v0xc9b940_0, 0, 1;
    %delay 5, 0;
    %movi 8, 5, 4;
    %set/v v0xc9b740_0, 8, 4;
    %movi 8, 1, 4;
    %set/v v0xc9b7e0_0, 8, 4;
    %set/v v0xc9b940_0, 0, 1;
    %delay 5, 0;
    %movi 8, 5, 4;
    %set/v v0xc9b740_0, 8, 4;
    %movi 8, 2, 4;
    %set/v v0xc9b7e0_0, 8, 4;
    %set/v v0xc9b940_0, 0, 1;
    %delay 5, 0;
    %movi 8, 5, 4;
    %set/v v0xc9b740_0, 8, 4;
    %movi 8, 3, 4;
    %set/v v0xc9b7e0_0, 8, 4;
    %set/v v0xc9b940_0, 0, 1;
    %delay 5, 0;
    %movi 8, 5, 4;
    %set/v v0xc9b740_0, 8, 4;
    %movi 8, 4, 4;
    %set/v v0xc9b7e0_0, 8, 4;
    %set/v v0xc9b940_0, 0, 1;
    %delay 5, 0;
    %movi 8, 5, 4;
    %set/v v0xc9b740_0, 8, 4;
    %movi 8, 5, 4;
    %set/v v0xc9b7e0_0, 8, 4;
    %set/v v0xc9b940_0, 0, 1;
    %delay 5, 0;
    %movi 8, 5, 4;
    %set/v v0xc9b740_0, 8, 4;
    %movi 8, 6, 4;
    %set/v v0xc9b7e0_0, 8, 4;
    %set/v v0xc9b940_0, 0, 1;
    %delay 5, 0;
    %movi 8, 5, 4;
    %set/v v0xc9b740_0, 8, 4;
    %movi 8, 7, 4;
    %set/v v0xc9b7e0_0, 8, 4;
    %set/v v0xc9b940_0, 0, 1;
    %delay 5, 0;
    %movi 8, 5, 4;
    %set/v v0xc9b740_0, 8, 4;
    %movi 8, 8, 4;
    %set/v v0xc9b7e0_0, 8, 4;
    %set/v v0xc9b940_0, 0, 1;
    %delay 5, 0;
    %movi 8, 5, 4;
    %set/v v0xc9b740_0, 8, 4;
    %movi 8, 9, 4;
    %set/v v0xc9b7e0_0, 8, 4;
    %set/v v0xc9b940_0, 0, 1;
    %delay 5, 0;
    %movi 8, 6, 4;
    %set/v v0xc9b740_0, 8, 4;
    %set/v v0xc9b7e0_0, 0, 4;
    %set/v v0xc9b940_0, 0, 1;
    %delay 5, 0;
    %movi 8, 6, 4;
    %set/v v0xc9b740_0, 8, 4;
    %movi 8, 1, 4;
    %set/v v0xc9b7e0_0, 8, 4;
    %set/v v0xc9b940_0, 0, 1;
    %delay 5, 0;
    %movi 8, 6, 4;
    %set/v v0xc9b740_0, 8, 4;
    %movi 8, 2, 4;
    %set/v v0xc9b7e0_0, 8, 4;
    %set/v v0xc9b940_0, 0, 1;
    %delay 5, 0;
    %movi 8, 6, 4;
    %set/v v0xc9b740_0, 8, 4;
    %movi 8, 3, 4;
    %set/v v0xc9b7e0_0, 8, 4;
    %set/v v0xc9b940_0, 0, 1;
    %delay 5, 0;
    %movi 8, 6, 4;
    %set/v v0xc9b740_0, 8, 4;
    %movi 8, 4, 4;
    %set/v v0xc9b7e0_0, 8, 4;
    %set/v v0xc9b940_0, 0, 1;
    %delay 5, 0;
    %movi 8, 6, 4;
    %set/v v0xc9b740_0, 8, 4;
    %movi 8, 5, 4;
    %set/v v0xc9b7e0_0, 8, 4;
    %set/v v0xc9b940_0, 0, 1;
    %delay 5, 0;
    %movi 8, 6, 4;
    %set/v v0xc9b740_0, 8, 4;
    %movi 8, 6, 4;
    %set/v v0xc9b7e0_0, 8, 4;
    %set/v v0xc9b940_0, 0, 1;
    %delay 5, 0;
    %movi 8, 6, 4;
    %set/v v0xc9b740_0, 8, 4;
    %movi 8, 7, 4;
    %set/v v0xc9b7e0_0, 8, 4;
    %set/v v0xc9b940_0, 0, 1;
    %delay 5, 0;
    %movi 8, 6, 4;
    %set/v v0xc9b740_0, 8, 4;
    %movi 8, 8, 4;
    %set/v v0xc9b7e0_0, 8, 4;
    %set/v v0xc9b940_0, 0, 1;
    %delay 5, 0;
    %movi 8, 6, 4;
    %set/v v0xc9b740_0, 8, 4;
    %movi 8, 9, 4;
    %set/v v0xc9b7e0_0, 8, 4;
    %set/v v0xc9b940_0, 0, 1;
    %delay 5, 0;
    %movi 8, 7, 4;
    %set/v v0xc9b740_0, 8, 4;
    %set/v v0xc9b7e0_0, 0, 4;
    %set/v v0xc9b940_0, 0, 1;
    %delay 5, 0;
    %movi 8, 7, 4;
    %set/v v0xc9b740_0, 8, 4;
    %movi 8, 1, 4;
    %set/v v0xc9b7e0_0, 8, 4;
    %set/v v0xc9b940_0, 0, 1;
    %delay 5, 0;
    %movi 8, 7, 4;
    %set/v v0xc9b740_0, 8, 4;
    %movi 8, 2, 4;
    %set/v v0xc9b7e0_0, 8, 4;
    %set/v v0xc9b940_0, 0, 1;
    %delay 5, 0;
    %movi 8, 7, 4;
    %set/v v0xc9b740_0, 8, 4;
    %movi 8, 3, 4;
    %set/v v0xc9b7e0_0, 8, 4;
    %set/v v0xc9b940_0, 0, 1;
    %delay 5, 0;
    %movi 8, 7, 4;
    %set/v v0xc9b740_0, 8, 4;
    %movi 8, 4, 4;
    %set/v v0xc9b7e0_0, 8, 4;
    %set/v v0xc9b940_0, 0, 1;
    %delay 5, 0;
    %movi 8, 7, 4;
    %set/v v0xc9b740_0, 8, 4;
    %movi 8, 5, 4;
    %set/v v0xc9b7e0_0, 8, 4;
    %set/v v0xc9b940_0, 0, 1;
    %delay 5, 0;
    %movi 8, 7, 4;
    %set/v v0xc9b740_0, 8, 4;
    %movi 8, 6, 4;
    %set/v v0xc9b7e0_0, 8, 4;
    %set/v v0xc9b940_0, 0, 1;
    %delay 5, 0;
    %movi 8, 7, 4;
    %set/v v0xc9b740_0, 8, 4;
    %movi 8, 7, 4;
    %set/v v0xc9b7e0_0, 8, 4;
    %set/v v0xc9b940_0, 0, 1;
    %delay 5, 0;
    %movi 8, 7, 4;
    %set/v v0xc9b740_0, 8, 4;
    %movi 8, 8, 4;
    %set/v v0xc9b7e0_0, 8, 4;
    %set/v v0xc9b940_0, 0, 1;
    %delay 5, 0;
    %movi 8, 7, 4;
    %set/v v0xc9b740_0, 8, 4;
    %movi 8, 9, 4;
    %set/v v0xc9b7e0_0, 8, 4;
    %set/v v0xc9b940_0, 0, 1;
    %delay 5, 0;
    %movi 8, 8, 4;
    %set/v v0xc9b740_0, 8, 4;
    %set/v v0xc9b7e0_0, 0, 4;
    %set/v v0xc9b940_0, 0, 1;
    %delay 5, 0;
    %movi 8, 8, 4;
    %set/v v0xc9b740_0, 8, 4;
    %movi 12, 1, 4;
    %set/v v0xc9b7e0_0, 12, 4;
    %set/v v0xc9b940_0, 0, 1;
    %delay 5, 0;
    %movi 8, 8, 4;
    %set/v v0xc9b740_0, 8, 4;
    %movi 12, 2, 4;
    %set/v v0xc9b7e0_0, 12, 4;
    %set/v v0xc9b940_0, 0, 1;
    %delay 5, 0;
    %movi 8, 8, 4;
    %set/v v0xc9b740_0, 8, 4;
    %movi 12, 3, 4;
    %set/v v0xc9b7e0_0, 12, 4;
    %set/v v0xc9b940_0, 0, 1;
    %delay 5, 0;
    %movi 8, 8, 4;
    %set/v v0xc9b740_0, 8, 4;
    %movi 12, 4, 4;
    %set/v v0xc9b7e0_0, 12, 4;
    %set/v v0xc9b940_0, 0, 1;
    %delay 5, 0;
    %movi 8, 8, 4;
    %set/v v0xc9b740_0, 8, 4;
    %movi 12, 5, 4;
    %set/v v0xc9b7e0_0, 12, 4;
    %set/v v0xc9b940_0, 0, 1;
    %delay 5, 0;
    %movi 8, 8, 4;
    %set/v v0xc9b740_0, 8, 4;
    %movi 12, 6, 4;
    %set/v v0xc9b7e0_0, 12, 4;
    %set/v v0xc9b940_0, 0, 1;
    %delay 5, 0;
    %movi 8, 8, 4;
    %set/v v0xc9b740_0, 8, 4;
    %movi 12, 7, 4;
    %set/v v0xc9b7e0_0, 12, 4;
    %set/v v0xc9b940_0, 0, 1;
    %delay 5, 0;
    %movi 8, 8, 4;
    %set/v v0xc9b740_0, 8, 4;
    %movi 12, 8, 4;
    %set/v v0xc9b7e0_0, 12, 4;
    %set/v v0xc9b940_0, 0, 1;
    %delay 5, 0;
    %movi 8, 8, 4;
    %set/v v0xc9b740_0, 8, 4;
    %movi 12, 9, 4;
    %set/v v0xc9b7e0_0, 12, 4;
    %set/v v0xc9b940_0, 0, 1;
    %delay 5, 0;
    %movi 8, 9, 4;
    %set/v v0xc9b740_0, 8, 4;
    %set/v v0xc9b7e0_0, 0, 4;
    %set/v v0xc9b940_0, 0, 1;
    %delay 5, 0;
    %movi 8, 9, 4;
    %set/v v0xc9b740_0, 8, 4;
    %movi 12, 1, 4;
    %set/v v0xc9b7e0_0, 12, 4;
    %set/v v0xc9b940_0, 0, 1;
    %delay 5, 0;
    %movi 8, 9, 4;
    %set/v v0xc9b740_0, 8, 4;
    %movi 12, 2, 4;
    %set/v v0xc9b7e0_0, 12, 4;
    %set/v v0xc9b940_0, 0, 1;
    %delay 5, 0;
    %movi 8, 9, 4;
    %set/v v0xc9b740_0, 8, 4;
    %movi 12, 3, 4;
    %set/v v0xc9b7e0_0, 12, 4;
    %set/v v0xc9b940_0, 0, 1;
    %delay 5, 0;
    %movi 8, 9, 4;
    %set/v v0xc9b740_0, 8, 4;
    %movi 12, 4, 4;
    %set/v v0xc9b7e0_0, 12, 4;
    %set/v v0xc9b940_0, 0, 1;
    %delay 5, 0;
    %movi 8, 9, 4;
    %set/v v0xc9b740_0, 8, 4;
    %movi 12, 5, 4;
    %set/v v0xc9b7e0_0, 12, 4;
    %set/v v0xc9b940_0, 0, 1;
    %delay 5, 0;
    %movi 8, 9, 4;
    %set/v v0xc9b740_0, 8, 4;
    %movi 12, 6, 4;
    %set/v v0xc9b7e0_0, 12, 4;
    %set/v v0xc9b940_0, 0, 1;
    %delay 5, 0;
    %movi 8, 9, 4;
    %set/v v0xc9b740_0, 8, 4;
    %movi 12, 7, 4;
    %set/v v0xc9b7e0_0, 12, 4;
    %set/v v0xc9b940_0, 0, 1;
    %delay 5, 0;
    %movi 8, 9, 4;
    %set/v v0xc9b740_0, 8, 4;
    %movi 12, 8, 4;
    %set/v v0xc9b7e0_0, 12, 4;
    %set/v v0xc9b940_0, 0, 1;
    %delay 5, 0;
    %movi 8, 9, 4;
    %set/v v0xc9b740_0, 8, 4;
    %movi 12, 9, 4;
    %set/v v0xc9b7e0_0, 12, 4;
    %set/v v0xc9b940_0, 0, 1;
    %end;
    .thread T_1;
# The file index is used to find the file name in the following table.
:file_names 3;
    "N/A";
    "<interactive>";
    "bcd.v";
