#! /usr/bin/vvp
:ivl_version "0.9.7 " "(v0_9_7)";
:vpi_time_precision + 0;
:vpi_module "system";
:vpi_module "v2005_math";
:vpi_module "va_math";
S_0xf83cb0 .scope module, "tb_full_adder" "tb_full_adder" 2 14;
 .timescale 0 0;
v0xfda980_0 .var "a", 2 0;
v0xfdaa20_0 .var "b", 2 0;
v0xfdaad0_0 .var "bin", 2 0;
v0xfdab80_0 .net "cout", 2 0, L_0xfdb1e0; 1 drivers
v0xfdac60_0 .net "diff", 2 0, L_0xfdadf0; 1 drivers
S_0xf70630 .scope module, "Fa" "full_adder" 2 23, 2 1, S_0xf83cb0;
 .timescale 0 0;
L_0xfdad10 .functor XOR 3, v0xfda980_0, v0xfdaa20_0, C4<000>, C4<000>;
L_0xfdadf0 .functor XOR 3, L_0xfdad10, v0xfdaad0_0, C4<000>, C4<000>;
L_0xfdaf40 .functor AND 3, v0xfdaad0_0, v0xfdaa20_0, C4<111>, C4<111>;
L_0xfdafa0 .functor NOT 3, v0xfda980_0, C4<000>, C4<000>, C4<000>;
L_0xfdb000 .functor OR 3, v0xfdaad0_0, v0xfdaa20_0, C4<000>, C4<000>;
L_0xfdb180 .functor AND 3, L_0xfdafa0, L_0xfdb000, C4<111>, C4<111>;
L_0xfdb1e0 .functor OR 3, L_0xfdaf40, L_0xfdb180, C4<000>, C4<000>;
v0xf82ee0_0 .net *"_s0", 2 0, L_0xfdad10; 1 drivers
v0xfda2e0_0 .net *"_s10", 2 0, L_0xfdb180; 1 drivers
v0xfda380_0 .net *"_s4", 2 0, L_0xfdaf40; 1 drivers
v0xfda420_0 .net *"_s6", 2 0, L_0xfdafa0; 1 drivers
v0xfda4d0_0 .net *"_s8", 2 0, L_0xfdb000; 1 drivers
v0xfda570_0 .net "a", 2 0, v0xfda980_0; 1 drivers
v0xfda650_0 .net "b", 2 0, v0xfdaa20_0; 1 drivers
v0xfda6f0_0 .net "bin", 2 0, v0xfdaad0_0; 1 drivers
v0xfda7e0_0 .alias "cout", 2 0, v0xfdab80_0;
v0xfda880_0 .alias "diff", 2 0, v0xfdac60_0;
    .scope S_0xf83cb0;
T_0 ;
    %vpi_call 2 27 "$monitor", "a = %b ,b= %b , diff = %b , borrow = %b ", v0xfda980_0, v0xfdaa20_0, v0xfdac60_0, v0xfdab80_0;
    %vpi_call 2 28 "$dumpfile", "fullsub.vcd";
    %vpi_call 2 29 "$dumpvars";
    %set/v v0xfda980_0, 0, 3;
    %set/v v0xfdaa20_0, 0, 3;
    %set/v v0xfdaad0_0, 0, 3;
    %delay 5, 0;
    %set/v v0xfda980_0, 0, 3;
    %movi 8, 1, 3;
    %set/v v0xfdaa20_0, 8, 3;
    %set/v v0xfdaad0_0, 0, 3;
    %delay 5, 0;
    %set/v v0xfda980_0, 0, 3;
    %movi 8, 2, 3;
    %set/v v0xfdaa20_0, 8, 3;
    %set/v v0xfdaad0_0, 0, 3;
    %delay 5, 0;
    %set/v v0xfda980_0, 0, 3;
    %movi 8, 3, 3;
    %set/v v0xfdaa20_0, 8, 3;
    %set/v v0xfdaad0_0, 0, 3;
    %delay 5, 0;
    %set/v v0xfda980_0, 0, 3;
    %movi 8, 4, 3;
    %set/v v0xfdaa20_0, 8, 3;
    %set/v v0xfdaad0_0, 0, 3;
    %delay 5, 0;
    %set/v v0xfda980_0, 0, 3;
    %movi 8, 5, 3;
    %set/v v0xfdaa20_0, 8, 3;
    %set/v v0xfdaad0_0, 0, 3;
    %delay 5, 0;
    %set/v v0xfda980_0, 0, 3;
    %movi 8, 6, 3;
    %set/v v0xfdaa20_0, 8, 3;
    %set/v v0xfdaad0_0, 0, 3;
    %delay 5, 0;
    %set/v v0xfda980_0, 0, 3;
    %set/v v0xfdaa20_0, 1, 3;
    %set/v v0xfdaad0_0, 0, 3;
    %delay 5, 0;
    %movi 8, 1, 3;
    %set/v v0xfda980_0, 8, 3;
    %set/v v0xfdaa20_0, 0, 3;
    %set/v v0xfdaad0_0, 0, 3;
    %delay 5, 0;
    %movi 8, 1, 3;
    %set/v v0xfda980_0, 8, 3;
    %movi 8, 1, 3;
    %set/v v0xfdaa20_0, 8, 3;
    %set/v v0xfdaad0_0, 0, 3;
    %delay 5, 0;
    %movi 8, 1, 3;
    %set/v v0xfda980_0, 8, 3;
    %movi 8, 2, 3;
    %set/v v0xfdaa20_0, 8, 3;
    %set/v v0xfdaad0_0, 0, 3;
    %delay 5, 0;
    %movi 8, 1, 3;
    %set/v v0xfda980_0, 8, 3;
    %movi 8, 3, 3;
    %set/v v0xfdaa20_0, 8, 3;
    %set/v v0xfdaad0_0, 0, 3;
    %delay 5, 0;
    %movi 8, 1, 3;
    %set/v v0xfda980_0, 8, 3;
    %movi 8, 4, 3;
    %set/v v0xfdaa20_0, 8, 3;
    %set/v v0xfdaad0_0, 0, 3;
    %delay 5, 0;
    %movi 8, 1, 3;
    %set/v v0xfda980_0, 8, 3;
    %movi 8, 5, 3;
    %set/v v0xfdaa20_0, 8, 3;
    %set/v v0xfdaad0_0, 0, 3;
    %delay 5, 0;
    %movi 8, 1, 3;
    %set/v v0xfda980_0, 8, 3;
    %movi 8, 6, 3;
    %set/v v0xfdaa20_0, 8, 3;
    %set/v v0xfdaad0_0, 0, 3;
    %delay 5, 0;
    %movi 8, 1, 3;
    %set/v v0xfda980_0, 8, 3;
    %set/v v0xfdaa20_0, 1, 3;
    %set/v v0xfdaad0_0, 0, 3;
    %delay 5, 0;
    %movi 8, 2, 3;
    %set/v v0xfda980_0, 8, 3;
    %set/v v0xfdaa20_0, 0, 3;
    %set/v v0xfdaad0_0, 0, 3;
    %delay 5, 0;
    %movi 8, 2, 3;
    %set/v v0xfda980_0, 8, 3;
    %movi 8, 1, 3;
    %set/v v0xfdaa20_0, 8, 3;
    %set/v v0xfdaad0_0, 0, 3;
    %delay 5, 0;
    %movi 8, 2, 3;
    %set/v v0xfda980_0, 8, 3;
    %movi 8, 2, 3;
    %set/v v0xfdaa20_0, 8, 3;
    %set/v v0xfdaad0_0, 0, 3;
    %delay 5, 0;
    %movi 8, 2, 3;
    %set/v v0xfda980_0, 8, 3;
    %movi 8, 3, 3;
    %set/v v0xfdaa20_0, 8, 3;
    %set/v v0xfdaad0_0, 0, 3;
    %delay 5, 0;
    %movi 8, 2, 3;
    %set/v v0xfda980_0, 8, 3;
    %movi 8, 4, 3;
    %set/v v0xfdaa20_0, 8, 3;
    %set/v v0xfdaad0_0, 0, 3;
    %delay 5, 0;
    %movi 8, 2, 3;
    %set/v v0xfda980_0, 8, 3;
    %movi 8, 5, 3;
    %set/v v0xfdaa20_0, 8, 3;
    %set/v v0xfdaad0_0, 0, 3;
    %delay 5, 0;
    %movi 8, 2, 3;
    %set/v v0xfda980_0, 8, 3;
    %movi 8, 6, 3;
    %set/v v0xfdaa20_0, 8, 3;
    %set/v v0xfdaad0_0, 0, 3;
    %delay 5, 0;
    %movi 8, 2, 3;
    %set/v v0xfda980_0, 8, 3;
    %set/v v0xfdaa20_0, 1, 3;
    %set/v v0xfdaad0_0, 0, 3;
    %delay 5, 0;
    %movi 8, 3, 3;
    %set/v v0xfda980_0, 8, 3;
    %set/v v0xfdaa20_0, 0, 3;
    %set/v v0xfdaad0_0, 0, 3;
    %delay 5, 0;
    %movi 8, 3, 3;
    %set/v v0xfda980_0, 8, 3;
    %movi 8, 1, 3;
    %set/v v0xfdaa20_0, 8, 3;
    %set/v v0xfdaad0_0, 0, 3;
    %delay 5, 0;
    %movi 8, 3, 3;
    %set/v v0xfda980_0, 8, 3;
    %movi 8, 2, 3;
    %set/v v0xfdaa20_0, 8, 3;
    %set/v v0xfdaad0_0, 0, 3;
    %delay 5, 0;
    %movi 8, 3, 3;
    %set/v v0xfda980_0, 8, 3;
    %movi 8, 3, 3;
    %set/v v0xfdaa20_0, 8, 3;
    %set/v v0xfdaad0_0, 0, 3;
    %delay 5, 0;
    %movi 8, 3, 3;
    %set/v v0xfda980_0, 8, 3;
    %movi 8, 4, 3;
    %set/v v0xfdaa20_0, 8, 3;
    %set/v v0xfdaad0_0, 0, 3;
    %delay 5, 0;
    %movi 8, 3, 3;
    %set/v v0xfda980_0, 8, 3;
    %movi 8, 5, 3;
    %set/v v0xfdaa20_0, 8, 3;
    %set/v v0xfdaad0_0, 0, 3;
    %delay 5, 0;
    %movi 8, 3, 3;
    %set/v v0xfda980_0, 8, 3;
    %movi 8, 6, 3;
    %set/v v0xfdaa20_0, 8, 3;
    %set/v v0xfdaad0_0, 0, 3;
    %delay 5, 0;
    %movi 8, 3, 3;
    %set/v v0xfda980_0, 8, 3;
    %set/v v0xfdaa20_0, 1, 3;
    %set/v v0xfdaad0_0, 0, 3;
    %delay 5, 0;
    %movi 8, 4, 3;
    %set/v v0xfda980_0, 8, 3;
    %set/v v0xfdaa20_0, 0, 3;
    %set/v v0xfdaad0_0, 0, 3;
    %delay 5, 0;
    %movi 8, 4, 3;
    %set/v v0xfda980_0, 8, 3;
    %movi 11, 1, 3;
    %set/v v0xfdaa20_0, 11, 3;
    %set/v v0xfdaad0_0, 0, 3;
    %delay 5, 0;
    %movi 8, 4, 3;
    %set/v v0xfda980_0, 8, 3;
    %movi 11, 2, 3;
    %set/v v0xfdaa20_0, 11, 3;
    %set/v v0xfdaad0_0, 0, 3;
    %delay 5, 0;
    %movi 8, 4, 3;
    %set/v v0xfda980_0, 8, 3;
    %movi 11, 3, 3;
    %set/v v0xfdaa20_0, 11, 3;
    %set/v v0xfdaad0_0, 0, 3;
    %delay 5, 0;
    %movi 8, 4, 3;
    %set/v v0xfda980_0, 8, 3;
    %movi 11, 4, 3;
    %set/v v0xfdaa20_0, 11, 3;
    %set/v v0xfdaad0_0, 0, 3;
    %delay 5, 0;
    %movi 8, 4, 3;
    %set/v v0xfda980_0, 8, 3;
    %movi 11, 5, 3;
    %set/v v0xfdaa20_0, 11, 3;
    %set/v v0xfdaad0_0, 0, 3;
    %delay 5, 0;
    %movi 8, 4, 3;
    %set/v v0xfda980_0, 8, 3;
    %movi 11, 6, 3;
    %set/v v0xfdaa20_0, 11, 3;
    %set/v v0xfdaad0_0, 0, 3;
    %delay 5, 0;
    %movi 8, 4, 3;
    %set/v v0xfda980_0, 8, 3;
    %set/v v0xfdaa20_0, 1, 3;
    %set/v v0xfdaad0_0, 0, 3;
    %delay 5, 0;
    %movi 8, 5, 3;
    %set/v v0xfda980_0, 8, 3;
    %set/v v0xfdaa20_0, 0, 3;
    %set/v v0xfdaad0_0, 0, 3;
    %delay 5, 0;
    %movi 8, 5, 3;
    %set/v v0xfda980_0, 8, 3;
    %movi 11, 1, 3;
    %set/v v0xfdaa20_0, 11, 3;
    %set/v v0xfdaad0_0, 0, 3;
    %delay 5, 0;
    %movi 8, 5, 3;
    %set/v v0xfda980_0, 8, 3;
    %movi 11, 2, 3;
    %set/v v0xfdaa20_0, 11, 3;
    %set/v v0xfdaad0_0, 0, 3;
    %delay 5, 0;
    %movi 8, 5, 3;
    %set/v v0xfda980_0, 8, 3;
    %movi 11, 3, 3;
    %set/v v0xfdaa20_0, 11, 3;
    %set/v v0xfdaad0_0, 0, 3;
    %delay 5, 0;
    %movi 8, 5, 3;
    %set/v v0xfda980_0, 8, 3;
    %movi 11, 4, 3;
    %set/v v0xfdaa20_0, 11, 3;
    %set/v v0xfdaad0_0, 0, 3;
    %delay 5, 0;
    %movi 8, 5, 3;
    %set/v v0xfda980_0, 8, 3;
    %movi 11, 5, 3;
    %set/v v0xfdaa20_0, 11, 3;
    %set/v v0xfdaad0_0, 0, 3;
    %delay 5, 0;
    %movi 8, 5, 3;
    %set/v v0xfda980_0, 8, 3;
    %movi 11, 6, 3;
    %set/v v0xfdaa20_0, 11, 3;
    %set/v v0xfdaad0_0, 0, 3;
    %delay 5, 0;
    %movi 8, 5, 3;
    %set/v v0xfda980_0, 8, 3;
    %set/v v0xfdaa20_0, 1, 3;
    %set/v v0xfdaad0_0, 0, 3;
    %delay 5, 0;
    %movi 8, 6, 3;
    %set/v v0xfda980_0, 8, 3;
    %set/v v0xfdaa20_0, 0, 3;
    %set/v v0xfdaad0_0, 0, 3;
    %delay 5, 0;
    %movi 8, 6, 3;
    %set/v v0xfda980_0, 8, 3;
    %movi 11, 1, 3;
    %set/v v0xfdaa20_0, 11, 3;
    %set/v v0xfdaad0_0, 0, 3;
    %delay 5, 0;
    %movi 8, 6, 3;
    %set/v v0xfda980_0, 8, 3;
    %movi 11, 2, 3;
    %set/v v0xfdaa20_0, 11, 3;
    %set/v v0xfdaad0_0, 0, 3;
    %delay 5, 0;
    %movi 8, 6, 3;
    %set/v v0xfda980_0, 8, 3;
    %movi 11, 3, 3;
    %set/v v0xfdaa20_0, 11, 3;
    %set/v v0xfdaad0_0, 0, 3;
    %delay 5, 0;
    %movi 8, 6, 3;
    %set/v v0xfda980_0, 8, 3;
    %movi 11, 4, 3;
    %set/v v0xfdaa20_0, 11, 3;
    %set/v v0xfdaad0_0, 0, 3;
    %delay 5, 0;
    %movi 8, 6, 3;
    %set/v v0xfda980_0, 8, 3;
    %movi 11, 5, 3;
    %set/v v0xfdaa20_0, 11, 3;
    %set/v v0xfdaad0_0, 0, 3;
    %delay 5, 0;
    %movi 8, 6, 3;
    %set/v v0xfda980_0, 8, 3;
    %movi 11, 6, 3;
    %set/v v0xfdaa20_0, 11, 3;
    %set/v v0xfdaad0_0, 0, 3;
    %delay 5, 0;
    %movi 8, 6, 3;
    %set/v v0xfda980_0, 8, 3;
    %set/v v0xfdaa20_0, 1, 3;
    %set/v v0xfdaad0_0, 0, 3;
    %delay 5, 0;
    %set/v v0xfda980_0, 1, 3;
    %set/v v0xfdaa20_0, 0, 3;
    %set/v v0xfdaad0_0, 0, 3;
    %delay 5, 0;
    %set/v v0xfda980_0, 1, 3;
    %movi 8, 1, 3;
    %set/v v0xfdaa20_0, 8, 3;
    %set/v v0xfdaad0_0, 0, 3;
    %delay 5, 0;
    %set/v v0xfda980_0, 1, 3;
    %movi 8, 2, 3;
    %set/v v0xfdaa20_0, 8, 3;
    %set/v v0xfdaad0_0, 0, 3;
    %delay 5, 0;
    %set/v v0xfda980_0, 1, 3;
    %movi 8, 3, 3;
    %set/v v0xfdaa20_0, 8, 3;
    %set/v v0xfdaad0_0, 0, 3;
    %delay 5, 0;
    %set/v v0xfda980_0, 1, 3;
    %movi 8, 4, 3;
    %set/v v0xfdaa20_0, 8, 3;
    %set/v v0xfdaad0_0, 0, 3;
    %delay 5, 0;
    %set/v v0xfda980_0, 1, 3;
    %movi 8, 5, 3;
    %set/v v0xfdaa20_0, 8, 3;
    %set/v v0xfdaad0_0, 0, 3;
    %delay 5, 0;
    %set/v v0xfda980_0, 1, 3;
    %movi 8, 6, 3;
    %set/v v0xfdaa20_0, 8, 3;
    %set/v v0xfdaad0_0, 0, 3;
    %delay 5, 0;
    %set/v v0xfda980_0, 1, 3;
    %set/v v0xfdaa20_0, 1, 3;
    %set/v v0xfdaad0_0, 0, 3;
    %end;
    .thread T_0;
# The file index is used to find the file name in the following table.
:file_names 3;
    "N/A";
    "<interactive>";
    "Fullsub.v";
