#! /usr/bin/vvp
:ivl_version "0.9.7 " "(v0_9_7)";
:vpi_time_precision + 0;
:vpi_module "system";
:vpi_module "v2005_math";
:vpi_module "va_math";
S_0xdfb730 .scope module, "testbench" "testbench" 2 11;
 .timescale 0 0;
v0xe428a0_0 .var "b", 2 0;
RS_0x7fc6c8c4b198 .resolv tri, L_0xe429f0, L_0xe42df0, L_0xe43190, C4<zzz>;
v0xe42940_0 .net8 "g", 2 0, RS_0x7fc6c8c4b198; 3 drivers
S_0xdfb820 .scope module, "f" "grey" 2 15, 2 1, S_0xdfb730;
 .timescale 0 0;
L_0xe42ca0 .functor XOR 1, L_0xe42ae0, L_0xe42c00, C4<0>, C4<0>;
L_0xe43090 .functor XOR 1, L_0xe42e90, L_0xe42fc0, C4<0>, C4<0>;
v0xe31010_0 .net *"_s11", 0 0, L_0xe42e90; 1 drivers
v0xe42300_0 .net *"_s13", 0 0, L_0xe42fc0; 1 drivers
v0xe423a0_0 .net *"_s14", 0 0, L_0xe43090; 1 drivers
v0xe42440_0 .net *"_s19", 0 0, L_0xe432c0; 1 drivers
v0xe424f0_0 .net *"_s3", 0 0, L_0xe42ae0; 1 drivers
v0xe42590_0 .net *"_s5", 0 0, L_0xe42c00; 1 drivers
v0xe42670_0 .net *"_s6", 0 0, L_0xe42ca0; 1 drivers
v0xe42710_0 .net "b", 2 0, v0xe428a0_0; 1 drivers
v0xe42800_0 .alias "g", 2 0, v0xe42940_0;
L_0xe429f0 .part/pv L_0xe42ca0, 0, 1, 3;
L_0xe42ae0 .part v0xe428a0_0, 0, 1;
L_0xe42c00 .part v0xe428a0_0, 1, 1;
L_0xe42df0 .part/pv L_0xe43090, 1, 1, 3;
L_0xe42e90 .part v0xe428a0_0, 1, 1;
L_0xe42fc0 .part v0xe428a0_0, 2, 1;
L_0xe43190 .part/pv L_0xe432c0, 2, 1, 3;
L_0xe432c0 .part v0xe428a0_0, 2, 1;
    .scope S_0xdfb730;
T_0 ;
    %vpi_call 2 19 "$monitor", "Binary = %b --> Grey = %b", v0xe428a0_0, v0xe42940_0;
    %vpi_call 2 20 "$dumpfile", "grey.vcd";
    %vpi_call 2 21 "$dumpvars";
    %set/v v0xe428a0_0, 0, 3;
    %delay 5, 0;
    %movi 8, 1, 3;
    %set/v v0xe428a0_0, 8, 3;
    %delay 5, 0;
    %movi 8, 2, 3;
    %set/v v0xe428a0_0, 8, 3;
    %delay 5, 0;
    %movi 8, 3, 3;
    %set/v v0xe428a0_0, 8, 3;
    %delay 5, 0;
    %movi 8, 4, 3;
    %set/v v0xe428a0_0, 8, 3;
    %delay 5, 0;
    %movi 8, 5, 3;
    %set/v v0xe428a0_0, 8, 3;
    %delay 5, 0;
    %movi 8, 6, 3;
    %set/v v0xe428a0_0, 8, 3;
    %delay 5, 0;
    %set/v v0xe428a0_0, 1, 3;
    %delay 5, 0;
    %set/v v0xe428a0_0, 1, 3;
    %end;
    .thread T_0;
# The file index is used to find the file name in the following table.
:file_names 3;
    "N/A";
    "<interactive>";
    "grey.v";
