#! /usr/bin/vvp
:ivl_version "0.9.7 " "(v0_9_7)";
:vpi_time_precision + 0;
:vpi_module "system";
:vpi_module "v2005_math";
:vpi_module "va_math";
S_0xa37730 .scope module, "tb_tm" "tb_tm" 2 36;
 .timescale 0 0;
v0xa843c0_0 .var "A", 1 0;
v0xa84490_0 .var "B", 1 0;
v0xa84540_0 .net "equal", 0 0, v0xa841d0_0; 1 drivers
v0xa845f0_0 .net "greater", 0 0, v0xa84270_0; 1 drivers
v0xa846d0_0 .net "less", 0 0, v0xa84320_0; 1 drivers
S_0xa37820 .scope module, "uut" "comparator" 2 45, 2 1, S_0xa37730;
 .timescale 0 0;
v0xa6e090_0 .net "A", 1 0, v0xa843c0_0; 1 drivers
v0xa84130_0 .net "B", 1 0, v0xa84490_0; 1 drivers
v0xa841d0_0 .var "equal", 0 0;
v0xa84270_0 .var "greater", 0 0;
v0xa84320_0 .var "less", 0 0;
E_0xa48ba0 .event edge, v0xa84130_0, v0xa6e090_0;
    .scope S_0xa37820;
T_0 ;
    %wait E_0xa48ba0;
    %load/v 8, v0xa84130_0, 2;
    %load/v 10, v0xa6e090_0, 2;
    %cmp/u 8, 10, 2;
    %jmp/0xz  T_0.0, 5;
    %set/v v0xa84320_0, 0, 1;
    %set/v v0xa841d0_0, 0, 1;
    %set/v v0xa84270_0, 1, 1;
    %jmp T_0.1;
T_0.0 ;
    %load/v 8, v0xa6e090_0, 2;
    %load/v 10, v0xa84130_0, 2;
    %cmp/u 8, 10, 2;
    %jmp/0xz  T_0.2, 4;
    %set/v v0xa84320_0, 0, 1;
    %set/v v0xa841d0_0, 1, 1;
    %set/v v0xa84270_0, 0, 1;
    %jmp T_0.3;
T_0.2 ;
    %set/v v0xa84320_0, 1, 1;
    %set/v v0xa841d0_0, 0, 1;
    %set/v v0xa84270_0, 0, 1;
T_0.3 ;
T_0.1 ;
    %jmp T_0;
    .thread T_0, $push;
    .scope S_0xa37730;
T_1 ;
    %vpi_call 2 47 "$monitor", "A = %b ,B= %b , L = %b , E = %b , G = %b", v0xa843c0_0, v0xa84490_0, v0xa846d0_0, v0xa84540_0, v0xa845f0_0;
    %vpi_call 2 48 "$dumpfile", "comparator.vcd";
    %vpi_call 2 49 "$dumpvars";
    %set/v v0xa843c0_0, 0, 2;
    %set/v v0xa84490_0, 0, 2;
    %delay 5, 0;
    %set/v v0xa843c0_0, 0, 2;
    %movi 8, 1, 2;
    %set/v v0xa84490_0, 8, 2;
    %delay 5, 0;
    %set/v v0xa843c0_0, 0, 2;
    %movi 8, 2, 2;
    %set/v v0xa84490_0, 8, 2;
    %delay 5, 0;
    %set/v v0xa843c0_0, 0, 2;
    %set/v v0xa84490_0, 1, 2;
    %delay 5, 0;
    %movi 8, 1, 2;
    %set/v v0xa843c0_0, 8, 2;
    %set/v v0xa84490_0, 0, 2;
    %delay 5, 0;
    %movi 8, 1, 2;
    %set/v v0xa843c0_0, 8, 2;
    %movi 8, 1, 2;
    %set/v v0xa84490_0, 8, 2;
    %delay 5, 0;
    %movi 8, 1, 2;
    %set/v v0xa843c0_0, 8, 2;
    %movi 8, 2, 2;
    %set/v v0xa84490_0, 8, 2;
    %delay 5, 0;
    %movi 8, 1, 2;
    %set/v v0xa843c0_0, 8, 2;
    %set/v v0xa84490_0, 1, 2;
    %delay 5, 0;
    %movi 8, 2, 2;
    %set/v v0xa843c0_0, 8, 2;
    %set/v v0xa84490_0, 0, 2;
    %delay 5, 0;
    %movi 8, 2, 2;
    %set/v v0xa843c0_0, 8, 2;
    %movi 8, 1, 2;
    %set/v v0xa84490_0, 8, 2;
    %delay 5, 0;
    %movi 8, 2, 2;
    %set/v v0xa843c0_0, 8, 2;
    %movi 8, 2, 2;
    %set/v v0xa84490_0, 8, 2;
    %delay 5, 0;
    %movi 8, 2, 2;
    %set/v v0xa843c0_0, 8, 2;
    %set/v v0xa84490_0, 1, 2;
    %delay 5, 0;
    %set/v v0xa843c0_0, 1, 2;
    %set/v v0xa84490_0, 0, 2;
    %delay 5, 0;
    %set/v v0xa843c0_0, 1, 2;
    %movi 8, 1, 2;
    %set/v v0xa84490_0, 8, 2;
    %delay 5, 0;
    %set/v v0xa843c0_0, 1, 2;
    %movi 8, 2, 2;
    %set/v v0xa84490_0, 8, 2;
    %delay 5, 0;
    %set/v v0xa843c0_0, 1, 2;
    %set/v v0xa84490_0, 1, 2;
    %delay 5, 0;
    %set/v v0xa843c0_0, 1, 2;
    %set/v v0xa84490_0, 1, 2;
    %end;
    .thread T_1;
# The file index is used to find the file name in the following table.
:file_names 3;
    "N/A";
    "<interactive>";
    "comparator.v";
