#! /usr/bin/vvp
:ivl_version "0.9.7 " "(v0_9_7)";
:vpi_time_precision + 0;
:vpi_module "system";
:vpi_module "v2005_math";
:vpi_module "va_math";
S_0x2763730 .scope module, "testbench" "testbench" 2 24;
 .timescale 0 0;
v0x27b5050_0 .var "cp", 0 0;
v0x27b50d0_0 .var "j", 0 0;
v0x27b5150_0 .var "k", 0 0;
v0x27b5200_0 .net "q", 0 0, L_0x27b5d10; 1 drivers
v0x27b52e0_0 .var "qb", 0 0;
v0x27b5390_0 .net "t", 0 0, L_0x27b5e60; 1 drivers
S_0x2763820 .scope module, "f1" "jkmaster" 2 29, 2 1, S_0x2763730;
 .timescale 0 0;
L_0x27b4950 .functor AND 1, v0x27b50d0_0, v0x27b5050_0, v0x27b52e0_0, C4<1>;
L_0x27b5510 .functor AND 1, v0x27b5150_0, v0x27b5050_0, L_0x27b55c0, C4<1>;
L_0x27b55c0 .functor NOT 1, v0x27b52e0_0, C4<0>, C4<0>, C4<0>;
L_0x27b5670 .functor XOR 1, L_0x27b4950, L_0x27b5720, C4<0>, C4<0>;
L_0x27b5720 .functor NOT 1, v0x27b52e0_0, C4<0>, C4<0>, C4<0>;
L_0x27b5860 .functor XOR 1, L_0x27b5510, L_0x27b5670, C4<0>, C4<0>;
L_0x27b5910 .functor AND 1, L_0x27b5670, v0x27b52e0_0, L_0x27b59a0, C4<1>;
L_0x27b59a0 .functor NOT 1, v0x27b5050_0, C4<0>, C4<0>, C4<0>;
L_0x27b5ae0 .functor AND 1, L_0x27b5860, L_0x27b5ba0, L_0x27b5cb0, C4<1>;
L_0x27b5ba0 .functor NOT 1, v0x27b52e0_0, C4<0>, C4<0>, C4<0>;
L_0x27b5cb0 .functor NOT 1, v0x27b5050_0, C4<0>, C4<0>, C4<0>;
L_0x27b5d10 .functor XOR 1, L_0x27b5910, L_0x27b5c50, C4<0>, C4<0>;
L_0x27b5c50 .functor NOT 1, v0x27b52e0_0, C4<0>, C4<0>, C4<0>;
L_0x27b5e60 .functor XOR 1, L_0x27b5ae0, L_0x27b5d10, C4<0>, C4<0>;
v0x279a460_0 .net *"_s0", 0 0, L_0x27b55c0; 1 drivers
v0x27b4330_0 .net *"_s10", 0 0, L_0x27b5c50; 1 drivers
v0x27b43d0_0 .net *"_s2", 0 0, L_0x27b5720; 1 drivers
v0x27b4470_0 .net *"_s4", 0 0, L_0x27b59a0; 1 drivers
v0x27b4520_0 .net *"_s6", 0 0, L_0x27b5ba0; 1 drivers
v0x27b45c0_0 .net *"_s8", 0 0, L_0x27b5cb0; 1 drivers
v0x27b46a0_0 .net "cp", 0 0, v0x27b5050_0; 1 drivers
v0x27b4740_0 .net "j", 0 0, v0x27b50d0_0; 1 drivers
v0x27b4830_0 .net "k", 0 0, v0x27b5150_0; 1 drivers
v0x27b48d0_0 .alias "q", 0 0, v0x27b5200_0;
v0x27b49d0_0 .net "q1", 0 0, L_0x27b4950; 1 drivers
v0x27b4a70_0 .net "q2", 0 0, L_0x27b5510; 1 drivers
v0x27b4b80_0 .net "q3", 0 0, L_0x27b5670; 1 drivers
v0x27b4c20_0 .net "q4", 0 0, L_0x27b5860; 1 drivers
v0x27b4d40_0 .net "q5", 0 0, L_0x27b5910; 1 drivers
v0x27b4de0_0 .net "q6", 0 0, L_0x27b5ae0; 1 drivers
v0x27b4ca0_0 .net "qb", 0 0, v0x27b52e0_0; 1 drivers
v0x27b4f30_0 .alias "t", 0 0, v0x27b5390_0;
    .scope S_0x2763730;
T_0 ;
    %vpi_call 2 34 "$monitor", "CP = %b : Q[1] = %b : J = %b : K = %b : Q = %b : Q` = %b", v0x27b5050_0, v0x27b52e0_0, v0x27b50d0_0, v0x27b5150_0, v0x27b5200_0, v0x27b5390_0;
    %vpi_call 2 35 "$dumpfile", "jkmaster.vcd";
    %vpi_call 2 36 "$dumpvars";
    %set/v v0x27b5050_0, 1, 1;
    %set/v v0x27b52e0_0, 0, 1;
    %set/v v0x27b50d0_0, 0, 1;
    %set/v v0x27b5150_0, 0, 1;
    %delay 5, 0;
    %set/v v0x27b50d0_0, 0, 1;
    %set/v v0x27b5150_0, 1, 1;
    %delay 5, 0;
    %set/v v0x27b50d0_0, 1, 1;
    %set/v v0x27b5150_0, 0, 1;
    %delay 5, 0;
    %set/v v0x27b50d0_0, 1, 1;
    %set/v v0x27b5150_0, 1, 1;
    %delay 5, 0;
    %set/v v0x27b50d0_0, 1, 1;
    %set/v v0x27b5150_0, 1, 1;
    %delay 5, 0;
    %set/v v0x27b5050_0, 1, 1;
    %set/v v0x27b52e0_0, 1, 1;
    %set/v v0x27b50d0_0, 0, 1;
    %set/v v0x27b5150_0, 0, 1;
    %delay 5, 0;
    %set/v v0x27b50d0_0, 0, 1;
    %set/v v0x27b5150_0, 1, 1;
    %delay 5, 0;
    %set/v v0x27b50d0_0, 1, 1;
    %set/v v0x27b5150_0, 0, 1;
    %delay 5, 0;
    %set/v v0x27b50d0_0, 1, 1;
    %set/v v0x27b5150_0, 1, 1;
    %delay 5, 0;
    %set/v v0x27b50d0_0, 1, 1;
    %set/v v0x27b5150_0, 1, 1;
    %delay 5, 0;
    %set/v v0x27b5050_0, 0, 1;
    %set/v v0x27b52e0_0, 0, 1;
    %set/v v0x27b50d0_0, 0, 1;
    %set/v v0x27b5150_0, 0, 1;
    %delay 5, 0;
    %set/v v0x27b50d0_0, 0, 1;
    %set/v v0x27b5150_0, 1, 1;
    %delay 5, 0;
    %set/v v0x27b50d0_0, 1, 1;
    %set/v v0x27b5150_0, 0, 1;
    %delay 5, 0;
    %set/v v0x27b50d0_0, 1, 1;
    %set/v v0x27b5150_0, 1, 1;
    %delay 5, 0;
    %set/v v0x27b50d0_0, 1, 1;
    %set/v v0x27b5150_0, 1, 1;
    %delay 5, 0;
    %set/v v0x27b5050_0, 0, 1;
    %set/v v0x27b52e0_0, 1, 1;
    %set/v v0x27b50d0_0, 0, 1;
    %set/v v0x27b5150_0, 0, 1;
    %delay 5, 0;
    %set/v v0x27b50d0_0, 0, 1;
    %set/v v0x27b5150_0, 1, 1;
    %delay 5, 0;
    %set/v v0x27b50d0_0, 1, 1;
    %set/v v0x27b5150_0, 0, 1;
    %delay 5, 0;
    %set/v v0x27b50d0_0, 1, 1;
    %set/v v0x27b5150_0, 1, 1;
    %delay 5, 0;
    %set/v v0x27b50d0_0, 1, 1;
    %set/v v0x27b5150_0, 1, 1;
    %delay 5, 0;
    %set/v v0x27b50d0_0, 1, 1;
    %set/v v0x27b5150_0, 1, 1;
    %end;
    .thread T_0;
# The file index is used to find the file name in the following table.
:file_names 3;
    "N/A";
    "<interactive>";
    "jkmaster.v";
