#! /usr/bin/vvp
:ivl_version "0.9.7 " "(v0_9_7)";
:vpi_time_precision + 0;
:vpi_module "system";
:vpi_module "v2005_math";
:vpi_module "va_math";
S_0x1fb2a20 .scope module, "tb_full_adder" "tb_full_adder" 2 14;
 .timescale 0 0;
v0x20095c0_0 .var "a", 2 0;
v0x2009660_0 .var "b", 2 0;
v0x2009710_0 .var "cin", 2 0;
v0x20097c0_0 .net "cout", 2 0, L_0x2009e10; 1 drivers
v0x20098a0_0 .net "sum", 2 0, L_0x2009a80; 1 drivers
S_0x1f9f510 .scope module, "Fa" "full_adder" 2 23, 2 1, S_0x1fb2a20;
 .timescale 0 0;
L_0x2009950 .functor XOR 3, v0x20095c0_0, v0x2009660_0, C4<000>, C4<000>;
L_0x2009a80 .functor XOR 3, L_0x2009950, v0x2009710_0, C4<000>, C4<000>;
L_0x2009bd0 .functor AND 3, v0x20095c0_0, v0x2009660_0, C4<111>, C4<111>;
L_0x2009c30 .functor XOR 3, v0x20095c0_0, v0x2009660_0, C4<000>, C4<000>;
L_0x2009db0 .functor AND 3, v0x2009710_0, L_0x2009c30, C4<111>, C4<111>;
L_0x2009e10 .functor OR 3, L_0x2009bd0, L_0x2009db0, C4<000>, C4<000>;
v0x1fb1ee0_0 .net *"_s0", 2 0, L_0x2009950; 1 drivers
v0x2009020_0 .net *"_s4", 2 0, L_0x2009bd0; 1 drivers
v0x20090c0_0 .net *"_s6", 2 0, L_0x2009c30; 1 drivers
v0x2009160_0 .net *"_s8", 2 0, L_0x2009db0; 1 drivers
v0x2009210_0 .net "a", 2 0, v0x20095c0_0; 1 drivers
v0x20092b0_0 .net "b", 2 0, v0x2009660_0; 1 drivers
v0x2009390_0 .net "cin", 2 0, v0x2009710_0; 1 drivers
v0x2009430_0 .alias "cout", 2 0, v0x20097c0_0;
v0x2009520_0 .alias "sum", 2 0, v0x20098a0_0;
    .scope S_0x1fb2a20;
T_0 ;
    %vpi_call 2 27 "$monitor", "a = %b ,b= %b , sum = %b , carry = %b ", v0x20095c0_0, v0x2009660_0, v0x20098a0_0, v0x20097c0_0;
    %vpi_call 2 28 "$dumpfile", "fulladder.vcd";
    %vpi_call 2 29 "$dumpvars";
    %set/v v0x20095c0_0, 0, 3;
    %set/v v0x2009660_0, 0, 3;
    %set/v v0x2009710_0, 0, 3;
    %delay 5, 0;
    %set/v v0x20095c0_0, 0, 3;
    %movi 8, 1, 3;
    %set/v v0x2009660_0, 8, 3;
    %set/v v0x2009710_0, 0, 3;
    %delay 5, 0;
    %set/v v0x20095c0_0, 0, 3;
    %movi 8, 2, 3;
    %set/v v0x2009660_0, 8, 3;
    %set/v v0x2009710_0, 0, 3;
    %delay 5, 0;
    %set/v v0x20095c0_0, 0, 3;
    %movi 8, 3, 3;
    %set/v v0x2009660_0, 8, 3;
    %set/v v0x2009710_0, 0, 3;
    %delay 5, 0;
    %set/v v0x20095c0_0, 0, 3;
    %movi 8, 4, 3;
    %set/v v0x2009660_0, 8, 3;
    %set/v v0x2009710_0, 0, 3;
    %delay 5, 0;
    %set/v v0x20095c0_0, 0, 3;
    %movi 8, 5, 3;
    %set/v v0x2009660_0, 8, 3;
    %set/v v0x2009710_0, 0, 3;
    %delay 5, 0;
    %set/v v0x20095c0_0, 0, 3;
    %movi 8, 6, 3;
    %set/v v0x2009660_0, 8, 3;
    %set/v v0x2009710_0, 0, 3;
    %delay 5, 0;
    %set/v v0x20095c0_0, 0, 3;
    %set/v v0x2009660_0, 1, 3;
    %set/v v0x2009710_0, 0, 3;
    %delay 5, 0;
    %movi 8, 1, 3;
    %set/v v0x20095c0_0, 8, 3;
    %set/v v0x2009660_0, 0, 3;
    %set/v v0x2009710_0, 0, 3;
    %delay 5, 0;
    %movi 8, 1, 3;
    %set/v v0x20095c0_0, 8, 3;
    %movi 8, 1, 3;
    %set/v v0x2009660_0, 8, 3;
    %set/v v0x2009710_0, 0, 3;
    %delay 5, 0;
    %movi 8, 1, 3;
    %set/v v0x20095c0_0, 8, 3;
    %movi 8, 2, 3;
    %set/v v0x2009660_0, 8, 3;
    %set/v v0x2009710_0, 0, 3;
    %delay 5, 0;
    %movi 8, 1, 3;
    %set/v v0x20095c0_0, 8, 3;
    %movi 8, 3, 3;
    %set/v v0x2009660_0, 8, 3;
    %set/v v0x2009710_0, 0, 3;
    %delay 5, 0;
    %movi 8, 1, 3;
    %set/v v0x20095c0_0, 8, 3;
    %movi 8, 4, 3;
    %set/v v0x2009660_0, 8, 3;
    %set/v v0x2009710_0, 0, 3;
    %delay 5, 0;
    %movi 8, 1, 3;
    %set/v v0x20095c0_0, 8, 3;
    %movi 8, 5, 3;
    %set/v v0x2009660_0, 8, 3;
    %set/v v0x2009710_0, 0, 3;
    %delay 5, 0;
    %movi 8, 1, 3;
    %set/v v0x20095c0_0, 8, 3;
    %movi 8, 6, 3;
    %set/v v0x2009660_0, 8, 3;
    %set/v v0x2009710_0, 0, 3;
    %delay 5, 0;
    %movi 8, 1, 3;
    %set/v v0x20095c0_0, 8, 3;
    %set/v v0x2009660_0, 1, 3;
    %set/v v0x2009710_0, 0, 3;
    %delay 5, 0;
    %movi 8, 2, 3;
    %set/v v0x20095c0_0, 8, 3;
    %set/v v0x2009660_0, 0, 3;
    %set/v v0x2009710_0, 0, 3;
    %delay 5, 0;
    %movi 8, 2, 3;
    %set/v v0x20095c0_0, 8, 3;
    %movi 8, 1, 3;
    %set/v v0x2009660_0, 8, 3;
    %set/v v0x2009710_0, 0, 3;
    %delay 5, 0;
    %movi 8, 2, 3;
    %set/v v0x20095c0_0, 8, 3;
    %movi 8, 2, 3;
    %set/v v0x2009660_0, 8, 3;
    %set/v v0x2009710_0, 0, 3;
    %delay 5, 0;
    %movi 8, 2, 3;
    %set/v v0x20095c0_0, 8, 3;
    %movi 8, 3, 3;
    %set/v v0x2009660_0, 8, 3;
    %set/v v0x2009710_0, 0, 3;
    %delay 5, 0;
    %movi 8, 2, 3;
    %set/v v0x20095c0_0, 8, 3;
    %movi 8, 4, 3;
    %set/v v0x2009660_0, 8, 3;
    %set/v v0x2009710_0, 0, 3;
    %delay 5, 0;
    %movi 8, 2, 3;
    %set/v v0x20095c0_0, 8, 3;
    %movi 8, 5, 3;
    %set/v v0x2009660_0, 8, 3;
    %set/v v0x2009710_0, 0, 3;
    %delay 5, 0;
    %movi 8, 2, 3;
    %set/v v0x20095c0_0, 8, 3;
    %movi 8, 6, 3;
    %set/v v0x2009660_0, 8, 3;
    %set/v v0x2009710_0, 0, 3;
    %delay 5, 0;
    %movi 8, 2, 3;
    %set/v v0x20095c0_0, 8, 3;
    %set/v v0x2009660_0, 1, 3;
    %set/v v0x2009710_0, 0, 3;
    %delay 5, 0;
    %movi 8, 3, 3;
    %set/v v0x20095c0_0, 8, 3;
    %set/v v0x2009660_0, 0, 3;
    %set/v v0x2009710_0, 0, 3;
    %delay 5, 0;
    %movi 8, 3, 3;
    %set/v v0x20095c0_0, 8, 3;
    %movi 8, 1, 3;
    %set/v v0x2009660_0, 8, 3;
    %set/v v0x2009710_0, 0, 3;
    %delay 5, 0;
    %movi 8, 3, 3;
    %set/v v0x20095c0_0, 8, 3;
    %movi 8, 2, 3;
    %set/v v0x2009660_0, 8, 3;
    %set/v v0x2009710_0, 0, 3;
    %delay 5, 0;
    %movi 8, 3, 3;
    %set/v v0x20095c0_0, 8, 3;
    %movi 8, 3, 3;
    %set/v v0x2009660_0, 8, 3;
    %set/v v0x2009710_0, 0, 3;
    %delay 5, 0;
    %movi 8, 3, 3;
    %set/v v0x20095c0_0, 8, 3;
    %movi 8, 4, 3;
    %set/v v0x2009660_0, 8, 3;
    %set/v v0x2009710_0, 0, 3;
    %delay 5, 0;
    %movi 8, 3, 3;
    %set/v v0x20095c0_0, 8, 3;
    %movi 8, 5, 3;
    %set/v v0x2009660_0, 8, 3;
    %set/v v0x2009710_0, 0, 3;
    %delay 5, 0;
    %movi 8, 3, 3;
    %set/v v0x20095c0_0, 8, 3;
    %movi 8, 6, 3;
    %set/v v0x2009660_0, 8, 3;
    %set/v v0x2009710_0, 0, 3;
    %delay 5, 0;
    %movi 8, 3, 3;
    %set/v v0x20095c0_0, 8, 3;
    %set/v v0x2009660_0, 1, 3;
    %set/v v0x2009710_0, 0, 3;
    %delay 5, 0;
    %movi 8, 4, 3;
    %set/v v0x20095c0_0, 8, 3;
    %set/v v0x2009660_0, 0, 3;
    %set/v v0x2009710_0, 0, 3;
    %delay 5, 0;
    %movi 8, 4, 3;
    %set/v v0x20095c0_0, 8, 3;
    %movi 11, 1, 3;
    %set/v v0x2009660_0, 11, 3;
    %set/v v0x2009710_0, 0, 3;
    %delay 5, 0;
    %movi 8, 4, 3;
    %set/v v0x20095c0_0, 8, 3;
    %movi 11, 2, 3;
    %set/v v0x2009660_0, 11, 3;
    %set/v v0x2009710_0, 0, 3;
    %delay 5, 0;
    %movi 8, 4, 3;
    %set/v v0x20095c0_0, 8, 3;
    %movi 11, 3, 3;
    %set/v v0x2009660_0, 11, 3;
    %set/v v0x2009710_0, 0, 3;
    %delay 5, 0;
    %movi 8, 4, 3;
    %set/v v0x20095c0_0, 8, 3;
    %movi 11, 4, 3;
    %set/v v0x2009660_0, 11, 3;
    %set/v v0x2009710_0, 0, 3;
    %delay 5, 0;
    %movi 8, 4, 3;
    %set/v v0x20095c0_0, 8, 3;
    %movi 11, 5, 3;
    %set/v v0x2009660_0, 11, 3;
    %set/v v0x2009710_0, 0, 3;
    %delay 5, 0;
    %movi 8, 4, 3;
    %set/v v0x20095c0_0, 8, 3;
    %movi 11, 6, 3;
    %set/v v0x2009660_0, 11, 3;
    %set/v v0x2009710_0, 0, 3;
    %delay 5, 0;
    %movi 8, 4, 3;
    %set/v v0x20095c0_0, 8, 3;
    %set/v v0x2009660_0, 1, 3;
    %set/v v0x2009710_0, 0, 3;
    %delay 5, 0;
    %movi 8, 5, 3;
    %set/v v0x20095c0_0, 8, 3;
    %set/v v0x2009660_0, 0, 3;
    %set/v v0x2009710_0, 0, 3;
    %delay 5, 0;
    %movi 8, 5, 3;
    %set/v v0x20095c0_0, 8, 3;
    %movi 11, 1, 3;
    %set/v v0x2009660_0, 11, 3;
    %set/v v0x2009710_0, 0, 3;
    %delay 5, 0;
    %movi 8, 5, 3;
    %set/v v0x20095c0_0, 8, 3;
    %movi 11, 2, 3;
    %set/v v0x2009660_0, 11, 3;
    %set/v v0x2009710_0, 0, 3;
    %delay 5, 0;
    %movi 8, 5, 3;
    %set/v v0x20095c0_0, 8, 3;
    %movi 11, 3, 3;
    %set/v v0x2009660_0, 11, 3;
    %set/v v0x2009710_0, 0, 3;
    %delay 5, 0;
    %movi 8, 5, 3;
    %set/v v0x20095c0_0, 8, 3;
    %movi 11, 4, 3;
    %set/v v0x2009660_0, 11, 3;
    %set/v v0x2009710_0, 0, 3;
    %delay 5, 0;
    %movi 8, 5, 3;
    %set/v v0x20095c0_0, 8, 3;
    %movi 11, 5, 3;
    %set/v v0x2009660_0, 11, 3;
    %set/v v0x2009710_0, 0, 3;
    %delay 5, 0;
    %movi 8, 5, 3;
    %set/v v0x20095c0_0, 8, 3;
    %movi 11, 6, 3;
    %set/v v0x2009660_0, 11, 3;
    %set/v v0x2009710_0, 0, 3;
    %delay 5, 0;
    %movi 8, 5, 3;
    %set/v v0x20095c0_0, 8, 3;
    %set/v v0x2009660_0, 1, 3;
    %set/v v0x2009710_0, 0, 3;
    %delay 5, 0;
    %movi 8, 6, 3;
    %set/v v0x20095c0_0, 8, 3;
    %set/v v0x2009660_0, 0, 3;
    %set/v v0x2009710_0, 0, 3;
    %delay 5, 0;
    %movi 8, 6, 3;
    %set/v v0x20095c0_0, 8, 3;
    %movi 11, 1, 3;
    %set/v v0x2009660_0, 11, 3;
    %set/v v0x2009710_0, 0, 3;
    %delay 5, 0;
    %movi 8, 6, 3;
    %set/v v0x20095c0_0, 8, 3;
    %movi 11, 2, 3;
    %set/v v0x2009660_0, 11, 3;
    %set/v v0x2009710_0, 0, 3;
    %delay 5, 0;
    %movi 8, 6, 3;
    %set/v v0x20095c0_0, 8, 3;
    %movi 11, 3, 3;
    %set/v v0x2009660_0, 11, 3;
    %set/v v0x2009710_0, 0, 3;
    %delay 5, 0;
    %movi 8, 6, 3;
    %set/v v0x20095c0_0, 8, 3;
    %movi 11, 4, 3;
    %set/v v0x2009660_0, 11, 3;
    %set/v v0x2009710_0, 0, 3;
    %delay 5, 0;
    %movi 8, 6, 3;
    %set/v v0x20095c0_0, 8, 3;
    %movi 11, 5, 3;
    %set/v v0x2009660_0, 11, 3;
    %set/v v0x2009710_0, 0, 3;
    %delay 5, 0;
    %movi 8, 6, 3;
    %set/v v0x20095c0_0, 8, 3;
    %movi 11, 6, 3;
    %set/v v0x2009660_0, 11, 3;
    %set/v v0x2009710_0, 0, 3;
    %delay 5, 0;
    %movi 8, 6, 3;
    %set/v v0x20095c0_0, 8, 3;
    %set/v v0x2009660_0, 1, 3;
    %set/v v0x2009710_0, 0, 3;
    %delay 5, 0;
    %set/v v0x20095c0_0, 1, 3;
    %set/v v0x2009660_0, 0, 3;
    %set/v v0x2009710_0, 0, 3;
    %delay 5, 0;
    %set/v v0x20095c0_0, 1, 3;
    %movi 8, 1, 3;
    %set/v v0x2009660_0, 8, 3;
    %set/v v0x2009710_0, 0, 3;
    %delay 5, 0;
    %set/v v0x20095c0_0, 1, 3;
    %movi 8, 2, 3;
    %set/v v0x2009660_0, 8, 3;
    %set/v v0x2009710_0, 0, 3;
    %delay 5, 0;
    %set/v v0x20095c0_0, 1, 3;
    %movi 8, 3, 3;
    %set/v v0x2009660_0, 8, 3;
    %set/v v0x2009710_0, 0, 3;
    %delay 5, 0;
    %set/v v0x20095c0_0, 1, 3;
    %movi 8, 4, 3;
    %set/v v0x2009660_0, 8, 3;
    %set/v v0x2009710_0, 0, 3;
    %delay 5, 0;
    %set/v v0x20095c0_0, 1, 3;
    %movi 8, 5, 3;
    %set/v v0x2009660_0, 8, 3;
    %set/v v0x2009710_0, 0, 3;
    %delay 5, 0;
    %set/v v0x20095c0_0, 1, 3;
    %movi 8, 6, 3;
    %set/v v0x2009660_0, 8, 3;
    %set/v v0x2009710_0, 0, 3;
    %delay 5, 0;
    %set/v v0x20095c0_0, 1, 3;
    %set/v v0x2009660_0, 1, 3;
    %set/v v0x2009710_0, 0, 3;
    %end;
    .thread T_0;
# The file index is used to find the file name in the following table.
:file_names 3;
    "N/A";
    "<interactive>";
    "fulladder.v";
