#! /usr/bin/vvp
:ivl_version "0.9.7 " "(v0_9_7)";
:vpi_time_precision + 0;
:vpi_module "system";
:vpi_module "v2005_math";
:vpi_module "va_math";
S_0xe14690 .scope module, "testbench" "testbench" 2 25;
 .timescale 0 0;
v0xe59ae0_0 .var "clk", 0 0;
v0xe59bb0_0 .net "count", 3 0, v0xe598f0_0; 1 drivers
v0xe59c60_0 .var "reset", 0 0;
S_0xe14780 .scope module, "f1" "mod9" 2 34, 2 1, S_0xe14690;
 .timescale 0 0;
v0xe13950_0 .net "clk", 0 0, v0xe59ae0_0; 1 drivers
v0xe598f0_0 .var "count", 3 0;
v0xe59990_0 .var "counter", 3 0;
v0xe59a30_0 .net "reset", 0 0, v0xe59c60_0; 1 drivers
E_0xe26660 .event posedge, v0xe13950_0;
    .scope S_0xe14780;
T_0 ;
    %wait E_0xe26660;
    %load/v 8, v0xe59a30_0, 1;
    %jmp/0xz  T_0.0, 8;
    %cassign/v v0xe59990_0, 0, 4;
    %jmp T_0.1;
T_0.0 ;
    %load/v 8, v0xe59990_0, 4;
    %cmpi/u 8, 8, 4;
    %jmp/0xz  T_0.2, 4;
    %cassign/v v0xe59990_0, 0, 4;
    %jmp T_0.3;
T_0.2 ;
    %ix/load 0, 1, 0;
    %load/vp0 8, v0xe59990_0, 4;
    %cassign/v v0xe59990_0, 8, 4;
T_0.3 ;
T_0.1 ;
    %load/v 12, v0xe59990_0, 4;
    %cassign/v v0xe598f0_0, 12, 4;
    %cassign/link v0xe598f0_0, v0xe59990_0;
    %jmp T_0;
    .thread T_0;
    .scope S_0xe14690;
T_1 ;
    %set/v v0xe59ae0_0, 0, 1;
    %end;
    .thread T_1;
    .scope S_0xe14690;
T_2 ;
    %delay 1, 0;
    %load/v 16, v0xe59ae0_0, 1;
    %inv 16, 1;
    %set/v v0xe59ae0_0, 16, 1;
    %jmp T_2;
    .thread T_2;
    .scope S_0xe14690;
T_3 ;
    %vpi_call 2 41 "$monitor", " count = %b", v0xe59bb0_0;
    %vpi_call 2 42 "$dumpfile", "mod9.vcd";
    %vpi_call 2 43 "$dumpvars";
    %set/v v0xe59c60_0, 0, 1;
    %delay 1, 0;
    %set/v v0xe59c60_0, 1, 1;
    %delay 1, 0;
    %set/v v0xe59c60_0, 0, 1;
    %delay 100, 0;
    %vpi_call 2 50 "$finish";
    %end;
    .thread T_3;
# The file index is used to find the file name in the following table.
:file_names 3;
    "N/A";
    "<interactive>";
    "mod9.v";
